L 03/02/2020 - 12:48:52: Log file started (file "logs\L0302007.log") (game "D:\Cs\Source\Counter-Strike Source\Counter-Strike Source\cstrike") (version "2433")
L 03/02/2020 - 12:48:52: World triggered "Round_Start"
L 03/02/2020 - 12:48:52: World triggered "Round_Start"
L 03/02/2020 - 12:48:54: "xlRubenslx<11><STEAM_ID_LAN><>" entered the game
L 03/02/2020 - 12:48:54: "ICK<8><STEAM_ID_LAN><>" entered the game
L 03/02/2020 - 12:48:54: "pirulito<5><STEAM_ID_LAN><>" entered the game
L 03/02/2020 - 12:48:55: "Pescotapa<6><STEAM_ID_LAN><>" entered the game
L 03/02/2020 - 12:48:55: "Mito<12><STEAM_ID_LAN><>" entered the game
L 03/02/2020 - 12:48:55: "Gohan<4><STEAM_ID_LAN><>" entered the game
L 03/02/2020 - 12:48:55: "xama na xinxa<7><STEAM_ID_LAN><>" entered the game
L 03/02/2020 - 12:48:55: "Imposto<9><STEAM_ID_LAN><>" entered the game
L 03/02/2020 - 12:48:58: "xlRubenslx<11><STEAM_ID_LAN><Unassigned>" joined team "CT"
L 03/02/2020 - 12:48:59: "xama na xinxa<7><STEAM_ID_LAN><Unassigned>" joined team "TERRORIST"
L 03/02/2020 - 12:48:59: World triggered "Game_Commencing"
L 03/02/2020 - 12:48:59: "Pescotapa<6><STEAM_ID_LAN><Unassigned>" joined team "CT"
L 03/02/2020 - 12:49:02: "xama na xinxa<7><STEAM_ID_LAN><TERRORIST>" triggered "Got_The_Bomb"
L 03/02/2020 - 12:49:02: World triggered "Round_Start"
L 03/02/2020 - 12:49:04: "pirulito<5><STEAM_ID_LAN><Unassigned>" joined team "TERRORIST"
L 03/02/2020 - 12:49:07: "Gohan<4><STEAM_ID_LAN><Unassigned>" joined team "TERRORIST"
L 03/02/2020 - 12:49:07: "ICK<8><STEAM_ID_LAN><Unassigned>" joined team "CT"
L 03/02/2020 - 12:49:15: "Mito<12><STEAM_ID_LAN><Unassigned>" joined team "CT"
L 03/02/2020 - 12:49:23: "Mito<12><STEAM_ID_LAN><CT>" attacked "xama na xinxa<7><STEAM_ID_LAN><TERRORIST>" with "usp" (damage "21") (damage_armor "0") (health "79") (armor "0") (hitgroup "chest")
L 03/02/2020 - 12:49:27: "Gohan<4><STEAM_ID_LAN><TERRORIST>" attacked "Pescotapa<6><STEAM_ID_LAN><CT>" with "glock" (damage "13") (damage_armor "0") (health "87") (armor "0") (hitgroup "chest")
L 03/02/2020 - 12:49:28: "Gohan<4><STEAM_ID_LAN><TERRORIST>" attacked "Pescotapa<6><STEAM_ID_LAN><CT>" with "glock" (damage "52") (damage_armor "0") (health "35") (armor "0") (hitgroup "head")
L 03/02/2020 - 12:49:28: "Mito<12><STEAM_ID_LAN><CT>" attacked "xama na xinxa<7><STEAM_ID_LAN><TERRORIST>" with "usp" (damage "25") (damage_armor "0") (health "54") (armor "0") (hitgroup "stomach")
L 03/02/2020 - 12:49:31: "Pescotapa<6><STEAM_ID_LAN><CT>" attacked "Gohan<4><STEAM_ID_LAN><TERRORIST>" with "usp" (damage "10") (damage_armor "5") (health "90") (armor "94") (hitgroup "chest")
L 03/02/2020 - 12:49:31: "Pescotapa<6><STEAM_ID_LAN><CT>" attacked "Gohan<4><STEAM_ID_LAN><TERRORIST>" with "usp" (damage "10") (damage_armor "5") (health "80") (armor "88") (hitgroup "chest")
L 03/02/2020 - 12:49:31: "Gohan<4><STEAM_ID_LAN><TERRORIST>" attacked "Pescotapa<6><STEAM_ID_LAN><CT>" with "glock" (damage "10") (damage_armor "0") (health "25") (armor "0") (hitgroup "right leg")
L 03/02/2020 - 12:49:31: "Pescotapa<6><STEAM_ID_LAN><CT>" attacked "Gohan<4><STEAM_ID_LAN><TERRORIST>" with "usp" (damage "10") (damage_armor "5") (health "70") (armor "82") (hitgroup "left arm")
L 03/02/2020 - 12:49:32: "Gohan<4><STEAM_ID_LAN><TERRORIST>" attacked "Pescotapa<6><STEAM_ID_LAN><CT>" with "glock" (damage "16") (damage_armor "0") (health "9") (armor "0") (hitgroup "stomach")
L 03/02/2020 - 12:49:32: "Gohan<4><STEAM_ID_LAN><TERRORIST>" attacked "Pescotapa<6><STEAM_ID_LAN><CT>" with "glock" (damage "17") (damage_armor "0") (health "0") (armor "0") (hitgroup "stomach")
L 03/02/2020 - 12:49:32: "Gohan<4><STEAM_ID_LAN><TERRORIST>" killed "Pescotapa<6><STEAM_ID_LAN><CT>" with "glock"
L 03/02/2020 - 12:49:33: "Mito<12><STEAM_ID_LAN><CT>" attacked "pirulito<5><STEAM_ID_LAN><TERRORIST>" with "usp" (damage "27") (damage_armor "0") (health "73") (armor "0") (hitgroup "chest")
L 03/02/2020 - 12:49:33: "Mito<12><STEAM_ID_LAN><CT>" attacked "pirulito<5><STEAM_ID_LAN><TERRORIST>" with "usp" (damage "27") (damage_armor "0") (health "46") (armor "0") (hitgroup "left arm")
L 03/02/2020 - 12:49:33: "xama na xinxa<7><STEAM_ID_LAN><TERRORIST>" attacked "Mito<12><STEAM_ID_LAN><CT>" with "glock" (damage "13") (damage_armor "0") (health "87") (armor "0") (hitgroup "left leg")
L 03/02/2020 - 12:49:33: "Mito<12><STEAM_ID_LAN><CT>" attacked "pirulito<5><STEAM_ID_LAN><TERRORIST>" with "usp" (damage "27") (damage_armor "0") (health "19") (armor "0") (hitgroup "left arm")
L 03/02/2020 - 12:49:33: "Mito<12><STEAM_ID_LAN><CT>" attacked "pirulito<5><STEAM_ID_LAN><TERRORIST>" with "usp" (damage "108") (damage_armor "0") (health "0") (armor "0") (hitgroup "head")
L 03/02/2020 - 12:49:33: "Mito<12><STEAM_ID_LAN><CT>" killed "pirulito<5><STEAM_ID_LAN><TERRORIST>" with "usp" (headshot)
L 03/02/2020 - 12:49:34: "xama na xinxa<7><STEAM_ID_LAN><TERRORIST>" attacked "Mito<12><STEAM_ID_LAN><CT>" with "glock" (damage "18") (damage_armor "0") (health "69") (armor "0") (hitgroup "left arm")
L 03/02/2020 - 12:49:38: "Mito<12><STEAM_ID_LAN><CT>" attacked "xama na xinxa<7><STEAM_ID_LAN><TERRORIST>" with "usp" (damage "26") (damage_armor "0") (health "28") (armor "0") (hitgroup "left arm")
L 03/02/2020 - 12:49:38: "Mito<12><STEAM_ID_LAN><CT>" attacked "xama na xinxa<7><STEAM_ID_LAN><TERRORIST>" with "usp" (damage "20") (damage_armor "0") (health "8") (armor "0") (hitgroup "right leg")
L 03/02/2020 - 12:49:39: "Mito<12><STEAM_ID_LAN><CT>" attacked "xama na xinxa<7><STEAM_ID_LAN><TERRORIST>" with "usp" (damage "20") (damage_armor "0") (health "0") (armor "0") (hitgroup "right leg")
L 03/02/2020 - 12:49:39: "xama na xinxa<7><STEAM_ID_LAN><TERRORIST>" triggered "Dropped_The_Bomb"
L 03/02/2020 - 12:49:39: "Mito<12><STEAM_ID_LAN><CT>" killed "xama na xinxa<7><STEAM_ID_LAN><TERRORIST>" with "usp"
L 03/02/2020 - 12:49:41: "xlRubenslx<11><STEAM_ID_LAN><CT>" attacked "ICK<8><STEAM_ID_LAN><CT>" with "usp" (damage "13") (damage_armor "0") (health "87") (armor "0") (hitgroup "stomach")
L 03/02/2020 - 12:49:42: "Gohan<4><STEAM_ID_LAN><TERRORIST>" attacked "Mito<12><STEAM_ID_LAN><CT>" with "glock" (damage "20") (damage_armor "0") (health "49") (armor "0") (hitgroup "right arm")
L 03/02/2020 - 12:49:42: "Gohan<4><STEAM_ID_LAN><TERRORIST>" attacked "Mito<12><STEAM_ID_LAN><CT>" with "glock" (damage "25") (damage_armor "0") (health "24") (armor "0") (hitgroup "stomach")
L 03/02/2020 - 12:49:43: "Gohan<4><STEAM_ID_LAN><TERRORIST>" attacked "Mito<12><STEAM_ID_LAN><CT>" with "glock" (damage "15") (damage_armor "0") (health "9") (armor "0") (hitgroup "left leg")
L 03/02/2020 - 12:49:43: "Mito<12><STEAM_ID_LAN><CT>" attacked "Gohan<4><STEAM_ID_LAN><TERRORIST>" with "usp" (damage "12") (damage_armor "6") (health "58") (armor "75") (hitgroup "right arm")
L 03/02/2020 - 12:49:43: "Mito<12><STEAM_ID_LAN><CT>" attacked "Gohan<4><STEAM_ID_LAN><TERRORIST>" with "usp" (damage "16") (damage_armor "8") (health "42") (armor "66") (hitgroup "stomach")
L 03/02/2020 - 12:49:44: "Gohan<4><STEAM_ID_LAN><TERRORIST>" attacked "Mito<12><STEAM_ID_LAN><CT>" with "glock" (damage "21") (damage_armor "0") (health "0") (armor "0") (hitgroup "left arm")
L 03/02/2020 - 12:49:44: "Gohan<4><STEAM_ID_LAN><TERRORIST>" killed "Mito<12><STEAM_ID_LAN><CT>" with "glock"
L 03/02/2020 - 12:49:46: "Gohan<4><STEAM_ID_LAN><TERRORIST>" triggered "Got_The_Bomb"
L 03/02/2020 - 12:49:51: "Gohan<4><STEAM_ID_LAN><TERRORIST>" triggered "Planted_The_Bomb"
L 03/02/2020 - 12:50:09: "Gohan<4><STEAM_ID_LAN><TERRORIST>" attacked "ICK<8><STEAM_ID_LAN><CT>" with "glock" (damage "19") (damage_armor "0") (health "68") (armor "0") (hitgroup "left arm")
L 03/02/2020 - 12:50:10: "Gohan<4><STEAM_ID_LAN><TERRORIST>" attacked "ICK<8><STEAM_ID_LAN><CT>" with "glock" (damage "19") (damage_armor "0") (health "49") (armor "0") (hitgroup "left arm")
L 03/02/2020 - 12:50:11: "Gohan<4><STEAM_ID_LAN><TERRORIST>" attacked "ICK<8><STEAM_ID_LAN><CT>" with "glock" (damage "25") (damage_armor "0") (health "24") (armor "0") (hitgroup "stomach")
L 03/02/2020 - 12:50:13: "ICK<8><STEAM_ID_LAN><CT>" attacked "Gohan<4><STEAM_ID_LAN><TERRORIST>" with "usp" (damage "14") (damage_armor "7") (health "28") (armor "58") (hitgroup "left arm")
L 03/02/2020 - 12:50:14: "ICK<8><STEAM_ID_LAN><CT>" attacked "Gohan<4><STEAM_ID_LAN><TERRORIST>" with "usp" (damage "14") (damage_armor "7") (health "14") (armor "50") (hitgroup "chest")
L 03/02/2020 - 12:50:15: "xlRubenslx<11><STEAM_ID_LAN><CT>" attacked "Gohan<4><STEAM_ID_LAN><TERRORIST>" with "usp" (damage "69") (damage_armor "0") (health "0") (armor "50") (hitgroup "head")
L 03/02/2020 - 12:50:15: "xlRubenslx<11><STEAM_ID_LAN><CT>" killed "Gohan<4><STEAM_ID_LAN><TERRORIST>" with "usp" (headshot)
L 03/02/2020 - 12:50:20: "ICK<8><STEAM_ID_LAN><CT>" triggered "Begin_Bomb_Defuse_With_Kit"
L 03/02/2020 - 12:50:26: "ICK<8><STEAM_ID_LAN><CT>" triggered "Defused_The_Bomb"
L 03/02/2020 - 12:50:26: Team "CT" triggered "Bomb_Defused" (CT "1") (T "0")
L 03/02/2020 - 12:50:26: Team "CT" scored "1" with "4" players
L 03/02/2020 - 12:50:26: Team "TERRORIST" scored "0" with "3" players
L 03/02/2020 - 12:50:26: World triggered "Round_End"
L 03/02/2020 - 12:50:31: "pirulito<5><STEAM_ID_LAN><TERRORIST>" triggered "Got_The_Bomb"
L 03/02/2020 - 12:50:31: "pirulito<5><STEAM_ID_LAN><TERRORIST>" say_team "vamos juntos"
L 03/02/2020 - 12:50:31: World triggered "Round_Start"
L 03/02/2020 - 12:50:47: "ICK<8><STEAM_ID_LAN><CT>" attacked "pirulito<5><STEAM_ID_LAN><TERRORIST>" with "m4a1" (damage "125") (damage_armor "0") (health "0") (armor "0") (hitgroup "head")
L 03/02/2020 - 12:50:47: "pirulito<5><STEAM_ID_LAN><TERRORIST>" triggered "Dropped_The_Bomb"
L 03/02/2020 - 12:50:47: "ICK<8><STEAM_ID_LAN><CT>" killed "pirulito<5><STEAM_ID_LAN><TERRORIST>" with "m4a1" (headshot)
L 03/02/2020 - 12:50:51: "ICK<8><STEAM_ID_LAN><CT>" attacked "xama na xinxa<7><STEAM_ID_LAN><TERRORIST>" with "m4a1" (damage "23") (damage_armor "0") (health "77") (armor "0") (hitgroup "left leg")
L 03/02/2020 - 12:50:51: "Gohan<4><STEAM_ID_LAN><TERRORIST>" attacked "ICK<8><STEAM_ID_LAN><CT>" with "mp5navy" (damage "18") (damage_armor "0") (health "82") (armor "0") (hitgroup "left arm")
L 03/02/2020 - 12:50:52: "Gohan<4><STEAM_ID_LAN><TERRORIST>" attacked "ICK<8><STEAM_ID_LAN><CT>" with "mp5navy" (damage "18") (damage_armor "0") (health "64") (armor "0") (hitgroup "right arm")
L 03/02/2020 - 12:50:54: "xama na xinxa<7><STEAM_ID_LAN><TERRORIST>" triggered "Got_The_Bomb"
L 03/02/2020 - 12:50:56: "Gohan<4><STEAM_ID_LAN><TERRORIST>" attacked "ICK<8><STEAM_ID_LAN><CT>" with "mp5navy" (damage "25") (damage_armor "0") (health "39") (armor "0") (hitgroup "stomach")
L 03/02/2020 - 12:50:58: "ICK<8><STEAM_ID_LAN><CT>" attacked "xama na xinxa<7><STEAM_ID_LAN><TERRORIST>" with "m4a1" (damage "32") (damage_armor "0") (health "45") (armor "0") (hitgroup "chest")
L 03/02/2020 - 12:51:00: "xama na xinxa<7><STEAM_ID_LAN><TERRORIST>" attacked "ICK<8><STEAM_ID_LAN><CT>" with "ak47" (damage "6") (damage_armor "0") (health "33") (armor "0") (hitgroup "right leg")
L 03/02/2020 - 12:51:02: "ICK<8><STEAM_ID_LAN><CT>" attacked "Gohan<4><STEAM_ID_LAN><TERRORIST>" with "usp" (damage "15") (damage_armor "7") (health "85") (armor "92") (hitgroup "left arm")
L 03/02/2020 - 12:51:03: "ICK<8><STEAM_ID_LAN><CT>" attacked "Gohan<4><STEAM_ID_LAN><TERRORIST>" with "usp" (damage "127") (damage_armor "0") (health "0") (armor "92") (hitgroup "head")
L 03/02/2020 - 12:51:03: "ICK<8><STEAM_ID_LAN><CT>" killed "Gohan<4><STEAM_ID_LAN><TERRORIST>" with "usp" (headshot)
L 03/02/2020 - 12:51:03: "Mito<12><STEAM_ID_LAN><CT>" attacked "xama na xinxa<7><STEAM_ID_LAN><TERRORIST>" with "usp" (damage "15") (damage_armor "0") (health "30") (armor "0") (hitgroup "left arm")
L 03/02/2020 - 12:51:04: "xama na xinxa<7><STEAM_ID_LAN><TERRORIST>" attacked "Mito<12><STEAM_ID_LAN><CT>" with "ak47" (damage "34") (damage_armor "0") (health "66") (armor "0") (hitgroup "chest")
L 03/02/2020 - 12:51:04: "xama na xinxa<7><STEAM_ID_LAN><TERRORIST>" attacked "Mito<12><STEAM_ID_LAN><CT>" with "ak47" (damage "34") (damage_armor "0") (health "32") (armor "0") (hitgroup "left arm")
L 03/02/2020 - 12:51:04: "Mito<12><STEAM_ID_LAN><CT>" attacked "xama na xinxa<7><STEAM_ID_LAN><TERRORIST>" with "usp" (damage "19") (damage_armor "0") (health "11") (armor "0") (hitgroup "stomach")
L 03/02/2020 - 12:51:05: "xama na xinxa<7><STEAM_ID_LAN><TERRORIST>" attacked "Mito<12><STEAM_ID_LAN><CT>" with "ak47" (damage "42") (damage_armor "0") (health "0") (armor "0") (hitgroup "stomach")
L 03/02/2020 - 12:51:05: "xama na xinxa<7><STEAM_ID_LAN><TERRORIST>" killed "Mito<12><STEAM_ID_LAN><CT>" with "ak47"
L 03/02/2020 - 12:51:09: "Pescotapa<6><STEAM_ID_LAN><CT>" attacked "xama na xinxa<7><STEAM_ID_LAN><TERRORIST>" with "m4a1" (damage "30") (damage_armor "0") (health "0") (armor "0") (hitgroup "right arm")
L 03/02/2020 - 12:51:09: "xama na xinxa<7><STEAM_ID_LAN><TERRORIST>" triggered "Dropped_The_Bomb"
L 03/02/2020 - 12:51:09: "Pescotapa<6><STEAM_ID_LAN><CT>" killed "xama na xinxa<7><STEAM_ID_LAN><TERRORIST>" with "m4a1"
L 03/02/2020 - 12:51:09: Team "CT" triggered "CTs_Win" (CT "2") (T "0")
L 03/02/2020 - 12:51:09: Team "CT" scored "2" with "4" players
L 03/02/2020 - 12:51:09: Team "TERRORIST" scored "0" with "3" players
L 03/02/2020 - 12:51:09: World triggered "Round_End"
L 03/02/2020 - 12:51:14: "Gohan<4><STEAM_ID_LAN><TERRORIST>" triggered "Got_The_Bomb"
L 03/02/2020 - 12:51:14: World triggered "Round_Start"
L 03/02/2020 - 12:51:33: "xlRubenslx<11><STEAM_ID_LAN><CT>" attacked "Gohan<4><STEAM_ID_LAN><TERRORIST>" with "m4a1" (damage "27") (damage_armor "5") (health "73") (armor "94") (hitgroup "stomach")
L 03/02/2020 - 12:51:33: "Gohan<4><STEAM_ID_LAN><TERRORIST>" attacked "xlRubenslx<11><STEAM_ID_LAN><CT>" with "glock" (damage "10") (damage_armor "4") (health "90") (armor "95") (hitgroup "stomach")
L 03/02/2020 - 12:51:33: "Mito<12><STEAM_ID_LAN><CT>" attacked "Pescotapa<6><STEAM_ID_LAN><CT>" with "m4a1" (damage "31") (damage_armor "6") (health "69") (armor "93") (hitgroup "head")
L 03/02/2020 - 12:51:33: "xlRubenslx<11><STEAM_ID_LAN><CT>" attacked "Gohan<4><STEAM_ID_LAN><TERRORIST>" with "m4a1" (damage "126") (damage_armor "0") (health "0") (armor "94") (hitgroup "head")
L 03/02/2020 - 12:51:33: "Gohan<4><STEAM_ID_LAN><TERRORIST>" triggered "Dropped_The_Bomb"
L 03/02/2020 - 12:51:33: "xlRubenslx<11><STEAM_ID_LAN><CT>" killed "Gohan<4><STEAM_ID_LAN><TERRORIST>" with "m4a1" (headshot)
L 03/02/2020 - 12:51:38: "pirulito<5><STEAM_ID_LAN><TERRORIST>" attacked "xlRubenslx<11><STEAM_ID_LAN><CT>" with "galil" (damage "23") (damage_armor "3") (health "67") (armor "91") (hitgroup "right arm")
L 03/02/2020 - 12:51:38: "pirulito<5><STEAM_ID_LAN><TERRORIST>" attacked "xlRubenslx<11><STEAM_ID_LAN><CT>" with "galil" (damage "92") (damage_armor "13") (health "0") (armor "77") (hitgroup "head")
L 03/02/2020 - 12:51:38: "pirulito<5><STEAM_ID_LAN><TERRORIST>" killed "xlRubenslx<11><STEAM_ID_LAN><CT>" with "galil" (headshot)
L 03/02/2020 - 12:51:39: "ICK<8><STEAM_ID_LAN><CT>" attacked "Pescotapa<6><STEAM_ID_LAN><CT>" with "ak47" (damage "8") (damage_armor "0") (health "61") (armor "93") (hitgroup "right leg")
L 03/02/2020 - 12:51:50: "Mito<12><STEAM_ID_LAN><CT>" attacked "xama na xinxa<7><STEAM_ID_LAN><TERRORIST>" with "m4a1" (damage "20") (damage_armor "4") (health "80") (armor "95") (hitgroup "left arm")
L 03/02/2020 - 12:51:51: "Mito<12><STEAM_ID_LAN><CT>" attacked "xama na xinxa<7><STEAM_ID_LAN><TERRORIST>" with "m4a1" (damage "83") (damage_armor "17") (health "0") (armor "77") (hitgroup "head")
L 03/02/2020 - 12:51:51: "Mito<12><STEAM_ID_LAN><CT>" killed "xama na xinxa<7><STEAM_ID_LAN><TERRORIST>" with "m4a1" (headshot)
L 03/02/2020 - 12:51:52: "pirulito<5><STEAM_ID_LAN><TERRORIST>" attacked "ICK<8><STEAM_ID_LAN><CT>" with "hegrenade" (damage "21") (damage_armor "0") (health "79") (armor "100") (hitgroup "generic")
L 03/02/2020 - 12:51:54: "pirulito<5><STEAM_ID_LAN><TERRORIST>" attacked "Pescotapa<6><STEAM_ID_LAN><CT>" with "m4a1" (damage "22") (damage_armor "4") (health "39") (armor "88") (hitgroup "left arm")
L 03/02/2020 - 12:51:54: "pirulito<5><STEAM_ID_LAN><TERRORIST>" attacked "Pescotapa<6><STEAM_ID_LAN><CT>" with "m4a1" (damage "91") (damage_armor "19") (health "0") (armor "68") (hitgroup "head")
L 03/02/2020 - 12:51:54: "pirulito<5><STEAM_ID_LAN><TERRORIST>" killed "Pescotapa<6><STEAM_ID_LAN><CT>" with "m4a1" (headshot)
L 03/02/2020 - 12:52:03: "ICK<8><STEAM_ID_LAN><CT>" attacked "pirulito<5><STEAM_ID_LAN><TERRORIST>" with "ak47" (damage "25") (damage_armor "0") (health "75") (armor "0") (hitgroup "left leg")
L 03/02/2020 - 12:52:04: "ICK<8><STEAM_ID_LAN><CT>" attacked "pirulito<5><STEAM_ID_LAN><TERRORIST>" with "ak47" (damage "25") (damage_armor "0") (health "50") (armor "0") (hitgroup "left leg")
L 03/02/2020 - 12:52:19: "ICK<8><STEAM_ID_LAN><CT>" attacked "Mito<12><STEAM_ID_LAN><CT>" with "hegrenade" (damage "40") (damage_armor "5") (health "60") (armor "94") (hitgroup "generic")
L 03/02/2020 - 12:52:29: "Mito<12><STEAM_ID_LAN><CT>" attacked "pirulito<5><STEAM_ID_LAN><TERRORIST>" with "m4a1" (damage "32") (damage_armor "0") (health "18") (armor "0") (hitgroup "chest")
L 03/02/2020 - 12:52:29: "pirulito<5><STEAM_ID_LAN><TERRORIST>" attacked "Mito<12><STEAM_ID_LAN><CT>" with "m4a1" (damage "92") (damage_armor "19") (health "0") (armor "74") (hitgroup "head")
L 03/02/2020 - 12:52:29: "pirulito<5><STEAM_ID_LAN><TERRORIST>" killed "Mito<12><STEAM_ID_LAN><CT>" with "m4a1" (headshot)
L 03/02/2020 - 12:52:59: "pirulito<5><STEAM_ID_LAN><TERRORIST>" triggered "Got_The_Bomb"
L 03/02/2020 - 12:53:00: "ICK<8><STEAM_ID_LAN><CT>" attacked "pirulito<5><STEAM_ID_LAN><TERRORIST>" with "ak47" (damage "35") (damage_armor "0") (health "0") (armor "0") (hitgroup "left arm")
L 03/02/2020 - 12:53:00: "pirulito<5><STEAM_ID_LAN><TERRORIST>" triggered "Dropped_The_Bomb"
L 03/02/2020 - 12:53:00: "ICK<8><STEAM_ID_LAN><CT>" killed "pirulito<5><STEAM_ID_LAN><TERRORIST>" with "ak47"
L 03/02/2020 - 12:53:00: Team "CT" triggered "CTs_Win" (CT "3") (T "0")
L 03/02/2020 - 12:53:00: Team "CT" scored "3" with "4" players
L 03/02/2020 - 12:53:00: Team "TERRORIST" scored "0" with "3" players
L 03/02/2020 - 12:53:00: World triggered "Round_End"
L 03/02/2020 - 12:53:05: "xama na xinxa<7><STEAM_ID_LAN><TERRORIST>" triggered "Got_The_Bomb"
L 03/02/2020 - 12:53:05: World triggered "Round_Start"
L 03/02/2020 - 12:53:19: "Pescotapa<6><STEAM_ID_LAN><CT>" attacked "pirulito<5><STEAM_ID_LAN><TERRORIST>" with "m4a1" (damage "31") (damage_armor "0") (health "69") (armor "0") (hitgroup "left arm")
L 03/02/2020 - 12:53:20: "Pescotapa<6><STEAM_ID_LAN><CT>" attacked "pirulito<5><STEAM_ID_LAN><TERRORIST>" with "m4a1" (damage "126") (damage_armor "0") (health "0") (armor "0") (hitgroup "head")
L 03/02/2020 - 12:53:20: "Pescotapa<6><STEAM_ID_LAN><CT>" killed "pirulito<5><STEAM_ID_LAN><TERRORIST>" with "m4a1" (headshot)
L 03/02/2020 - 12:53:20: "Gohan<4><STEAM_ID_LAN><TERRORIST>" attacked "ICK<8><STEAM_ID_LAN><CT>" with "ak47" (damage "26") (damage_armor "3") (health "74") (armor "96") (hitgroup "left arm")
L 03/02/2020 - 12:53:21: "ICK<8><STEAM_ID_LAN><CT>" attacked "Gohan<4><STEAM_ID_LAN><TERRORIST>" with "hegrenade" (damage "70") (damage_armor "0") (health "30") (armor "100") (hitgroup "generic")
L 03/02/2020 - 12:53:24: "ICK<8><STEAM_ID_LAN><CT>" attacked "xama na xinxa<7><STEAM_ID_LAN><TERRORIST>" with "ak47" (damage "140") (damage_armor "0") (health "0") (armor "0") (hitgroup "head")
L 03/02/2020 - 12:53:24: "xama na xinxa<7><STEAM_ID_LAN><TERRORIST>" triggered "Dropped_The_Bomb"
L 03/02/2020 - 12:53:24: "ICK<8><STEAM_ID_LAN><CT>" killed "xama na xinxa<7><STEAM_ID_LAN><TERRORIST>" with "ak47" (headshot)
L 03/02/2020 - 12:53:25: "Mito<12><STEAM_ID_LAN><CT>" attacked "Gohan<4><STEAM_ID_LAN><TERRORIST>" with "m4a1" (damage "22") (damage_armor "4") (health "8") (armor "95") (hitgroup "right arm")
L 03/02/2020 - 12:53:25: "Mito<12><STEAM_ID_LAN><CT>" attacked "Gohan<4><STEAM_ID_LAN><TERRORIST>" with "m4a1" (damage "22") (damage_armor "4") (health "0") (armor "90") (hitgroup "right arm")
L 03/02/2020 - 12:53:25: "Mito<12><STEAM_ID_LAN><CT>" killed "Gohan<4><STEAM_ID_LAN><TERRORIST>" with "m4a1"
L 03/02/2020 - 12:53:25: Team "CT" triggered "CTs_Win" (CT "4") (T "0")
L 03/02/2020 - 12:53:25: Team "CT" scored "4" with "4" players
L 03/02/2020 - 12:53:25: Team "TERRORIST" scored "0" with "3" players
L 03/02/2020 - 12:53:25: World triggered "Round_End"
L 03/02/2020 - 12:53:30: "pirulito<5><STEAM_ID_LAN><TERRORIST>" triggered "Got_The_Bomb"
L 03/02/2020 - 12:53:30: World triggered "Round_Start"
L 03/02/2020 - 12:53:48: "Pescotapa<6><STEAM_ID_LAN><CT>" attacked "pirulito<5><STEAM_ID_LAN><TERRORIST>" with "m4a1" (damage "31") (damage_armor "0") (health "69") (armor "0") (hitgroup "right arm")
L 03/02/2020 - 12:53:49: "Pescotapa<6><STEAM_ID_LAN><CT>" attacked "pirulito<5><STEAM_ID_LAN><TERRORIST>" with "m4a1" (damage "31") (damage_armor "0") (health "38") (armor "0") (hitgroup "chest")
L 03/02/2020 - 12:53:49: "Pescotapa<6><STEAM_ID_LAN><CT>" attacked "pirulito<5><STEAM_ID_LAN><TERRORIST>" with "m4a1" (damage "31") (damage_armor "0") (health "7") (armor "0") (hitgroup "left arm")
L 03/02/2020 - 12:53:50: "Pescotapa<6><STEAM_ID_LAN><CT>" attacked "pirulito<5><STEAM_ID_LAN><TERRORIST>" with "m4a1" (damage "31") (damage_armor "0") (health "0") (armor "0") (hitgroup "right arm")
L 03/02/2020 - 12:53:50: "pirulito<5><STEAM_ID_LAN><TERRORIST>" triggered "Dropped_The_Bomb"
L 03/02/2020 - 12:53:50: "Pescotapa<6><STEAM_ID_LAN><CT>" killed "pirulito<5><STEAM_ID_LAN><TERRORIST>" with "m4a1"
L 03/02/2020 - 12:53:50: "Pescotapa<6><STEAM_ID_LAN><CT>" attacked "Gohan<4><STEAM_ID_LAN><TERRORIST>" with "m4a1" (damage "22") (damage_armor "4") (health "78") (armor "95") (hitgroup "left arm")
L 03/02/2020 - 12:53:51: "Gohan<4><STEAM_ID_LAN><TERRORIST>" triggered "Got_The_Bomb"
L 03/02/2020 - 12:53:51: "xama na xinxa<7><STEAM_ID_LAN><TERRORIST>" attacked "Pescotapa<6><STEAM_ID_LAN><CT>" with "ak47" (damage "27") (damage_armor "4") (health "73") (armor "95") (hitgroup "right arm")
L 03/02/2020 - 12:53:51: "xama na xinxa<7><STEAM_ID_LAN><TERRORIST>" attacked "Pescotapa<6><STEAM_ID_LAN><CT>" with "ak47" (damage "27") (damage_armor "4") (health "46") (armor "90") (hitgroup "right arm")
L 03/02/2020 - 12:53:51: "ICK<8><STEAM_ID_LAN><CT>" attacked "Gohan<4><STEAM_ID_LAN><TERRORIST>" with "hegrenade" (damage "36") (damage_armor "18") (health "42") (armor "76") (hitgroup "generic")
L 03/02/2020 - 12:53:52: "xama na xinxa<7><STEAM_ID_LAN><TERRORIST>" attacked "Pescotapa<6><STEAM_ID_LAN><CT>" with "ak47" (damage "26") (damage_armor "0") (health "20") (armor "90") (hitgroup "right leg")
L 03/02/2020 - 12:53:52: "xama na xinxa<7><STEAM_ID_LAN><TERRORIST>" attacked "Pescotapa<6><STEAM_ID_LAN><CT>" with "ak47" (damage "26") (damage_armor "0") (health "0") (armor "90") (hitgroup "left leg")
L 03/02/2020 - 12:53:52: "xama na xinxa<7><STEAM_ID_LAN><TERRORIST>" killed "Pescotapa<6><STEAM_ID_LAN><CT>" with "ak47"
L 03/02/2020 - 12:53:56: "Gohan<4><STEAM_ID_LAN><TERRORIST>" attacked "ICK<8><STEAM_ID_LAN><CT>" with "ak47" (damage "27") (damage_armor "4") (health "73") (armor "95") (hitgroup "left arm")
L 03/02/2020 - 12:53:56: "Gohan<4><STEAM_ID_LAN><TERRORIST>" attacked "ICK<8><STEAM_ID_LAN><CT>" with "ak47" (damage "111") (damage_armor "16") (health "0") (armor "78") (hitgroup "head")
L 03/02/2020 - 12:53:56: "Gohan<4><STEAM_ID_LAN><TERRORIST>" killed "ICK<8><STEAM_ID_LAN><CT>" with "ak47" (headshot)
L 03/02/2020 - 12:53:57: "Mito<12><STEAM_ID_LAN><CT>" attacked "Gohan<4><STEAM_ID_LAN><TERRORIST>" with "m4a1" (damage "22") (damage_armor "4") (health "20") (armor "71") (hitgroup "left arm")
L 03/02/2020 - 12:53:58: "Mito<12><STEAM_ID_LAN><CT>" attacked "Gohan<4><STEAM_ID_LAN><TERRORIST>" with "m4a1" (damage "22") (damage_armor "4") (health "0") (armor "66") (hitgroup "chest")
L 03/02/2020 - 12:53:58: "Gohan<4><STEAM_ID_LAN><TERRORIST>" triggered "Dropped_The_Bomb"
L 03/02/2020 - 12:53:58: "Mito<12><STEAM_ID_LAN><CT>" killed "Gohan<4><STEAM_ID_LAN><TERRORIST>" with "m4a1"
L 03/02/2020 - 12:54:01: "xama na xinxa<7><STEAM_ID_LAN><TERRORIST>" attacked "xlRubenslx<11><STEAM_ID_LAN><CT>" with "hegrenade" (damage "7") (damage_armor "1") (health "93") (armor "98") (hitgroup "generic")
L 03/02/2020 - 12:54:01: "xama na xinxa<7><STEAM_ID_LAN><TERRORIST>" attacked "xlRubenslx<11><STEAM_ID_LAN><CT>" with "m4a1" (damage "22") (damage_armor "4") (health "71") (armor "93") (hitgroup "right arm")
L 03/02/2020 - 12:54:01: "xama na xinxa<7><STEAM_ID_LAN><TERRORIST>" attacked "xlRubenslx<11><STEAM_ID_LAN><CT>" with "m4a1" (damage "28") (damage_armor "6") (health "43") (armor "86") (hitgroup "stomach")
L 03/02/2020 - 12:54:01: "xlRubenslx<11><STEAM_ID_LAN><CT>" attacked "xama na xinxa<7><STEAM_ID_LAN><TERRORIST>" with "m4a1" (damage "32") (damage_armor "0") (health "68") (armor "0") (hitgroup "left arm")
L 03/02/2020 - 12:54:01: "xama na xinxa<7><STEAM_ID_LAN><TERRORIST>" attacked "xlRubenslx<11><STEAM_ID_LAN><CT>" with "m4a1" (damage "24") (damage_armor "0") (health "19") (armor "86") (hitgroup "left leg")
L 03/02/2020 - 12:54:01: "xlRubenslx<11><STEAM_ID_LAN><CT>" attacked "xama na xinxa<7><STEAM_ID_LAN><TERRORIST>" with "m4a1" (damage "32") (damage_armor "0") (health "36") (armor "0") (hitgroup "right arm")
L 03/02/2020 - 12:54:01: "xama na xinxa<7><STEAM_ID_LAN><TERRORIST>" attacked "xlRubenslx<11><STEAM_ID_LAN><CT>" with "m4a1" (damage "24") (damage_armor "0") (health "0") (armor "86") (hitgroup "left leg")
L 03/02/2020 - 12:54:01: "xama na xinxa<7><STEAM_ID_LAN><TERRORIST>" killed "xlRubenslx<11><STEAM_ID_LAN><CT>" with "m4a1"
L 03/02/2020 - 12:54:09: "Mito<12><STEAM_ID_LAN><CT>" attacked "xama na xinxa<7><STEAM_ID_LAN><TERRORIST>" with "m4a1" (damage "23") (damage_armor "0") (health "13") (armor "0") (hitgroup "right leg")
L 03/02/2020 - 12:54:10: "xama na xinxa<7><STEAM_ID_LAN><TERRORIST>" attacked "Mito<12><STEAM_ID_LAN><CT>" with "m4a1" (damage "22") (damage_armor "4") (health "78") (armor "95") (hitgroup "right arm")
L 03/02/2020 - 12:54:10: "Mito<12><STEAM_ID_LAN><CT>" attacked "xama na xinxa<7><STEAM_ID_LAN><TERRORIST>" with "m4a1" (damage "31") (damage_armor "0") (health "0") (armor "0") (hitgroup "left arm")
L 03/02/2020 - 12:54:10: "Mito<12><STEAM_ID_LAN><CT>" killed "xama na xinxa<7><STEAM_ID_LAN><TERRORIST>" with "m4a1"
L 03/02/2020 - 12:54:10: Team "CT" triggered "CTs_Win" (CT "5") (T "0")
L 03/02/2020 - 12:54:10: Team "CT" scored "5" with "4" players
L 03/02/2020 - 12:54:10: Team "TERRORIST" scored "0" with "3" players
L 03/02/2020 - 12:54:10: World triggered "Round_End"
L 03/02/2020 - 12:54:16: "Gohan<4><STEAM_ID_LAN><TERRORIST>" triggered "Got_The_Bomb"
L 03/02/2020 - 12:54:16: World triggered "Round_Start"
L 03/02/2020 - 12:54:23: "ICK<8><STEAM_ID_LAN><CT>" attacked "Gohan<4><STEAM_ID_LAN><TERRORIST>" with "awp" (damage "106") (damage_armor "1") (health "0") (armor "98") (hitgroup "chest")
L 03/02/2020 - 12:54:23: "Gohan<4><STEAM_ID_LAN><TERRORIST>" triggered "Dropped_The_Bomb"
L 03/02/2020 - 12:54:23: "ICK<8><STEAM_ID_LAN><CT>" killed "Gohan<4><STEAM_ID_LAN><TERRORIST>" with "awp"
L 03/02/2020 - 12:54:25: "pirulito<5><STEAM_ID_LAN><TERRORIST>" attacked "ICK<8><STEAM_ID_LAN><CT>" with "ak47" (damage "25") (damage_armor "0") (health "75") (armor "0") (hitgroup "right leg")
L 03/02/2020 - 12:54:25: "pirulito<5><STEAM_ID_LAN><TERRORIST>" attacked "ICK<8><STEAM_ID_LAN><CT>" with "ak47" (damage "136") (damage_armor "0") (health "0") (armor "0") (hitgroup "head")
L 03/02/2020 - 12:54:25: "pirulito<5><STEAM_ID_LAN><TERRORIST>" killed "ICK<8><STEAM_ID_LAN><CT>" with "ak47" (headshot)
L 03/02/2020 - 12:54:26: "Pescotapa<6><STEAM_ID_LAN><CT>" attacked "pirulito<5><STEAM_ID_LAN><TERRORIST>" with "m4a1" (damage "89") (damage_armor "19") (health "11") (armor "80") (hitgroup "head")
L 03/02/2020 - 12:54:26: "Pescotapa<6><STEAM_ID_LAN><CT>" attacked "pirulito<5><STEAM_ID_LAN><TERRORIST>" with "m4a1" (damage "89") (damage_armor "19") (health "0") (armor "60") (hitgroup "head")
L 03/02/2020 - 12:54:26: "Pescotapa<6><STEAM_ID_LAN><CT>" killed "pirulito<5><STEAM_ID_LAN><TERRORIST>" with "m4a1" (headshot)
L 03/02/2020 - 12:54:30: "Mito<12><STEAM_ID_LAN><CT>" attacked "xama na xinxa<7><STEAM_ID_LAN><TERRORIST>" with "hegrenade" (damage "53") (damage_armor "0") (health "47") (armor "0") (hitgroup "generic")
L 03/02/2020 - 12:54:42: "xama na xinxa<7><STEAM_ID_LAN><TERRORIST>" triggered "Got_The_Bomb"
L 03/02/2020 - 12:54:43: "Pescotapa<6><STEAM_ID_LAN><CT>" attacked "xama na xinxa<7><STEAM_ID_LAN><TERRORIST>" with "m4a1" (damage "31") (damage_armor "0") (health "16") (armor "0") (hitgroup "chest")
L 03/02/2020 - 12:54:47: "Pescotapa<6><STEAM_ID_LAN><CT>" attacked "Mito<12><STEAM_ID_LAN><CT>" with "usp" (damage "6") (damage_armor "3") (health "94") (armor "96") (hitgroup "stomach")
L 03/02/2020 - 12:54:51: "Pescotapa<6><STEAM_ID_LAN><CT>" attacked "xama na xinxa<7><STEAM_ID_LAN><TERRORIST>" with "knife" (damage "65") (damage_armor "0") (health "0") (armor "0") (hitgroup "generic")
L 03/02/2020 - 12:54:51: "xama na xinxa<7><STEAM_ID_LAN><TERRORIST>" triggered "Dropped_The_Bomb"
L 03/02/2020 - 12:54:51: "Pescotapa<6><STEAM_ID_LAN><CT>" killed "xama na xinxa<7><STEAM_ID_LAN><TERRORIST>" with "knife"
L 03/02/2020 - 12:54:51: Team "CT" triggered "CTs_Win" (CT "6") (T "0")
L 03/02/2020 - 12:54:51: Team "CT" scored "6" with "4" players
L 03/02/2020 - 12:54:51: Team "TERRORIST" scored "0" with "3" players
L 03/02/2020 - 12:54:51: World triggered "Round_End"
L 03/02/2020 - 12:54:54: "Mito<12><STEAM_ID_LAN><CT>" attacked "Pescotapa<6><STEAM_ID_LAN><CT>" with "m4a1" (damage "31") (damage_armor "6") (health "69") (armor "93") (hitgroup "head")
L 03/02/2020 - 12:54:54: "Mito<12><STEAM_ID_LAN><CT>" attacked "Pescotapa<6><STEAM_ID_LAN><CT>" with "m4a1" (damage "7") (damage_armor "1") (health "62") (armor "91") (hitgroup "right arm")
L 03/02/2020 - 12:54:54: "Mito<12><STEAM_ID_LAN><CT>" attacked "Pescotapa<6><STEAM_ID_LAN><CT>" with "m4a1" (damage "7") (damage_armor "1") (health "55") (armor "89") (hitgroup "chest")
L 03/02/2020 - 12:54:55: "Mito<12><STEAM_ID_LAN><CT>" attacked "Pescotapa<6><STEAM_ID_LAN><CT>" with "m4a1" (damage "7") (damage_armor "1") (health "48") (armor "87") (hitgroup "chest")
L 03/02/2020 - 12:54:55: "Mito<12><STEAM_ID_LAN><CT>" attacked "Pescotapa<6><STEAM_ID_LAN><CT>" with "m4a1" (damage "7") (damage_armor "1") (health "41") (armor "85") (hitgroup "left arm")
L 03/02/2020 - 12:54:55: "Mito<12><STEAM_ID_LAN><CT>" attacked "Pescotapa<6><STEAM_ID_LAN><CT>" with "m4a1" (damage "7") (damage_armor "1") (health "34") (armor "83") (hitgroup "left arm")
L 03/02/2020 - 12:54:55: "Mito<12><STEAM_ID_LAN><CT>" attacked "Pescotapa<6><STEAM_ID_LAN><CT>" with "m4a1" (damage "7") (damage_armor "1") (health "27") (armor "81") (hitgroup "left arm")
L 03/02/2020 - 12:54:55: "Mito<12><STEAM_ID_LAN><CT>" attacked "Pescotapa<6><STEAM_ID_LAN><CT>" with "m4a1" (damage "7") (damage_armor "1") (health "20") (armor "79") (hitgroup "left arm")
L 03/02/2020 - 12:54:55: "Mito<12><STEAM_ID_LAN><CT>" attacked "Pescotapa<6><STEAM_ID_LAN><CT>" with "m4a1" (damage "7") (damage_armor "1") (health "13") (armor "77") (hitgroup "chest")
L 03/02/2020 - 12:54:55: "Mito<12><STEAM_ID_LAN><CT>" attacked "Pescotapa<6><STEAM_ID_LAN><CT>" with "m4a1" (damage "7") (damage_armor "1") (health "6") (armor "75") (hitgroup "left arm")
L 03/02/2020 - 12:54:55: "Mito<12><STEAM_ID_LAN><CT>" attacked "Pescotapa<6><STEAM_ID_LAN><CT>" with "m4a1" (damage "7") (damage_armor "1") (health "0") (armor "73") (hitgroup "chest")
L 03/02/2020 - 12:54:55: "Mito<12><STEAM_ID_LAN><CT>" killed "Pescotapa<6><STEAM_ID_LAN><CT>" with "m4a1"
L 03/02/2020 - 12:54:56: "Mito<12><STEAM_ID_LAN><CT>" committed suicide with "world"
L 03/02/2020 - 12:54:56: "xama na xinxa<7><STEAM_ID_LAN><TERRORIST>" triggered "Got_The_Bomb"
L 03/02/2020 - 12:54:56: World triggered "Round_Start"
L 03/02/2020 - 12:55:10: "pirulito<5><STEAM_ID_LAN><TERRORIST>" attacked "ICK<8><STEAM_ID_LAN><CT>" with "ak47" (damage "108") (damage_armor "15") (health "0") (armor "84") (hitgroup "head")
L 03/02/2020 - 12:55:10: "pirulito<5><STEAM_ID_LAN><TERRORIST>" killed "ICK<8><STEAM_ID_LAN><CT>" with "ak47" (headshot)
L 03/02/2020 - 12:55:15: "xama na xinxa<7><STEAM_ID_LAN><TERRORIST>" attacked "Pescotapa<6><STEAM_ID_LAN><CT>" with "ak47" (damage "33") (damage_armor "4") (health "67") (armor "95") (hitgroup "stomach")
L 03/02/2020 - 12:55:15: "xama na xinxa<7><STEAM_ID_LAN><TERRORIST>" attacked "Pescotapa<6><STEAM_ID_LAN><CT>" with "ak47" (damage "16") (damage_armor "2") (health "51") (armor "92") (hitgroup "chest")
L 03/02/2020 - 12:55:22: "pirulito<5><STEAM_ID_LAN><TERRORIST>" attacked "xlRubenslx<11><STEAM_ID_LAN><CT>" with "m4a1" (damage "22") (damage_armor "4") (health "78") (armor "95") (hitgroup "left arm")
L 03/02/2020 - 12:55:22: "pirulito<5><STEAM_ID_LAN><TERRORIST>" attacked "xlRubenslx<11><STEAM_ID_LAN><CT>" with "m4a1" (damage "22") (damage_armor "4") (health "56") (armor "90") (hitgroup "left arm")
L 03/02/2020 - 12:55:22: "pirulito<5><STEAM_ID_LAN><TERRORIST>" attacked "xlRubenslx<11><STEAM_ID_LAN><CT>" with "m4a1" (damage "90") (damage_armor "19") (health "0") (armor "70") (hitgroup "head")
L 03/02/2020 - 12:55:22: "pirulito<5><STEAM_ID_LAN><TERRORIST>" killed "xlRubenslx<11><STEAM_ID_LAN><CT>" with "m4a1" (headshot)
L 03/02/2020 - 12:55:26: "xama na xinxa<7><STEAM_ID_LAN><TERRORIST>" attacked "Pescotapa<6><STEAM_ID_LAN><CT>" with "ak47" (damage "111") (damage_armor "16") (health "0") (armor "75") (hitgroup "head")
L 03/02/2020 - 12:55:26: "xama na xinxa<7><STEAM_ID_LAN><TERRORIST>" killed "Pescotapa<6><STEAM_ID_LAN><CT>" with "ak47" (headshot)
L 03/02/2020 - 12:55:26: Team "TERRORIST" triggered "Terrorists_Win" (CT "6") (T "1")
L 03/02/2020 - 12:55:26: Team "CT" scored "6" with "4" players
L 03/02/2020 - 12:55:26: Team "TERRORIST" scored "1" with "3" players
L 03/02/2020 - 12:55:26: World triggered "Round_End"
L 03/02/2020 - 12:55:27: "pirulito<5><STEAM_ID_LAN><TERRORIST>" attacked "xama na xinxa<7><STEAM_ID_LAN><TERRORIST>" with "m4a1" (damage "9") (damage_armor "2") (health "91") (armor "97") (hitgroup "stomach")
L 03/02/2020 - 12:55:27: "pirulito<5><STEAM_ID_LAN><TERRORIST>" attacked "xama na xinxa<7><STEAM_ID_LAN><TERRORIST>" with "m4a1" (damage "7") (damage_armor "1") (health "84") (armor "95") (hitgroup "chest")
L 03/02/2020 - 12:55:31: "pirulito<5><STEAM_ID_LAN><TERRORIST>" triggered "Got_The_Bomb"
L 03/02/2020 - 12:55:31: World triggered "Round_Start"
L 03/02/2020 - 12:55:43: "Gohan<4><STEAM_ID_LAN><TERRORIST>" attacked "Pescotapa<6><STEAM_ID_LAN><CT>" with "ak47" (damage "139") (damage_armor "0") (health "0") (armor "0") (hitgroup "head")
L 03/02/2020 - 12:55:43: "Gohan<4><STEAM_ID_LAN><TERRORIST>" killed "Pescotapa<6><STEAM_ID_LAN><CT>" with "ak47" (headshot)
L 03/02/2020 - 12:55:44: "pirulito<5><STEAM_ID_LAN><TERRORIST>" attacked "Mito<12><STEAM_ID_LAN><CT>" with "hegrenade" (damage "18") (damage_armor "3") (health "82") (armor "96") (hitgroup "generic")
L 03/02/2020 - 12:55:48: "xlRubenslx<11><STEAM_ID_LAN><CT>" attacked "xama na xinxa<7><STEAM_ID_LAN><TERRORIST>" with "m4a1" (damage "92") (damage_armor "19") (health "8") (armor "80") (hitgroup "head")
L 03/02/2020 - 12:55:48: "xlRubenslx<11><STEAM_ID_LAN><CT>" attacked "xama na xinxa<7><STEAM_ID_LAN><TERRORIST>" with "m4a1" (damage "92") (damage_armor "19") (health "0") (armor "60") (hitgroup "head")
L 03/02/2020 - 12:55:48: "xlRubenslx<11><STEAM_ID_LAN><CT>" killed "xama na xinxa<7><STEAM_ID_LAN><TERRORIST>" with "m4a1" (headshot)
L 03/02/2020 - 12:55:48: "Gohan<4><STEAM_ID_LAN><TERRORIST>" attacked "xlRubenslx<11><STEAM_ID_LAN><CT>" with "ak47" (damage "34") (damage_armor "5") (health "66") (armor "94") (hitgroup "stomach")
L 03/02/2020 - 12:55:49: "Gohan<4><STEAM_ID_LAN><TERRORIST>" attacked "xlRubenslx<11><STEAM_ID_LAN><CT>" with "ak47" (damage "110") (damage_armor "16") (health "0") (armor "77") (hitgroup "head")
L 03/02/2020 - 12:55:49: "Gohan<4><STEAM_ID_LAN><TERRORIST>" killed "xlRubenslx<11><STEAM_ID_LAN><CT>" with "ak47" (headshot)
L 03/02/2020 - 12:55:51: "Mito<12><STEAM_ID_LAN><CT>" attacked "pirulito<5><STEAM_ID_LAN><TERRORIST>" with "m4a1" (damage "27") (damage_armor "5") (health "73") (armor "94") (hitgroup "stomach")
L 03/02/2020 - 12:55:51: "Mito<12><STEAM_ID_LAN><CT>" attacked "pirulito<5><STEAM_ID_LAN><TERRORIST>" with "m4a1" (damage "27") (damage_armor "5") (health "46") (armor "88") (hitgroup "stomach")
L 03/02/2020 - 12:55:51: "Mito<12><STEAM_ID_LAN><CT>" attacked "pirulito<5><STEAM_ID_LAN><TERRORIST>" with "m4a1" (damage "21") (damage_armor "4") (health "25") (armor "83") (hitgroup "chest")
L 03/02/2020 - 12:55:52: "pirulito<5><STEAM_ID_LAN><TERRORIST>" attacked "Mito<12><STEAM_ID_LAN><CT>" with "m4a1" (damage "89") (damage_armor "19") (health "0") (armor "76") (hitgroup "head")
L 03/02/2020 - 12:55:52: "pirulito<5><STEAM_ID_LAN><TERRORIST>" killed "Mito<12><STEAM_ID_LAN><CT>" with "m4a1" (headshot)
L 03/02/2020 - 12:56:08: "pirulito<5><STEAM_ID_LAN><TERRORIST>" triggered "Planted_The_Bomb"
L 03/02/2020 - 12:56:13: "pirulito<5><STEAM_ID_LAN><TERRORIST>" attacked "Gohan<4><STEAM_ID_LAN><TERRORIST>" with "m4a1" (damage "43") (damage_armor "0") (health "57") (armor "100") (hitgroup "head")
L 03/02/2020 - 12:56:14: "pirulito<5><STEAM_ID_LAN><TERRORIST>" attacked "Gohan<4><STEAM_ID_LAN><TERRORIST>" with "m4a1" (damage "8") (damage_armor "0") (health "49") (armor "100") (hitgroup "left leg")
L 03/02/2020 - 12:56:23: "Gohan<4><STEAM_ID_LAN><TERRORIST>" attacked "ICK<8><STEAM_ID_LAN><CT>" with "ak47" (damage "26") (damage_armor "3") (health "74") (armor "96") (hitgroup "left arm")
L 03/02/2020 - 12:56:24: "pirulito<5><STEAM_ID_LAN><TERRORIST>" attacked "ICK<8><STEAM_ID_LAN><CT>" with "m4a1" (damage "8") (damage_armor "1") (health "66") (armor "94") (hitgroup "stomach")
L 03/02/2020 - 12:56:24: "pirulito<5><STEAM_ID_LAN><TERRORIST>" attacked "ICK<8><STEAM_ID_LAN><CT>" with "m4a1" (damage "26") (damage_armor "5") (health "40") (armor "88") (hitgroup "head")
L 03/02/2020 - 12:56:24: "Gohan<4><STEAM_ID_LAN><TERRORIST>" attacked "ICK<8><STEAM_ID_LAN><CT>" with "ak47" (damage "26") (damage_armor "3") (health "14") (armor "84") (hitgroup "right arm")
L 03/02/2020 - 12:56:25: "pirulito<5><STEAM_ID_LAN><TERRORIST>" attacked "ICK<8><STEAM_ID_LAN><CT>" with "m4a1" (damage "24") (damage_armor "0") (health "0") (armor "84") (hitgroup "left leg")
L 03/02/2020 - 12:56:25: "pirulito<5><STEAM_ID_LAN><TERRORIST>" killed "ICK<8><STEAM_ID_LAN><CT>" with "m4a1"
L 03/02/2020 - 12:56:25: Team "TERRORIST" triggered "Terrorists_Win" (CT "6") (T "2")
L 03/02/2020 - 12:56:25: Team "CT" scored "6" with "4" players
L 03/02/2020 - 12:56:25: Team "TERRORIST" scored "2" with "3" players
L 03/02/2020 - 12:56:25: World triggered "Round_End"
L 03/02/2020 - 12:56:30: "Gohan<4><STEAM_ID_LAN><TERRORIST>" triggered "Got_The_Bomb"
L 03/02/2020 - 12:56:30: World triggered "Round_Start"
L 03/02/2020 - 12:56:48: "Pescotapa<6><STEAM_ID_LAN><CT>" attacked "xama na xinxa<7><STEAM_ID_LAN><TERRORIST>" with "usp" (damage "29") (damage_armor "0") (health "71") (armor "0") (hitgroup "stomach")
L 03/02/2020 - 12:56:48: "Pescotapa<6><STEAM_ID_LAN><CT>" attacked "xama na xinxa<7><STEAM_ID_LAN><TERRORIST>" with "usp" (damage "29") (damage_armor "0") (health "42") (armor "0") (hitgroup "stomach")
L 03/02/2020 - 12:56:48: "Pescotapa<6><STEAM_ID_LAN><CT>" attacked "xama na xinxa<7><STEAM_ID_LAN><TERRORIST>" with "usp" (damage "29") (damage_armor "0") (health "13") (armor "0") (hitgroup "stomach")
L 03/02/2020 - 12:56:49: "Pescotapa<6><STEAM_ID_LAN><CT>" attacked "xama na xinxa<7><STEAM_ID_LAN><TERRORIST>" with "usp" (damage "23") (damage_armor "0") (health "0") (armor "0") (hitgroup "right arm")
L 03/02/2020 - 12:56:49: "Pescotapa<6><STEAM_ID_LAN><CT>" killed "xama na xinxa<7><STEAM_ID_LAN><TERRORIST>" with "usp"
L 03/02/2020 - 12:56:58: "Gohan<4><STEAM_ID_LAN><TERRORIST>" triggered "Planted_The_Bomb"
L 03/02/2020 - 12:57:10: "pirulito<5><STEAM_ID_LAN><TERRORIST>" attacked "xlRubenslx<11><STEAM_ID_LAN><CT>" with "m4a1" (damage "22") (damage_armor "0") (health "78") (armor "0") (hitgroup "left leg")
L 03/02/2020 - 12:57:12: "ICK<8><STEAM_ID_LAN><CT>" attacked "Pescotapa<6><STEAM_ID_LAN><CT>" with "famas" (damage "6") (damage_armor "1") (health "94") (armor "98") (hitgroup "right arm")
L 03/02/2020 - 12:57:12: "ICK<8><STEAM_ID_LAN><CT>" attacked "Pescotapa<6><STEAM_ID_LAN><CT>" with "famas" (damage "7") (damage_armor "0") (health "87") (armor "98") (hitgroup "right leg")
L 03/02/2020 - 12:57:12: "ICK<8><STEAM_ID_LAN><CT>" attacked "Pescotapa<6><STEAM_ID_LAN><CT>" with "famas" (damage "8") (damage_armor "1") (health "79") (armor "96") (hitgroup "stomach")
L 03/02/2020 - 12:57:13: "ICK<8><STEAM_ID_LAN><CT>" attacked "Pescotapa<6><STEAM_ID_LAN><CT>" with "famas" (damage "6") (damage_armor "1") (health "73") (armor "94") (hitgroup "right arm")
L 03/02/2020 - 12:57:13: "ICK<8><STEAM_ID_LAN><CT>" attacked "Pescotapa<6><STEAM_ID_LAN><CT>" with "famas" (damage "8") (damage_armor "1") (health "65") (armor "92") (hitgroup "stomach")
L 03/02/2020 - 12:57:14: "ICK<8><STEAM_ID_LAN><CT>" attacked "Pescotapa<6><STEAM_ID_LAN><CT>" with "famas" (damage "7") (damage_armor "0") (health "58") (armor "92") (hitgroup "left leg")
L 03/02/2020 - 12:57:15: "ICK<8><STEAM_ID_LAN><CT>" attacked "Pescotapa<6><STEAM_ID_LAN><CT>" with "famas" (damage "8") (damage_armor "1") (health "50") (armor "90") (hitgroup "stomach")
L 03/02/2020 - 12:57:17: "Gohan<4><STEAM_ID_LAN><TERRORIST>" attacked "Mito<12><STEAM_ID_LAN><CT>" with "ak47" (damage "25") (damage_armor "0") (health "75") (armor "100") (hitgroup "left leg")
L 03/02/2020 - 12:57:18: "Gohan<4><STEAM_ID_LAN><TERRORIST>" attacked "Mito<12><STEAM_ID_LAN><CT>" with "ak47" (damage "25") (damage_armor "0") (health "50") (armor "100") (hitgroup "left leg")
L 03/02/2020 - 12:57:18: "xlRubenslx<11><STEAM_ID_LAN><CT>" attacked "Gohan<4><STEAM_ID_LAN><TERRORIST>" with "famas" (damage "114") (damage_armor "0") (health "0") (armor "100") (hitgroup "head")
L 03/02/2020 - 12:57:18: "xlRubenslx<11><STEAM_ID_LAN><CT>" killed "Gohan<4><STEAM_ID_LAN><TERRORIST>" with "famas" (headshot)
L 03/02/2020 - 12:57:21: "xlRubenslx<11><STEAM_ID_LAN><CT>" triggered "Begin_Bomb_Defuse_With_Kit"
L 03/02/2020 - 12:57:23: "pirulito<5><STEAM_ID_LAN><TERRORIST>" attacked "xlRubenslx<11><STEAM_ID_LAN><CT>" with "m4a1" (damage "32") (damage_armor "0") (health "46") (armor "0") (hitgroup "chest")
L 03/02/2020 - 12:57:23: "ICK<8><STEAM_ID_LAN><CT>" attacked "Pescotapa<6><STEAM_ID_LAN><CT>" with "famas" (damage "6") (damage_armor "1") (health "44") (armor "88") (hitgroup "chest")
L 03/02/2020 - 12:57:24: "pirulito<5><STEAM_ID_LAN><TERRORIST>" attacked "xlRubenslx<11><STEAM_ID_LAN><CT>" with "m4a1" (damage "130") (damage_armor "0") (health "0") (armor "0") (hitgroup "head")
L 03/02/2020 - 12:57:24: "pirulito<5><STEAM_ID_LAN><TERRORIST>" killed "xlRubenslx<11><STEAM_ID_LAN><CT>" with "m4a1" (headshot)
L 03/02/2020 - 12:57:27: "pirulito<5><STEAM_ID_LAN><TERRORIST>" attacked "Mito<12><STEAM_ID_LAN><CT>" with "m4a1" (damage "22") (damage_armor "4") (health "28") (armor "95") (hitgroup "left arm")
L 03/02/2020 - 12:57:27: "Mito<12><STEAM_ID_LAN><CT>" attacked "pirulito<5><STEAM_ID_LAN><TERRORIST>" with "m4a1" (damage "21") (damage_armor "4") (health "79") (armor "95") (hitgroup "left arm")
L 03/02/2020 - 12:57:27: "pirulito<5><STEAM_ID_LAN><TERRORIST>" attacked "Mito<12><STEAM_ID_LAN><CT>" with "m4a1" (damage "88") (damage_armor "19") (health "0") (armor "75") (hitgroup "head")
L 03/02/2020 - 12:57:27: "pirulito<5><STEAM_ID_LAN><TERRORIST>" killed "Mito<12><STEAM_ID_LAN><CT>" with "m4a1" (headshot)
L 03/02/2020 - 12:57:32: "Pescotapa<6><STEAM_ID_LAN><CT>" attacked "pirulito<5><STEAM_ID_LAN><TERRORIST>" with "usp" (damage "13") (damage_armor "6") (health "66") (armor "88") (hitgroup "left arm")
L 03/02/2020 - 12:57:32: "Pescotapa<6><STEAM_ID_LAN><CT>" attacked "pirulito<5><STEAM_ID_LAN><TERRORIST>" with "usp" (damage "17") (damage_armor "8") (health "49") (armor "79") (hitgroup "stomach")
L 03/02/2020 - 12:57:33: "pirulito<5><STEAM_ID_LAN><TERRORIST>" attacked "Pescotapa<6><STEAM_ID_LAN><CT>" with "m4a1" (damage "22") (damage_armor "4") (health "22") (armor "83") (hitgroup "left arm")
L 03/02/2020 - 12:57:33: "pirulito<5><STEAM_ID_LAN><TERRORIST>" attacked "Pescotapa<6><STEAM_ID_LAN><CT>" with "m4a1" (damage "22") (damage_armor "4") (health "0") (armor "78") (hitgroup "left arm")
L 03/02/2020 - 12:57:33: "pirulito<5><STEAM_ID_LAN><TERRORIST>" killed "Pescotapa<6><STEAM_ID_LAN><CT>" with "m4a1"
L 03/02/2020 - 12:57:35: "pirulito<5><STEAM_ID_LAN><TERRORIST>" attacked "ICK<8><STEAM_ID_LAN><CT>" with "m4a1" (damage "40") (damage_armor "0") (health "60") (armor "0") (hitgroup "stomach")
L 03/02/2020 - 12:57:36: "pirulito<5><STEAM_ID_LAN><TERRORIST>" attacked "ICK<8><STEAM_ID_LAN><CT>" with "m4a1" (damage "128") (damage_armor "0") (health "0") (armor "0") (hitgroup "head")
L 03/02/2020 - 12:57:36: "pirulito<5><STEAM_ID_LAN><TERRORIST>" killed "ICK<8><STEAM_ID_LAN><CT>" with "m4a1" (headshot)
L 03/02/2020 - 12:57:36: Team "TERRORIST" triggered "Terrorists_Win" (CT "6") (T "3")
L 03/02/2020 - 12:57:36: Team "CT" scored "6" with "4" players
L 03/02/2020 - 12:57:36: Team "TERRORIST" scored "3" with "3" players
L 03/02/2020 - 12:57:36: World triggered "Round_End"
L 03/02/2020 - 12:57:41: "xama na xinxa<7><STEAM_ID_LAN><TERRORIST>" triggered "Got_The_Bomb"
L 03/02/2020 - 12:57:41: World triggered "Round_Start"
L 03/02/2020 - 12:57:50: "xama na xinxa<7><STEAM_ID_LAN><TERRORIST>" attacked "Mito<12><STEAM_ID_LAN><CT>" with "awp" (damage "428") (damage_armor "5") (health "0") (armor "94") (hitgroup "head")
L 03/02/2020 - 12:57:50: "xama na xinxa<7><STEAM_ID_LAN><TERRORIST>" killed "Mito<12><STEAM_ID_LAN><CT>" with "awp" (headshot)
L 03/02/2020 - 12:58:02: "Pescotapa<6><STEAM_ID_LAN><CT>" attacked "xlRubenslx<11><STEAM_ID_LAN><CT>" with "m4a1" (damage "11") (damage_armor "0") (health "89") (armor "0") (hitgroup "right arm")
L 03/02/2020 - 12:58:02: "Pescotapa<6><STEAM_ID_LAN><CT>" attacked "xlRubenslx<11><STEAM_ID_LAN><CT>" with "m4a1" (damage "11") (damage_armor "0") (health "78") (armor "0") (hitgroup "chest")
L 03/02/2020 - 12:58:14: "xama na xinxa<7><STEAM_ID_LAN><TERRORIST>" triggered "Planted_The_Bomb"
L 03/02/2020 - 12:58:14: "xlRubenslx<11><STEAM_ID_LAN><CT>" attacked "pirulito<5><STEAM_ID_LAN><TERRORIST>" with "famas" (damage "20") (damage_armor "4") (health "80") (armor "95") (hitgroup "left arm")
L 03/02/2020 - 12:58:14: "xlRubenslx<11><STEAM_ID_LAN><CT>" attacked "pirulito<5><STEAM_ID_LAN><TERRORIST>" with "famas" (damage "20") (damage_armor "4") (health "60") (armor "90") (hitgroup "chest")
L 03/02/2020 - 12:58:14: "pirulito<5><STEAM_ID_LAN><TERRORIST>" attacked "xlRubenslx<11><STEAM_ID_LAN><CT>" with "m4a1" (damage "130") (damage_armor "0") (health "0") (armor "0") (hitgroup "head")
L 03/02/2020 - 12:58:14: "pirulito<5><STEAM_ID_LAN><TERRORIST>" killed "xlRubenslx<11><STEAM_ID_LAN><CT>" with "m4a1" (headshot)
L 03/02/2020 - 12:58:15: "Pescotapa<6><STEAM_ID_LAN><CT>" attacked "pirulito<5><STEAM_ID_LAN><TERRORIST>" with "m4a1" (damage "24") (damage_armor "0") (health "36") (armor "90") (hitgroup "right leg")
L 03/02/2020 - 12:58:15: "Pescotapa<6><STEAM_ID_LAN><CT>" attacked "pirulito<5><STEAM_ID_LAN><TERRORIST>" with "m4a1" (damage "28") (damage_armor "6") (health "8") (armor "83") (hitgroup "stomach")
L 03/02/2020 - 12:58:15: "Pescotapa<6><STEAM_ID_LAN><CT>" attacked "pirulito<5><STEAM_ID_LAN><TERRORIST>" with "m4a1" (damage "22") (damage_armor "4") (health "0") (armor "78") (hitgroup "chest")
L 03/02/2020 - 12:58:15: "Pescotapa<6><STEAM_ID_LAN><CT>" killed "pirulito<5><STEAM_ID_LAN><TERRORIST>" with "m4a1"
L 03/02/2020 - 12:58:20: "Pescotapa<6><STEAM_ID_LAN><CT>" attacked "xama na xinxa<7><STEAM_ID_LAN><TERRORIST>" with "m4a1" (damage "9") (damage_armor "0") (health "91") (armor "0") (hitgroup "chest")
L 03/02/2020 - 12:58:20: "Pescotapa<6><STEAM_ID_LAN><CT>" attacked "xama na xinxa<7><STEAM_ID_LAN><TERRORIST>" with "m4a1" (damage "31") (damage_armor "0") (health "60") (armor "0") (hitgroup "left arm")
L 03/02/2020 - 12:58:21: "Pescotapa<6><STEAM_ID_LAN><CT>" attacked "xama na xinxa<7><STEAM_ID_LAN><TERRORIST>" with "m4a1" (damage "31") (damage_armor "0") (health "29") (armor "0") (hitgroup "chest")
L 03/02/2020 - 12:58:21: "Pescotapa<6><STEAM_ID_LAN><CT>" attacked "xama na xinxa<7><STEAM_ID_LAN><TERRORIST>" with "m4a1" (damage "31") (damage_armor "0") (health "0") (armor "0") (hitgroup "chest")
L 03/02/2020 - 12:58:21: "Pescotapa<6><STEAM_ID_LAN><CT>" killed "xama na xinxa<7><STEAM_ID_LAN><TERRORIST>" with "m4a1"
L 03/02/2020 - 12:58:23: "ICK<8><STEAM_ID_LAN><CT>" attacked "Gohan<4><STEAM_ID_LAN><TERRORIST>" with "m4a1" (damage "27") (damage_armor "5") (health "73") (armor "94") (hitgroup "stomach")
L 03/02/2020 - 12:58:24: "ICK<8><STEAM_ID_LAN><CT>" attacked "Gohan<4><STEAM_ID_LAN><TERRORIST>" with "m4a1" (damage "22") (damage_armor "4") (health "51") (armor "89") (hitgroup "right arm")
L 03/02/2020 - 12:58:24: "ICK<8><STEAM_ID_LAN><CT>" attacked "Gohan<4><STEAM_ID_LAN><TERRORIST>" with "m4a1" (damage "27") (damage_armor "5") (health "24") (armor "83") (hitgroup "stomach")
L 03/02/2020 - 12:58:24: "Gohan<4><STEAM_ID_LAN><TERRORIST>" attacked "ICK<8><STEAM_ID_LAN><CT>" with "sg552" (damage "31") (damage_armor "0") (health "69") (armor "0") (hitgroup "left arm")
L 03/02/2020 - 12:58:24: "ICK<8><STEAM_ID_LAN><CT>" attacked "Gohan<4><STEAM_ID_LAN><TERRORIST>" with "m4a1" (damage "22") (damage_armor "4") (health "2") (armor "78") (hitgroup "left arm")
L 03/02/2020 - 12:58:24: "Gohan<4><STEAM_ID_LAN><TERRORIST>" attacked "ICK<8><STEAM_ID_LAN><CT>" with "sg552" (damage "39") (damage_armor "0") (health "30") (armor "0") (hitgroup "stomach")
L 03/02/2020 - 12:58:24: "ICK<8><STEAM_ID_LAN><CT>" attacked "Gohan<4><STEAM_ID_LAN><TERRORIST>" with "m4a1" (damage "22") (damage_armor "4") (health "0") (armor "73") (hitgroup "left arm")
L 03/02/2020 - 12:58:24: "ICK<8><STEAM_ID_LAN><CT>" killed "Gohan<4><STEAM_ID_LAN><TERRORIST>" with "m4a1"
L 03/02/2020 - 12:58:28: "Pescotapa<6><STEAM_ID_LAN><CT>" triggered "Begin_Bomb_Defuse_With_Kit"
L 03/02/2020 - 12:58:34: "Pescotapa<6><STEAM_ID_LAN><CT>" triggered "Defused_The_Bomb"
L 03/02/2020 - 12:58:34: Team "CT" triggered "Bomb_Defused" (CT "7") (T "3")
L 03/02/2020 - 12:58:34: Team "CT" scored "7" with "4" players
L 03/02/2020 - 12:58:34: Team "TERRORIST" scored "3" with "3" players
L 03/02/2020 - 12:58:34: World triggered "Round_End"
L 03/02/2020 - 12:58:39: "pirulito<5><STEAM_ID_LAN><TERRORIST>" triggered "Got_The_Bomb"
L 03/02/2020 - 12:58:39: World triggered "Round_Start"
L 03/02/2020 - 12:58:54: "xama na xinxa<7><STEAM_ID_LAN><TERRORIST>" attacked "Mito<12><STEAM_ID_LAN><CT>" with "ak47" (damage "27") (damage_armor "3") (health "73") (armor "96") (hitgroup "chest")
L 03/02/2020 - 12:58:56: "xama na xinxa<7><STEAM_ID_LAN><TERRORIST>" attacked "ICK<8><STEAM_ID_LAN><CT>" with "ak47" (damage "25") (damage_armor "0") (health "75") (armor "100") (hitgroup "left leg")
L 03/02/2020 - 12:58:56: "xama na xinxa<7><STEAM_ID_LAN><TERRORIST>" attacked "ICK<8><STEAM_ID_LAN><CT>" with "ak47" (damage "7") (damage_armor "1") (health "68") (armor "98") (hitgroup "left arm")
L 03/02/2020 - 12:58:57: "ICK<8><STEAM_ID_LAN><CT>" attacked "xama na xinxa<7><STEAM_ID_LAN><TERRORIST>" with "hegrenade" (damage "83") (damage_armor "0") (health "17") (armor "0") (hitgroup "generic")
L 03/02/2020 - 12:58:57: "ICK<8><STEAM_ID_LAN><CT>" attacked "pirulito<5><STEAM_ID_LAN><TERRORIST>" with "hegrenade" (damage "23") (damage_armor "5") (health "77") (armor "94") (hitgroup "generic")
L 03/02/2020 - 12:58:59: "Gohan<4><STEAM_ID_LAN><TERRORIST>" attacked "ICK<8><STEAM_ID_LAN><CT>" with "sg552" (damage "83") (damage_armor "17") (health "0") (armor "80") (hitgroup "head")
L 03/02/2020 - 12:58:59: "Gohan<4><STEAM_ID_LAN><TERRORIST>" killed "ICK<8><STEAM_ID_LAN><CT>" with "sg552" (headshot)
L 03/02/2020 - 12:59:06: "Gohan<4><STEAM_ID_LAN><TERRORIST>" attacked "Mito<12><STEAM_ID_LAN><CT>" with "hegrenade" (damage "77") (damage_armor "0") (health "0") (armor "96") (hitgroup "generic")
L 03/02/2020 - 12:59:06: "Gohan<4><STEAM_ID_LAN><TERRORIST>" killed "Mito<12><STEAM_ID_LAN><CT>" with "hegrenade"
L 03/02/2020 - 12:59:23: "pirulito<5><STEAM_ID_LAN><TERRORIST>" triggered "Planted_The_Bomb"
L 03/02/2020 - 12:59:30: "Pescotapa<6><STEAM_ID_LAN><CT>" attacked "pirulito<5><STEAM_ID_LAN><TERRORIST>" with "m4a1" (damage "21") (damage_armor "4") (health "56") (armor "89") (hitgroup "chest")
L 03/02/2020 - 12:59:30: "Pescotapa<6><STEAM_ID_LAN><CT>" attacked "pirulito<5><STEAM_ID_LAN><TERRORIST>" with "m4a1" (damage "21") (damage_armor "4") (health "35") (armor "84") (hitgroup "left arm")
L 03/02/2020 - 12:59:31: "Gohan<4><STEAM_ID_LAN><TERRORIST>" attacked "Pescotapa<6><STEAM_ID_LAN><CT>" with "sg552" (damage "20") (damage_armor "4") (health "80") (armor "95") (hitgroup "left arm")
L 03/02/2020 - 12:59:32: "Pescotapa<6><STEAM_ID_LAN><CT>" attacked "pirulito<5><STEAM_ID_LAN><TERRORIST>" with "m4a1" (damage "21") (damage_armor "4") (health "14") (armor "79") (hitgroup "left arm")
L 03/02/2020 - 12:59:32: "Gohan<4><STEAM_ID_LAN><TERRORIST>" attacked "Pescotapa<6><STEAM_ID_LAN><CT>" with "sg552" (damage "20") (damage_armor "4") (health "60") (armor "90") (hitgroup "left arm")
L 03/02/2020 - 12:59:32: "Gohan<4><STEAM_ID_LAN><TERRORIST>" attacked "Pescotapa<6><STEAM_ID_LAN><CT>" with "sg552" (damage "20") (damage_armor "4") (health "40") (armor "85") (hitgroup "chest")
L 03/02/2020 - 12:59:32: "Gohan<4><STEAM_ID_LAN><TERRORIST>" attacked "Pescotapa<6><STEAM_ID_LAN><CT>" with "sg552" (damage "25") (damage_armor "5") (health "15") (armor "79") (hitgroup "stomach")
L 03/02/2020 - 12:59:35: "Gohan<4><STEAM_ID_LAN><TERRORIST>" attacked "xlRubenslx<11><STEAM_ID_LAN><CT>" with "sg552" (damage "31") (damage_armor "0") (health "69") (armor "0") (hitgroup "left arm")
L 03/02/2020 - 12:59:35: "Gohan<4><STEAM_ID_LAN><TERRORIST>" attacked "xlRubenslx<11><STEAM_ID_LAN><CT>" with "sg552" (damage "31") (damage_armor "0") (health "38") (armor "0") (hitgroup "chest")
L 03/02/2020 - 12:59:35: "Gohan<4><STEAM_ID_LAN><TERRORIST>" attacked "xlRubenslx<11><STEAM_ID_LAN><CT>" with "sg552" (damage "31") (damage_armor "0") (health "7") (armor "0") (hitgroup "left arm")
L 03/02/2020 - 12:59:35: "xlRubenslx<11><STEAM_ID_LAN><CT>" attacked "Gohan<4><STEAM_ID_LAN><TERRORIST>" with "m4a1" (damage "28") (damage_armor "6") (health "72") (armor "93") (hitgroup "stomach")
L 03/02/2020 - 12:59:35: "Gohan<4><STEAM_ID_LAN><TERRORIST>" attacked "xlRubenslx<11><STEAM_ID_LAN><CT>" with "sg552" (damage "39") (damage_armor "0") (health "0") (armor "0") (hitgroup "stomach")
L 03/02/2020 - 12:59:35: "Gohan<4><STEAM_ID_LAN><TERRORIST>" killed "xlRubenslx<11><STEAM_ID_LAN><CT>" with "sg552"
L 03/02/2020 - 12:59:38: "Pescotapa<6><STEAM_ID_LAN><CT>" attacked "xama na xinxa<7><STEAM_ID_LAN><TERRORIST>" with "m4a1" (damage "32") (damage_armor "0") (health "0") (armor "0") (hitgroup "right arm")
L 03/02/2020 - 12:59:38: "Pescotapa<6><STEAM_ID_LAN><CT>" killed "xama na xinxa<7><STEAM_ID_LAN><TERRORIST>" with "m4a1"
L 03/02/2020 - 12:59:50: "Pescotapa<6><STEAM_ID_LAN><CT>" attacked "pirulito<5><STEAM_ID_LAN><TERRORIST>" with "m4a1" (damage "22") (damage_armor "4") (health "0") (armor "74") (hitgroup "left arm")
L 03/02/2020 - 12:59:50: "Pescotapa<6><STEAM_ID_LAN><CT>" killed "pirulito<5><STEAM_ID_LAN><TERRORIST>" with "m4a1"
L 03/02/2020 - 12:59:52: "Pescotapa<6><STEAM_ID_LAN><CT>" attacked "Gohan<4><STEAM_ID_LAN><TERRORIST>" with "m4a1" (damage "27") (damage_armor "5") (health "45") (armor "87") (hitgroup "stomach")
L 03/02/2020 - 12:59:52: "Pescotapa<6><STEAM_ID_LAN><CT>" attacked "Gohan<4><STEAM_ID_LAN><TERRORIST>" with "m4a1" (damage "22") (damage_armor "4") (health "23") (armor "82") (hitgroup "right arm")
L 03/02/2020 - 12:59:52: "Gohan<4><STEAM_ID_LAN><TERRORIST>" attacked "Pescotapa<6><STEAM_ID_LAN><CT>" with "sg552" (damage "23") (damage_armor "0") (health "0") (armor "79") (hitgroup "right leg")
L 03/02/2020 - 12:59:52: "Gohan<4><STEAM_ID_LAN><TERRORIST>" killed "Pescotapa<6><STEAM_ID_LAN><CT>" with "sg552"
L 03/02/2020 - 12:59:52: Team "TERRORIST" triggered "Terrorists_Win" (CT "7") (T "4")
L 03/02/2020 - 12:59:52: Team "CT" scored "7" with "4" players
L 03/02/2020 - 12:59:52: Team "TERRORIST" scored "4" with "3" players
L 03/02/2020 - 12:59:52: World triggered "Round_End"
L 03/02/2020 - 12:59:57: "Gohan<4><STEAM_ID_LAN><TERRORIST>" triggered "Got_The_Bomb"
L 03/02/2020 - 12:59:57: World triggered "Round_Start"
L 03/02/2020 - 13:00:14: "pirulito<5><STEAM_ID_LAN><TERRORIST>" attacked "ICK<8><STEAM_ID_LAN><CT>" with "ak47" (damage "34") (damage_armor "0") (health "66") (armor "0") (hitgroup "right arm")
L 03/02/2020 - 13:00:14: "pirulito<5><STEAM_ID_LAN><TERRORIST>" attacked "ICK<8><STEAM_ID_LAN><CT>" with "ak47" (damage "34") (damage_armor "0") (health "32") (armor "0") (hitgroup "right arm")
L 03/02/2020 - 13:00:14: "ICK<8><STEAM_ID_LAN><CT>" attacked "pirulito<5><STEAM_ID_LAN><TERRORIST>" with "m4a1" (damage "26") (damage_armor "5") (health "74") (armor "94") (hitgroup "stomach")
L 03/02/2020 - 13:00:15: "Mito<12><STEAM_ID_LAN><CT>" attacked "pirulito<5><STEAM_ID_LAN><TERRORIST>" with "usp" (damage "19") (damage_armor "0") (health "55") (armor "94") (hitgroup "right leg")
L 03/02/2020 - 13:00:15: "ICK<8><STEAM_ID_LAN><CT>" attacked "Gohan<4><STEAM_ID_LAN><TERRORIST>" with "m4a1" (damage "26") (damage_armor "5") (health "74") (armor "76") (hitgroup "stomach")
L 03/02/2020 - 13:00:15: "ICK<8><STEAM_ID_LAN><CT>" attacked "Gohan<4><STEAM_ID_LAN><TERRORIST>" with "m4a1" (damage "22") (damage_armor "0") (health "52") (armor "76") (hitgroup "right leg")
L 03/02/2020 - 13:00:15: "Mito<12><STEAM_ID_LAN><CT>" attacked "Gohan<4><STEAM_ID_LAN><TERRORIST>" with "usp" (damage "16") (damage_armor "0") (health "36") (armor "76") (hitgroup "right leg")
L 03/02/2020 - 13:00:15: "ICK<8><STEAM_ID_LAN><CT>" attacked "Gohan<4><STEAM_ID_LAN><TERRORIST>" with "m4a1" (damage "26") (damage_armor "5") (health "10") (armor "70") (hitgroup "stomach")
L 03/02/2020 - 13:00:16: "Gohan<4><STEAM_ID_LAN><TERRORIST>" attacked "Mito<12><STEAM_ID_LAN><CT>" with "sg552" (damage "21") (damage_armor "4") (health "79") (armor "95") (hitgroup "left arm")
L 03/02/2020 - 13:00:16: "Gohan<4><STEAM_ID_LAN><TERRORIST>" attacked "Mito<12><STEAM_ID_LAN><CT>" with "sg552" (damage "27") (damage_armor "5") (health "52") (armor "89") (hitgroup "stomach")
L 03/02/2020 - 13:00:16: "pirulito<5><STEAM_ID_LAN><TERRORIST>" attacked "Mito<12><STEAM_ID_LAN><CT>" with "ak47" (damage "27") (damage_armor "3") (health "25") (armor "85") (hitgroup "chest")
L 03/02/2020 - 13:00:16: "Gohan<4><STEAM_ID_LAN><TERRORIST>" attacked "Mito<12><STEAM_ID_LAN><CT>" with "sg552" (damage "27") (damage_armor "5") (health "0") (armor "79") (hitgroup "stomach")
L 03/02/2020 - 13:00:16: "Gohan<4><STEAM_ID_LAN><TERRORIST>" killed "Mito<12><STEAM_ID_LAN><CT>" with "sg552"
L 03/02/2020 - 13:00:16: "ICK<8><STEAM_ID_LAN><CT>" attacked "xama na xinxa<7><STEAM_ID_LAN><TERRORIST>" with "m4a1" (damage "37") (damage_armor "0") (health "63") (armor "0") (hitgroup "stomach")
L 03/02/2020 - 13:00:17: "ICK<8><STEAM_ID_LAN><CT>" attacked "Gohan<4><STEAM_ID_LAN><TERRORIST>" with "m4a1" (damage "119") (damage_armor "0") (health "0") (armor "70") (hitgroup "head")
L 03/02/2020 - 13:00:17: "Gohan<4><STEAM_ID_LAN><TERRORIST>" triggered "Dropped_The_Bomb"
L 03/02/2020 - 13:00:17: "ICK<8><STEAM_ID_LAN><CT>" killed "Gohan<4><STEAM_ID_LAN><TERRORIST>" with "m4a1" (headshot)
L 03/02/2020 - 13:00:17: "pirulito<5><STEAM_ID_LAN><TERRORIST>" triggered "Got_The_Bomb"
L 03/02/2020 - 13:00:30: "xama na xinxa<7><STEAM_ID_LAN><TERRORIST>" attacked "xlRubenslx<11><STEAM_ID_LAN><CT>" with "ak47" (damage "33") (damage_armor "4") (health "67") (armor "95") (hitgroup "stomach")
L 03/02/2020 - 13:00:30: "xama na xinxa<7><STEAM_ID_LAN><TERRORIST>" attacked "xlRubenslx<11><STEAM_ID_LAN><CT>" with "ak47" (damage "33") (damage_armor "4") (health "34") (armor "90") (hitgroup "stomach")
L 03/02/2020 - 13:00:30: "xama na xinxa<7><STEAM_ID_LAN><TERRORIST>" attacked "xlRubenslx<11><STEAM_ID_LAN><CT>" with "ak47" (damage "27") (damage_armor "3") (health "7") (armor "86") (hitgroup "left arm")
L 03/02/2020 - 13:00:30: "xama na xinxa<7><STEAM_ID_LAN><TERRORIST>" attacked "xlRubenslx<11><STEAM_ID_LAN><CT>" with "ak47" (damage "27") (damage_armor "3") (health "0") (armor "82") (hitgroup "left arm")
L 03/02/2020 - 13:00:30: "xama na xinxa<7><STEAM_ID_LAN><TERRORIST>" killed "xlRubenslx<11><STEAM_ID_LAN><CT>" with "ak47"
L 03/02/2020 - 13:00:36: "Pescotapa<6><STEAM_ID_LAN><CT>" attacked "ICK<8><STEAM_ID_LAN><CT>" with "m4a1" (damage "13") (damage_armor "0") (health "19") (armor "0") (hitgroup "stomach")
L 03/02/2020 - 13:00:45: "ICK<8><STEAM_ID_LAN><CT>" attacked "xama na xinxa<7><STEAM_ID_LAN><TERRORIST>" with "m4a1" (damage "24") (damage_armor "0") (health "39") (armor "0") (hitgroup "right leg")
L 03/02/2020 - 13:00:46: "ICK<8><STEAM_ID_LAN><CT>" attacked "xama na xinxa<7><STEAM_ID_LAN><TERRORIST>" with "m4a1" (damage "23") (damage_armor "0") (health "16") (armor "0") (hitgroup "left leg")
L 03/02/2020 - 13:00:47: "ICK<8><STEAM_ID_LAN><CT>" attacked "xama na xinxa<7><STEAM_ID_LAN><TERRORIST>" with "m4a1" (damage "31") (damage_armor "0") (health "0") (armor "0") (hitgroup "left arm")
L 03/02/2020 - 13:00:47: "ICK<8><STEAM_ID_LAN><CT>" killed "xama na xinxa<7><STEAM_ID_LAN><TERRORIST>" with "m4a1"
L 03/02/2020 - 13:00:55: "pirulito<5><STEAM_ID_LAN><TERRORIST>" triggered "Planted_The_Bomb"
L 03/02/2020 - 13:01:15: "pirulito<5><STEAM_ID_LAN><TERRORIST>" attacked "Pescotapa<6><STEAM_ID_LAN><CT>" with "ak47" (damage "27") (damage_armor "3") (health "73") (armor "96") (hitgroup "right arm")
L 03/02/2020 - 13:01:16: "pirulito<5><STEAM_ID_LAN><TERRORIST>" attacked "Pescotapa<6><STEAM_ID_LAN><CT>" with "ak47" (damage "109") (damage_armor "15") (health "0") (armor "80") (hitgroup "head")
L 03/02/2020 - 13:01:16: "pirulito<5><STEAM_ID_LAN><TERRORIST>" killed "Pescotapa<6><STEAM_ID_LAN><CT>" with "ak47" (headshot)
L 03/02/2020 - 13:01:18: "pirulito<5><STEAM_ID_LAN><TERRORIST>" attacked "ICK<8><STEAM_ID_LAN><CT>" with "ak47" (damage "34") (damage_armor "0") (health "0") (armor "0") (hitgroup "left arm")
L 03/02/2020 - 13:01:18: "pirulito<5><STEAM_ID_LAN><TERRORIST>" killed "ICK<8><STEAM_ID_LAN><CT>" with "ak47"
L 03/02/2020 - 13:01:18: Team "TERRORIST" triggered "Terrorists_Win" (CT "7") (T "5")
L 03/02/2020 - 13:01:18: Team "CT" scored "7" with "4" players
L 03/02/2020 - 13:01:18: Team "TERRORIST" scored "5" with "3" players
L 03/02/2020 - 13:01:18: World triggered "Round_End"
L 03/02/2020 - 13:01:23: "xama na xinxa<7><STEAM_ID_LAN><TERRORIST>" triggered "Got_The_Bomb"
L 03/02/2020 - 13:01:23: World triggered "Round_Start"
L 03/02/2020 - 13:01:37: "xlRubenslx<11><STEAM_ID_LAN><CT>" attacked "xama na xinxa<7><STEAM_ID_LAN><TERRORIST>" with "deagle" (damage "40") (damage_armor "0") (health "60") (armor "0") (hitgroup "right arm")
L 03/02/2020 - 13:01:41: "pirulito<5><STEAM_ID_LAN><TERRORIST>" attacked "xlRubenslx<11><STEAM_ID_LAN><CT>" with "hegrenade" (damage "19") (damage_armor "2") (health "81") (armor "97") (hitgroup "generic")
L 03/02/2020 - 13:01:49: "ICK<8><STEAM_ID_LAN><CT>" attacked "pirulito<5><STEAM_ID_LAN><TERRORIST>" with "famas" (damage "20") (damage_armor "4") (health "80") (armor "95") (hitgroup "right arm")
L 03/02/2020 - 13:01:49: "ICK<8><STEAM_ID_LAN><CT>" attacked "pirulito<5><STEAM_ID_LAN><TERRORIST>" with "famas" (damage "25") (damage_armor "5") (health "55") (armor "89") (hitgroup "stomach")
L 03/02/2020 - 13:01:50: "pirulito<5><STEAM_ID_LAN><TERRORIST>" attacked "ICK<8><STEAM_ID_LAN><CT>" with "ak47" (damage "83") (damage_armor "0") (health "17") (armor "0") (hitgroup "head")
L 03/02/2020 - 13:01:50: "Mito<12><STEAM_ID_LAN><CT>" attacked "pirulito<5><STEAM_ID_LAN><TERRORIST>" with "m4a1" (damage "22") (damage_armor "4") (health "33") (armor "84") (hitgroup "chest")
L 03/02/2020 - 13:01:51: "Mito<12><STEAM_ID_LAN><CT>" attacked "pirulito<5><STEAM_ID_LAN><TERRORIST>" with "m4a1" (damage "22") (damage_armor "4") (health "11") (armor "79") (hitgroup "left arm")
L 03/02/2020 - 13:01:51: "Gohan<4><STEAM_ID_LAN><TERRORIST>" attacked "Mito<12><STEAM_ID_LAN><CT>" with "ak47" (damage "27") (damage_armor "3") (health "73") (armor "96") (hitgroup "left arm")
L 03/02/2020 - 13:01:51: "ICK<8><STEAM_ID_LAN><CT>" attacked "xama na xinxa<7><STEAM_ID_LAN><TERRORIST>" with "famas" (damage "114") (damage_armor "0") (health "0") (armor "0") (hitgroup "head")
L 03/02/2020 - 13:01:51: "xama na xinxa<7><STEAM_ID_LAN><TERRORIST>" triggered "Dropped_The_Bomb"
L 03/02/2020 - 13:01:51: "ICK<8><STEAM_ID_LAN><CT>" killed "xama na xinxa<7><STEAM_ID_LAN><TERRORIST>" with "famas" (headshot)
L 03/02/2020 - 13:01:51: "ICK<8><STEAM_ID_LAN><CT>" attacked "pirulito<5><STEAM_ID_LAN><TERRORIST>" with "famas" (damage "20") (damage_armor "4") (health "0") (armor "74") (hitgroup "chest")
L 03/02/2020 - 13:01:51: "ICK<8><STEAM_ID_LAN><CT>" killed "pirulito<5><STEAM_ID_LAN><TERRORIST>" with "famas"
L 03/02/2020 - 13:01:51: "Gohan<4><STEAM_ID_LAN><TERRORIST>" attacked "Mito<12><STEAM_ID_LAN><CT>" with "ak47" (damage "64") (damage_armor "9") (health "9") (armor "86") (hitgroup "head")
L 03/02/2020 - 13:01:52: "Mito<12><STEAM_ID_LAN><CT>" attacked "Gohan<4><STEAM_ID_LAN><TERRORIST>" with "m4a1" (damage "14") (damage_armor "0") (health "86") (armor "100") (hitgroup "left leg")
L 03/02/2020 - 13:01:53: "Gohan<4><STEAM_ID_LAN><TERRORIST>" attacked "ICK<8><STEAM_ID_LAN><CT>" with "ak47" (damage "141") (damage_armor "0") (health "0") (armor "0") (hitgroup "head")
L 03/02/2020 - 13:01:53: "Gohan<4><STEAM_ID_LAN><TERRORIST>" killed "ICK<8><STEAM_ID_LAN><CT>" with "ak47" (headshot)
L 03/02/2020 - 13:01:54: "Mito<12><STEAM_ID_LAN><CT>" attacked "Gohan<4><STEAM_ID_LAN><TERRORIST>" with "usp" (damage "15") (damage_armor "7") (health "71") (armor "92") (hitgroup "chest")
L 03/02/2020 - 13:01:55: "Mito<12><STEAM_ID_LAN><CT>" attacked "Gohan<4><STEAM_ID_LAN><TERRORIST>" with "usp" (damage "15") (damage_armor "7") (health "56") (armor "84") (hitgroup "left arm")
L 03/02/2020 - 13:01:56: "Mito<12><STEAM_ID_LAN><CT>" attacked "Gohan<4><STEAM_ID_LAN><TERRORIST>" with "usp" (damage "15") (damage_armor "7") (health "41") (armor "76") (hitgroup "left arm")
L 03/02/2020 - 13:01:59: "xlRubenslx<11><STEAM_ID_LAN><CT>" attacked "Gohan<4><STEAM_ID_LAN><TERRORIST>" with "deagle" (damage "158") (damage_armor "0") (health "0") (armor "76") (hitgroup "head")
L 03/02/2020 - 13:01:59: "xlRubenslx<11><STEAM_ID_LAN><CT>" killed "Gohan<4><STEAM_ID_LAN><TERRORIST>" with "deagle" (headshot)
L 03/02/2020 - 13:01:59: Team "CT" triggered "CTs_Win" (CT "8") (T "5")
L 03/02/2020 - 13:01:59: Team "CT" scored "8" with "4" players
L 03/02/2020 - 13:01:59: Team "TERRORIST" scored "5" with "3" players
L 03/02/2020 - 13:01:59: World triggered "Round_End"
L 03/02/2020 - 13:02:04: "pirulito<5><STEAM_ID_LAN><TERRORIST>" triggered "Got_The_Bomb"
L 03/02/2020 - 13:02:04: World triggered "Round_Start"
L 03/02/2020 - 13:02:16: "ICK<8><STEAM_ID_LAN><CT>" attacked "pirulito<5><STEAM_ID_LAN><TERRORIST>" with "m4a1" (damage "6") (damage_armor "1") (health "94") (armor "98") (hitgroup "left arm")
L 03/02/2020 - 13:02:16: "ICK<8><STEAM_ID_LAN><CT>" attacked "pirulito<5><STEAM_ID_LAN><TERRORIST>" with "m4a1" (damage "6") (damage_armor "1") (health "88") (armor "96") (hitgroup "right arm")
L 03/02/2020 - 13:02:19: "xlRubenslx<11><STEAM_ID_LAN><CT>" attacked "xama na xinxa<7><STEAM_ID_LAN><TERRORIST>" with "deagle" (damage "170") (damage_armor "0") (health "0") (armor "0") (hitgroup "head")
L 03/02/2020 - 13:02:19: "xlRubenslx<11><STEAM_ID_LAN><CT>" killed "xama na xinxa<7><STEAM_ID_LAN><TERRORIST>" with "deagle" (headshot)
L 03/02/2020 - 13:02:33: "pirulito<5><STEAM_ID_LAN><TERRORIST>" attacked "Pescotapa<6><STEAM_ID_LAN><CT>" with "ak47" (damage "27") (damage_armor "3") (health "73") (armor "96") (hitgroup "chest")
L 03/02/2020 - 13:02:35: "pirulito<5><STEAM_ID_LAN><TERRORIST>" attacked "Pescotapa<6><STEAM_ID_LAN><CT>" with "ak47" (damage "27") (damage_armor "3") (health "46") (armor "92") (hitgroup "left arm")
L 03/02/2020 - 13:02:35: "pirulito<5><STEAM_ID_LAN><TERRORIST>" attacked "Pescotapa<6><STEAM_ID_LAN><CT>" with "ak47" (damage "109") (damage_armor "15") (health "0") (armor "76") (hitgroup "head")
L 03/02/2020 - 13:02:35: "pirulito<5><STEAM_ID_LAN><TERRORIST>" killed "Pescotapa<6><STEAM_ID_LAN><CT>" with "ak47" (headshot)
L 03/02/2020 - 13:02:38: "xlRubenslx<11><STEAM_ID_LAN><CT>" attacked "Gohan<4><STEAM_ID_LAN><TERRORIST>" with "deagle" (damage "32") (damage_armor "5") (health "68") (armor "94") (hitgroup "left arm")
L 03/02/2020 - 13:02:39: "xlRubenslx<11><STEAM_ID_LAN><CT>" attacked "Gohan<4><STEAM_ID_LAN><TERRORIST>" with "deagle" (damage "33") (damage_armor "5") (health "35") (armor "88") (hitgroup "chest")
L 03/02/2020 - 13:02:40: "pirulito<5><STEAM_ID_LAN><TERRORIST>" attacked "xlRubenslx<11><STEAM_ID_LAN><CT>" with "ak47" (damage "27") (damage_armor "3") (health "73") (armor "96") (hitgroup "chest")
L 03/02/2020 - 13:02:42: "xlRubenslx<11><STEAM_ID_LAN><CT>" attacked "pirulito<5><STEAM_ID_LAN><TERRORIST>" with "ak47" (damage "34") (damage_armor "4") (health "54") (armor "91") (hitgroup "stomach")
L 03/02/2020 - 13:02:42: "Gohan<4><STEAM_ID_LAN><TERRORIST>" attacked "xlRubenslx<11><STEAM_ID_LAN><CT>" with "sg552" (damage "87") (damage_armor "18") (health "0") (armor "77") (hitgroup "head")
L 03/02/2020 - 13:02:42: "Gohan<4><STEAM_ID_LAN><TERRORIST>" killed "xlRubenslx<11><STEAM_ID_LAN><CT>" with "sg552" (headshot)
L 03/02/2020 - 13:02:43: "Mito<12><STEAM_ID_LAN><CT>" attacked "ICK<8><STEAM_ID_LAN><CT>" with "ak47" (damage "49") (damage_armor "0") (health "51") (armor "0") (hitgroup "head")
L 03/02/2020 - 13:02:45: "Mito<12><STEAM_ID_LAN><CT>" attacked "Gohan<4><STEAM_ID_LAN><TERRORIST>" with "ak47" (damage "26") (damage_armor "3") (health "9") (armor "84") (hitgroup "right arm")
L 03/02/2020 - 13:02:46: "Gohan<4><STEAM_ID_LAN><TERRORIST>" attacked "Mito<12><STEAM_ID_LAN><CT>" with "sg552" (damage "22") (damage_armor "0") (health "78") (armor "100") (hitgroup "right leg")
L 03/02/2020 - 13:02:53: "pirulito<5><STEAM_ID_LAN><TERRORIST>" attacked "Mito<12><STEAM_ID_LAN><CT>" with "ak47" (damage "34") (damage_armor "4") (health "44") (armor "95") (hitgroup "stomach")
L 03/02/2020 - 13:02:53: "ICK<8><STEAM_ID_LAN><CT>" attacked "Gohan<4><STEAM_ID_LAN><TERRORIST>" with "m4a1" (damage "23") (damage_armor "0") (health "0") (armor "84") (hitgroup "left leg")
L 03/02/2020 - 13:02:53: "ICK<8><STEAM_ID_LAN><CT>" killed "Gohan<4><STEAM_ID_LAN><TERRORIST>" with "m4a1"
L 03/02/2020 - 13:02:55: "ICK<8><STEAM_ID_LAN><CT>" attacked "pirulito<5><STEAM_ID_LAN><TERRORIST>" with "m4a1" (damage "27") (damage_armor "5") (health "27") (armor "85") (hitgroup "stomach")
L 03/02/2020 - 13:02:55: "ICK<8><STEAM_ID_LAN><CT>" attacked "pirulito<5><STEAM_ID_LAN><TERRORIST>" with "m4a1" (damage "12") (damage_armor "2") (health "15") (armor "82") (hitgroup "right arm")
L 03/02/2020 - 13:02:57: "pirulito<5><STEAM_ID_LAN><TERRORIST>" attacked "ICK<8><STEAM_ID_LAN><CT>" with "ak47" (damage "34") (damage_armor "0") (health "17") (armor "0") (hitgroup "chest")
L 03/02/2020 - 13:02:57: "Mito<12><STEAM_ID_LAN><CT>" attacked "pirulito<5><STEAM_ID_LAN><TERRORIST>" with "ak47" (damage "34") (damage_armor "4") (health "0") (armor "77") (hitgroup "stomach")
L 03/02/2020 - 13:02:57: "pirulito<5><STEAM_ID_LAN><TERRORIST>" triggered "Dropped_The_Bomb"
L 03/02/2020 - 13:02:57: "Mito<12><STEAM_ID_LAN><CT>" killed "pirulito<5><STEAM_ID_LAN><TERRORIST>" with "ak47"
L 03/02/2020 - 13:02:57: Team "CT" triggered "CTs_Win" (CT "9") (T "5")
L 03/02/2020 - 13:02:57: Team "CT" scored "9" with "4" players
L 03/02/2020 - 13:02:57: Team "TERRORIST" scored "5" with "3" players
L 03/02/2020 - 13:02:57: World triggered "Round_End"
L 03/02/2020 - 13:03:02: "Gohan<4><STEAM_ID_LAN><TERRORIST>" triggered "Got_The_Bomb"
L 03/02/2020 - 13:03:02: World triggered "Round_Start"
L 03/02/2020 - 13:03:22: "Mito<12><STEAM_ID_LAN><CT>" attacked "ICK<8><STEAM_ID_LAN><CT>" with "ak47" (damage "12") (damage_armor "1") (health "88") (armor "98") (hitgroup "stomach")
L 03/02/2020 - 13:03:22: "ICK<8><STEAM_ID_LAN><CT>" attacked "Mito<12><STEAM_ID_LAN><CT>" with "m4a1" (damage "7") (damage_armor "1") (health "93") (armor "98") (hitgroup "chest")
L 03/02/2020 - 13:03:23: "ICK<8><STEAM_ID_LAN><CT>" attacked "Mito<12><STEAM_ID_LAN><CT>" with "m4a1" (damage "7") (damage_armor "1") (health "86") (armor "96") (hitgroup "left arm")
L 03/02/2020 - 13:03:23: "ICK<8><STEAM_ID_LAN><CT>" attacked "Mito<12><STEAM_ID_LAN><CT>" with "m4a1" (damage "7") (damage_armor "1") (health "79") (armor "94") (hitgroup "right arm")
L 03/02/2020 - 13:03:26: "pirulito<5><STEAM_ID_LAN><TERRORIST>" attacked "xlRubenslx<11><STEAM_ID_LAN><CT>" with "ak47" (damage "27") (damage_armor "4") (health "73") (armor "95") (hitgroup "left arm")
L 03/02/2020 - 13:03:26: "pirulito<5><STEAM_ID_LAN><TERRORIST>" attacked "xlRubenslx<11><STEAM_ID_LAN><CT>" with "ak47" (damage "27") (damage_armor "4") (health "46") (armor "90") (hitgroup "left arm")
L 03/02/2020 - 13:03:26: "xlRubenslx<11><STEAM_ID_LAN><CT>" attacked "pirulito<5><STEAM_ID_LAN><TERRORIST>" with "m4a1" (damage "24") (damage_armor "0") (health "76") (armor "100") (hitgroup "right leg")
L 03/02/2020 - 13:03:26: "xlRubenslx<11><STEAM_ID_LAN><CT>" attacked "pirulito<5><STEAM_ID_LAN><TERRORIST>" with "m4a1" (damage "24") (damage_armor "0") (health "52") (armor "100") (hitgroup "left leg")
L 03/02/2020 - 13:03:26: "xlRubenslx<11><STEAM_ID_LAN><CT>" attacked "pirulito<5><STEAM_ID_LAN><TERRORIST>" with "m4a1" (damage "24") (damage_armor "0") (health "28") (armor "100") (hitgroup "left leg")
L 03/02/2020 - 13:03:26: "pirulito<5><STEAM_ID_LAN><TERRORIST>" attacked "xlRubenslx<11><STEAM_ID_LAN><CT>" with "ak47" (damage "110") (damage_armor "16") (health "0") (armor "73") (hitgroup "head")
L 03/02/2020 - 13:03:26: "pirulito<5><STEAM_ID_LAN><TERRORIST>" killed "xlRubenslx<11><STEAM_ID_LAN><CT>" with "ak47" (headshot)
L 03/02/2020 - 13:03:28: "xama na xinxa<7><STEAM_ID_LAN><TERRORIST>" attacked "Pescotapa<6><STEAM_ID_LAN><CT>" with "deagle" (damage "176") (damage_armor "0") (health "0") (armor "0") (hitgroup "head")
L 03/02/2020 - 13:03:28: "xama na xinxa<7><STEAM_ID_LAN><TERRORIST>" killed "Pescotapa<6><STEAM_ID_LAN><CT>" with "deagle" (headshot)
L 03/02/2020 - 13:03:31: "Gohan<4><STEAM_ID_LAN><TERRORIST>" triggered "Planted_The_Bomb"
L 03/02/2020 - 13:03:39: "pirulito<5><STEAM_ID_LAN><TERRORIST>" attacked "xama na xinxa<7><STEAM_ID_LAN><TERRORIST>" with "m4a1" (damage "9") (damage_armor "2") (health "91") (armor "97") (hitgroup "stomach")
L 03/02/2020 - 13:03:39: "pirulito<5><STEAM_ID_LAN><TERRORIST>" attacked "xama na xinxa<7><STEAM_ID_LAN><TERRORIST>" with "m4a1" (damage "8") (damage_armor "0") (health "83") (armor "97") (hitgroup "right leg")
L 03/02/2020 - 13:03:46: "xama na xinxa<7><STEAM_ID_LAN><TERRORIST>" attacked "ICK<8><STEAM_ID_LAN><CT>" with "m4a1" (damage "23") (damage_armor "0") (health "65") (armor "98") (hitgroup "left leg")
L 03/02/2020 - 13:03:46: "xama na xinxa<7><STEAM_ID_LAN><TERRORIST>" attacked "ICK<8><STEAM_ID_LAN><CT>" with "m4a1" (damage "23") (damage_armor "0") (health "42") (armor "98") (hitgroup "left leg")
L 03/02/2020 - 13:03:49: "xama na xinxa<7><STEAM_ID_LAN><TERRORIST>" attacked "ICK<8><STEAM_ID_LAN><CT>" with "m4a1" (damage "23") (damage_armor "0") (health "19") (armor "98") (hitgroup "left leg")
L 03/02/2020 - 13:03:49: "Mito<12><STEAM_ID_LAN><CT>" attacked "xama na xinxa<7><STEAM_ID_LAN><TERRORIST>" with "ak47" (damage "27") (damage_armor "3") (health "56") (armor "93") (hitgroup "left arm")
L 03/02/2020 - 13:03:49: "Mito<12><STEAM_ID_LAN><CT>" attacked "xama na xinxa<7><STEAM_ID_LAN><TERRORIST>" with "ak47" (damage "27") (damage_armor "3") (health "29") (armor "89") (hitgroup "left arm")
L 03/02/2020 - 13:03:49: "xama na xinxa<7><STEAM_ID_LAN><TERRORIST>" attacked "ICK<8><STEAM_ID_LAN><CT>" with "m4a1" (damage "22") (damage_armor "4") (health "0") (armor "93") (hitgroup "left arm")
L 03/02/2020 - 13:03:49: "xama na xinxa<7><STEAM_ID_LAN><TERRORIST>" killed "ICK<8><STEAM_ID_LAN><CT>" with "m4a1"
L 03/02/2020 - 13:03:52: "Gohan<4><STEAM_ID_LAN><TERRORIST>" attacked "xama na xinxa<7><STEAM_ID_LAN><TERRORIST>" with "ak47" (damage "9") (damage_armor "0") (health "20") (armor "89") (hitgroup "right leg")
L 03/02/2020 - 13:03:56: "Gohan<4><STEAM_ID_LAN><TERRORIST>" attacked "Mito<12><STEAM_ID_LAN><CT>" with "ak47" (damage "26") (damage_armor "3") (health "53") (armor "90") (hitgroup "chest")
L 03/02/2020 - 13:03:56: "Gohan<4><STEAM_ID_LAN><TERRORIST>" attacked "Mito<12><STEAM_ID_LAN><CT>" with "ak47" (damage "26") (damage_armor "3") (health "27") (armor "86") (hitgroup "chest")
L 03/02/2020 - 13:04:05: "Gohan<4><STEAM_ID_LAN><TERRORIST>" attacked "pirulito<5><STEAM_ID_LAN><TERRORIST>" with "ak47" (damage "9") (damage_armor "1") (health "19") (armor "98") (hitgroup "chest")
L 03/02/2020 - 13:04:05: "Gohan<4><STEAM_ID_LAN><TERRORIST>" attacked "pirulito<5><STEAM_ID_LAN><TERRORIST>" with "ak47" (damage "36") (damage_armor "5") (health "0") (armor "92") (hitgroup "head")
L 03/02/2020 - 13:04:05: "Gohan<4><STEAM_ID_LAN><TERRORIST>" killed "pirulito<5><STEAM_ID_LAN><TERRORIST>" with "ak47" (headshot)
L 03/02/2020 - 13:04:07: "Mito<12><STEAM_ID_LAN><CT>" attacked "xama na xinxa<7><STEAM_ID_LAN><TERRORIST>" with "ak47" (damage "27") (damage_armor "4") (health "0") (armor "84") (hitgroup "right arm")
L 03/02/2020 - 13:04:07: "Mito<12><STEAM_ID_LAN><CT>" killed "xama na xinxa<7><STEAM_ID_LAN><TERRORIST>" with "ak47"
L 03/02/2020 - 13:04:16: Team "TERRORIST" triggered "Target_Bombed" (CT "9") (T "6")
L 03/02/2020 - 13:04:16: Team "CT" scored "9" with "4" players
L 03/02/2020 - 13:04:16: Team "TERRORIST" scored "6" with "3" players
L 03/02/2020 - 13:04:16: World triggered "Round_End"
L 03/02/2020 - 13:04:21: "xama na xinxa<7><STEAM_ID_LAN><TERRORIST>" disconnected (reason "Disconnect by user.")
L 03/02/2020 - 13:04:21: "Gohan<4><STEAM_ID_LAN><TERRORIST>" committed suicide with "world"
L 03/02/2020 - 13:04:21: "pirulito<5><STEAM_ID_LAN><TERRORIST>" triggered "Got_The_Bomb"
L 03/02/2020 - 13:04:21: World triggered "Round_Start"
L 03/02/2020 - 13:04:35: "pirulito<5><STEAM_ID_LAN><TERRORIST>" attacked "xlRubenslx<11><STEAM_ID_LAN><CT>" with "ak47" (damage "27") (damage_armor "4") (health "73") (armor "95") (hitgroup "left arm")
L 03/02/2020 - 13:04:35: "xlRubenslx<11><STEAM_ID_LAN><CT>" attacked "pirulito<5><STEAM_ID_LAN><TERRORIST>" with "usp" (damage "64") (damage_armor "32") (health "36") (armor "67") (hitgroup "head")
L 03/02/2020 - 13:04:35: "pirulito<5><STEAM_ID_LAN><TERRORIST>" attacked "xlRubenslx<11><STEAM_ID_LAN><CT>" with "ak47" (damage "111") (damage_armor "16") (health "0") (armor "78") (hitgroup "head")
L 03/02/2020 - 13:04:35: "pirulito<5><STEAM_ID_LAN><TERRORIST>" killed "xlRubenslx<11><STEAM_ID_LAN><CT>" with "ak47" (headshot)
L 03/02/2020 - 13:04:41: "Mito<12><STEAM_ID_LAN><CT>" attacked "Pescotapa<6><STEAM_ID_LAN><CT>" with "m4a1" (damage "7") (damage_armor "1") (health "93") (armor "98") (hitgroup "left arm")
L 03/02/2020 - 13:04:49: "pirulito<5><STEAM_ID_LAN><TERRORIST>" triggered "Planted_The_Bomb"
L 03/02/2020 - 13:04:55: "ICK<8><STEAM_ID_LAN><CT>" attacked "pirulito<5><STEAM_ID_LAN><TERRORIST>" with "m4a1" (damage "27") (damage_armor "5") (health "9") (armor "61") (hitgroup "stomach")
L 03/02/2020 - 13:04:55: "ICK<8><STEAM_ID_LAN><CT>" attacked "pirulito<5><STEAM_ID_LAN><TERRORIST>" with "m4a1" (damage "22") (damage_armor "4") (health "0") (armor "56") (hitgroup "left arm")
L 03/02/2020 - 13:04:55: "ICK<8><STEAM_ID_LAN><CT>" killed "pirulito<5><STEAM_ID_LAN><TERRORIST>" with "m4a1"
L 03/02/2020 - 13:04:59: "ICK<8><STEAM_ID_LAN><CT>" triggered "Begin_Bomb_Defuse_Without_Kit"
L 03/02/2020 - 13:05:06: "Pescotapa<6><STEAM_ID_LAN><CT>" attacked "Mito<12><STEAM_ID_LAN><CT>" with "usp" (damage "4") (damage_armor "2") (health "96") (armor "97") (hitgroup "chest")
L 03/02/2020 - 13:05:08: "Mito<12><STEAM_ID_LAN><CT>" attacked "ICK<8><STEAM_ID_LAN><CT>" with "m4a1" (damage "6") (damage_armor "0") (health "94") (armor "0") (hitgroup "right arm")
L 03/02/2020 - 13:05:08: "Mito<12><STEAM_ID_LAN><CT>" attacked "ICK<8><STEAM_ID_LAN><CT>" with "m4a1" (damage "13") (damage_armor "0") (health "81") (armor "0") (hitgroup "stomach")
L 03/02/2020 - 13:05:10: "ICK<8><STEAM_ID_LAN><CT>" triggered "Defused_The_Bomb"
L 03/02/2020 - 13:05:10: Team "CT" triggered "Bomb_Defused" (CT "10") (T "6")
L 03/02/2020 - 13:05:10: Team "CT" scored "10" with "4" players
L 03/02/2020 - 13:05:10: Team "TERRORIST" scored "6" with "2" players
L 03/02/2020 - 13:05:10: World triggered "Round_End"
L 03/02/2020 - 13:05:16: "Pescotapa<6><STEAM_ID_LAN><CT>" disconnected (reason "Disconnect by user.")
L 03/02/2020 - 13:05:17: "ICK<8><STEAM_ID_LAN><CT>" disconnected (reason "Disconnect by user.")
L 03/02/2020 - 13:05:20: Log file closed
