L 03/02/2020 - 12:10:14: Log file started (file "logs\L0302003.log") (game "D:\Cs\Source\Counter-Strike Source\Counter-Strike Source\cstrike") (version "2433")
L 03/02/2020 - 12:10:14: World triggered "Round_Start"
L 03/02/2020 - 12:10:14: World triggered "Round_Start"
L 03/02/2020 - 12:10:19: "Gohan<4><STEAM_ID_LAN><>" entered the game
L 03/02/2020 - 12:10:20: "Mito<3><STEAM_ID_LAN><>" entered the game
L 03/02/2020 - 12:10:20: "pirulito<5><STEAM_ID_LAN><>" entered the game
L 03/02/2020 - 12:10:23: "Pescotapa<6><STEAM_ID_LAN><>" entered the game
L 03/02/2020 - 12:10:23: "Gohan<4><STEAM_ID_LAN><Unassigned>" joined team "TERRORIST"
L 03/02/2020 - 12:10:23: "Gohan<4><STEAM_ID_LAN><TERRORIST>" triggered "Got_The_Bomb"
L 03/02/2020 - 12:10:23: "pirulito<5><STEAM_ID_LAN><Unassigned>" joined team "TERRORIST"
L 03/02/2020 - 12:10:23: "Mito<3><STEAM_ID_LAN><Unassigned>" joined team "CT"
L 03/02/2020 - 12:10:23: World triggered "Game_Commencing"
L 03/02/2020 - 12:10:26: "pirulito<5><STEAM_ID_LAN><TERRORIST>" triggered "Got_The_Bomb"
L 03/02/2020 - 12:10:26: World triggered "Round_Start"
L 03/02/2020 - 12:10:31: "Pescotapa<6><STEAM_ID_LAN><Unassigned>" joined team "CT"
L 03/02/2020 - 12:10:42: "pirulito<5><STEAM_ID_LAN><TERRORIST>" attacked "Mito<3><STEAM_ID_LAN><CT>" with "glock" (damage "18") (damage_armor "0") (health "82") (armor "0") (hitgroup "left arm")
L 03/02/2020 - 12:10:42: "pirulito<5><STEAM_ID_LAN><TERRORIST>" attacked "Mito<3><STEAM_ID_LAN><CT>" with "glock" (damage "18") (damage_armor "0") (health "64") (armor "0") (hitgroup "right arm")
L 03/02/2020 - 12:10:43: "Mito<3><STEAM_ID_LAN><CT>" attacked "pirulito<5><STEAM_ID_LAN><TERRORIST>" with "usp" (damage "28") (damage_armor "0") (health "72") (armor "0") (hitgroup "stomach")
L 03/02/2020 - 12:10:43: "pirulito<5><STEAM_ID_LAN><TERRORIST>" attacked "Mito<3><STEAM_ID_LAN><CT>" with "glock" (damage "18") (damage_armor "0") (health "46") (armor "0") (hitgroup "left arm")
L 03/02/2020 - 12:10:43: "pirulito<5><STEAM_ID_LAN><TERRORIST>" attacked "Mito<3><STEAM_ID_LAN><CT>" with "glock" (damage "19") (damage_armor "0") (health "27") (armor "0") (hitgroup "stomach")
L 03/02/2020 - 12:10:43: "pirulito<5><STEAM_ID_LAN><TERRORIST>" attacked "Mito<3><STEAM_ID_LAN><CT>" with "glock" (damage "19") (damage_armor "0") (health "8") (armor "0") (hitgroup "stomach")
L 03/02/2020 - 12:10:43: "pirulito<5><STEAM_ID_LAN><TERRORIST>" attacked "Mito<3><STEAM_ID_LAN><CT>" with "glock" (damage "19") (damage_armor "0") (health "0") (armor "0") (hitgroup "stomach")
L 03/02/2020 - 12:10:43: "pirulito<5><STEAM_ID_LAN><TERRORIST>" killed "Mito<3><STEAM_ID_LAN><CT>" with "glock"
L 03/02/2020 - 12:10:44: "pirulito<5><STEAM_ID_LAN><TERRORIST>" attacked "Pescotapa<6><STEAM_ID_LAN><CT>" with "glock" (damage "14") (damage_armor "0") (health "86") (armor "0") (hitgroup "chest")
L 03/02/2020 - 12:10:44: "Gohan<4><STEAM_ID_LAN><TERRORIST>" attacked "Pescotapa<6><STEAM_ID_LAN><CT>" with "glock" (damage "9") (damage_armor "0") (health "77") (armor "0") (hitgroup "right leg")
L 03/02/2020 - 12:10:45: "Gohan<4><STEAM_ID_LAN><TERRORIST>" attacked "Pescotapa<6><STEAM_ID_LAN><CT>" with "glock" (damage "9") (damage_armor "0") (health "68") (armor "0") (hitgroup "left leg")
L 03/02/2020 - 12:10:45: "Pescotapa<6><STEAM_ID_LAN><CT>" attacked "Gohan<4><STEAM_ID_LAN><TERRORIST>" with "hegrenade" (damage "29") (damage_armor "0") (health "71") (armor "0") (hitgroup "generic")
L 03/02/2020 - 12:10:45: "Pescotapa<6><STEAM_ID_LAN><CT>" attacked "pirulito<5><STEAM_ID_LAN><TERRORIST>" with "hegrenade" (damage "79") (damage_armor "0") (health "0") (armor "0") (hitgroup "generic")
L 03/02/2020 - 12:10:45: "pirulito<5><STEAM_ID_LAN><TERRORIST>" triggered "Dropped_The_Bomb"
L 03/02/2020 - 12:10:45: "Pescotapa<6><STEAM_ID_LAN><CT>" killed "pirulito<5><STEAM_ID_LAN><TERRORIST>" with "hegrenade"
L 03/02/2020 - 12:10:55: "Gohan<4><STEAM_ID_LAN><TERRORIST>" triggered "Got_The_Bomb"
L 03/02/2020 - 12:11:01: "Gohan<4><STEAM_ID_LAN><TERRORIST>" attacked "Pescotapa<6><STEAM_ID_LAN><CT>" with "glock" (damage "13") (damage_armor "0") (health "55") (armor "0") (hitgroup "right leg")
L 03/02/2020 - 12:11:01: "Gohan<4><STEAM_ID_LAN><TERRORIST>" attacked "Pescotapa<6><STEAM_ID_LAN><CT>" with "glock" (damage "22") (damage_armor "0") (health "33") (armor "0") (hitgroup "stomach")
L 03/02/2020 - 12:11:01: "Gohan<4><STEAM_ID_LAN><TERRORIST>" attacked "Pescotapa<6><STEAM_ID_LAN><CT>" with "glock" (damage "13") (damage_armor "0") (health "20") (armor "0") (hitgroup "left leg")
L 03/02/2020 - 12:11:02: "Pescotapa<6><STEAM_ID_LAN><CT>" attacked "Gohan<4><STEAM_ID_LAN><TERRORIST>" with "hegrenade" (damage "5") (damage_armor "0") (health "66") (armor "0") (hitgroup "generic")
L 03/02/2020 - 12:11:04: "Pescotapa<6><STEAM_ID_LAN><CT>" attacked "Gohan<4><STEAM_ID_LAN><TERRORIST>" with "usp" (damage "126") (damage_armor "0") (health "0") (armor "0") (hitgroup "head")
L 03/02/2020 - 12:11:04: "Gohan<4><STEAM_ID_LAN><TERRORIST>" triggered "Dropped_The_Bomb"
L 03/02/2020 - 12:11:04: "Pescotapa<6><STEAM_ID_LAN><CT>" killed "Gohan<4><STEAM_ID_LAN><TERRORIST>" with "usp" (headshot)
L 03/02/2020 - 12:11:04: Team "CT" triggered "CTs_Win" (CT "1") (T "0")
L 03/02/2020 - 12:11:04: Team "CT" scored "1" with "2" players
L 03/02/2020 - 12:11:04: Team "TERRORIST" scored "0" with "2" players
L 03/02/2020 - 12:11:04: World triggered "Round_End"
L 03/02/2020 - 12:11:09: "Gohan<4><STEAM_ID_LAN><TERRORIST>" triggered "Got_The_Bomb"
L 03/02/2020 - 12:11:09: World triggered "Round_Start"
L 03/02/2020 - 12:11:29: "pirulito<5><STEAM_ID_LAN><TERRORIST>" attacked "Pescotapa<6><STEAM_ID_LAN><CT>" with "galil" (damage "20") (damage_armor "0") (health "80") (armor "0") (hitgroup "right leg")
L 03/02/2020 - 12:11:29: "pirulito<5><STEAM_ID_LAN><TERRORIST>" attacked "Pescotapa<6><STEAM_ID_LAN><CT>" with "galil" (damage "27") (damage_armor "0") (health "53") (armor "0") (hitgroup "right arm")
L 03/02/2020 - 12:11:30: "Pescotapa<6><STEAM_ID_LAN><CT>" attacked "pirulito<5><STEAM_ID_LAN><TERRORIST>" with "m4a1" (damage "22") (damage_armor "0") (health "78") (armor "0") (hitgroup "right leg")
L 03/02/2020 - 12:11:30: "pirulito<5><STEAM_ID_LAN><TERRORIST>" attacked "Pescotapa<6><STEAM_ID_LAN><CT>" with "galil" (damage "5") (damage_armor "0") (health "48") (armor "0") (hitgroup "left leg")
L 03/02/2020 - 12:11:31: "Pescotapa<6><STEAM_ID_LAN><CT>" attacked "pirulito<5><STEAM_ID_LAN><TERRORIST>" with "m4a1" (damage "8") (damage_armor "0") (health "70") (armor "0") (hitgroup "left arm")
L 03/02/2020 - 12:11:33: "pirulito<5><STEAM_ID_LAN><TERRORIST>" attacked "Mito<3><STEAM_ID_LAN><CT>" with "galil" (damage "22") (damage_armor "3") (health "78") (armor "96") (hitgroup "left arm")
L 03/02/2020 - 12:11:33: "Gohan<4><STEAM_ID_LAN><TERRORIST>" attacked "Mito<3><STEAM_ID_LAN><CT>" with "glock" (damage "7") (damage_armor "3") (health "71") (armor "92") (hitgroup "left arm")
L 03/02/2020 - 12:11:33: "Mito<3><STEAM_ID_LAN><CT>" attacked "pirulito<5><STEAM_ID_LAN><TERRORIST>" with "usp" (damage "19") (damage_armor "0") (health "51") (armor "0") (hitgroup "right arm")
L 03/02/2020 - 12:11:34: "pirulito<5><STEAM_ID_LAN><TERRORIST>" attacked "Mito<3><STEAM_ID_LAN><CT>" with "galil" (damage "21") (damage_armor "0") (health "50") (armor "92") (hitgroup "left leg")
L 03/02/2020 - 12:11:34: "Gohan<4><STEAM_ID_LAN><TERRORIST>" attacked "Mito<3><STEAM_ID_LAN><CT>" with "glock" (damage "8") (damage_armor "0") (health "42") (armor "92") (hitgroup "right leg")
L 03/02/2020 - 12:11:47: "Mito<3><STEAM_ID_LAN><CT>" attacked "pirulito<5><STEAM_ID_LAN><TERRORIST>" with "usp" (damage "16") (damage_armor "0") (health "35") (armor "0") (hitgroup "left arm")
L 03/02/2020 - 12:11:47: "Gohan<4><STEAM_ID_LAN><TERRORIST>" attacked "Mito<3><STEAM_ID_LAN><CT>" with "glock" (damage "10") (damage_armor "0") (health "32") (armor "92") (hitgroup "left leg")
L 03/02/2020 - 12:11:47: "pirulito<5><STEAM_ID_LAN><TERRORIST>" attacked "Mito<3><STEAM_ID_LAN><CT>" with "galil" (damage "27") (damage_armor "4") (health "5") (armor "87") (hitgroup "stomach")
L 03/02/2020 - 12:11:47: "Mito<3><STEAM_ID_LAN><CT>" attacked "pirulito<5><STEAM_ID_LAN><TERRORIST>" with "usp" (damage "16") (damage_armor "0") (health "19") (armor "0") (hitgroup "left arm")
L 03/02/2020 - 12:11:48: "Mito<3><STEAM_ID_LAN><CT>" attacked "pirulito<5><STEAM_ID_LAN><TERRORIST>" with "usp" (damage "12") (damage_armor "0") (health "7") (armor "0") (hitgroup "left leg")
L 03/02/2020 - 12:11:48: "Mito<3><STEAM_ID_LAN><CT>" attacked "pirulito<5><STEAM_ID_LAN><TERRORIST>" with "usp" (damage "12") (damage_armor "0") (health "0") (armor "0") (hitgroup "right leg")
L 03/02/2020 - 12:11:48: "Mito<3><STEAM_ID_LAN><CT>" killed "pirulito<5><STEAM_ID_LAN><TERRORIST>" with "usp"
L 03/02/2020 - 12:11:48: "Mito<3><STEAM_ID_LAN><CT>" attacked "Pescotapa<6><STEAM_ID_LAN><CT>" with "usp" (damage "9") (damage_armor "0") (health "39") (armor "0") (hitgroup "chest")
L 03/02/2020 - 12:11:53: "Mito<3><STEAM_ID_LAN><CT>" attacked "Gohan<4><STEAM_ID_LAN><TERRORIST>" with "usp" (damage "13") (damage_armor "0") (health "87") (armor "100") (hitgroup "left leg")
L 03/02/2020 - 12:11:53: "Mito<3><STEAM_ID_LAN><CT>" attacked "Gohan<4><STEAM_ID_LAN><TERRORIST>" with "usp" (damage "13") (damage_armor "0") (health "74") (armor "100") (hitgroup "right leg")
L 03/02/2020 - 12:11:59: "xD<7><STEAM_ID_LAN><>" connected, address "10.70.0.39:27005"
L 03/02/2020 - 12:11:59: "xD<STEAM_ID_LAN>" STEAM USERID validated
L 03/02/2020 - 12:11:59: "Gohan<4><STEAM_ID_LAN><TERRORIST>" attacked "Pescotapa<6><STEAM_ID_LAN><CT>" with "galil" (damage "35") (damage_armor "0") (health "4") (armor "0") (hitgroup "stomach")
L 03/02/2020 - 12:12:03: "Mito<3><STEAM_ID_LAN><CT>" attacked "Gohan<4><STEAM_ID_LAN><TERRORIST>" with "usp" (damage "14") (damage_armor "0") (health "60") (armor "100") (hitgroup "left leg")
L 03/02/2020 - 12:12:07: "Mito<3><STEAM_ID_LAN><CT>" attacked "Gohan<4><STEAM_ID_LAN><TERRORIST>" with "usp" (damage "11") (damage_armor "5") (health "49") (armor "94") (hitgroup "left arm")
L 03/02/2020 - 12:12:08: "Mito<3><STEAM_ID_LAN><CT>" attacked "Gohan<4><STEAM_ID_LAN><TERRORIST>" with "usp" (damage "5") (damage_armor "2") (health "44") (armor "91") (hitgroup "right arm")
L 03/02/2020 - 12:12:08: "Mito<3><STEAM_ID_LAN><CT>" attacked "Gohan<4><STEAM_ID_LAN><TERRORIST>" with "usp" (damage "5") (damage_armor "2") (health "39") (armor "88") (hitgroup "left arm")
L 03/02/2020 - 12:12:09: "Mito<3><STEAM_ID_LAN><CT>" attacked "Gohan<4><STEAM_ID_LAN><TERRORIST>" with "usp" (damage "11") (damage_armor "5") (health "28") (armor "82") (hitgroup "chest")
L 03/02/2020 - 12:12:10: "Mito<3><STEAM_ID_LAN><CT>" attacked "Gohan<4><STEAM_ID_LAN><TERRORIST>" with "usp" (damage "11") (damage_armor "5") (health "17") (armor "76") (hitgroup "left arm")
L 03/02/2020 - 12:12:10: "Pescotapa<6><STEAM_ID_LAN><CT>" attacked "Gohan<4><STEAM_ID_LAN><TERRORIST>" with "knife" (damage "55") (damage_armor "4") (health "0") (armor "71") (hitgroup "generic")
L 03/02/2020 - 12:12:10: "Gohan<4><STEAM_ID_LAN><TERRORIST>" triggered "Dropped_The_Bomb"
L 03/02/2020 - 12:12:10: "Pescotapa<6><STEAM_ID_LAN><CT>" killed "Gohan<4><STEAM_ID_LAN><TERRORIST>" with "knife"
L 03/02/2020 - 12:12:10: Team "CT" triggered "CTs_Win" (CT "2") (T "0")
L 03/02/2020 - 12:12:10: Team "CT" scored "2" with "2" players
L 03/02/2020 - 12:12:10: Team "TERRORIST" scored "0" with "2" players
L 03/02/2020 - 12:12:10: World triggered "Round_End"
L 03/02/2020 - 12:12:15: "pirulito<5><STEAM_ID_LAN><TERRORIST>" triggered "Got_The_Bomb"
L 03/02/2020 - 12:12:15: World triggered "Round_Start"
L 03/02/2020 - 12:12:34: "xD<7><STEAM_ID_LAN><>" entered the game
L 03/02/2020 - 12:12:35: "Mito<3><STEAM_ID_LAN><CT>" attacked "pirulito<5><STEAM_ID_LAN><TERRORIST>" with "hegrenade" (damage "36") (damage_armor "0") (health "64") (armor "0") (hitgroup "generic")
L 03/02/2020 - 12:12:39: "Mito<3><STEAM_ID_LAN><CT>" attacked "pirulito<5><STEAM_ID_LAN><TERRORIST>" with "galil" (damage "29") (damage_armor "0") (health "35") (armor "0") (hitgroup "left arm")
L 03/02/2020 - 12:12:39: "Mito<3><STEAM_ID_LAN><CT>" attacked "pirulito<5><STEAM_ID_LAN><TERRORIST>" with "galil" (damage "29") (damage_armor "0") (health "6") (armor "0") (hitgroup "right arm")
L 03/02/2020 - 12:12:40: "Mito<3><STEAM_ID_LAN><CT>" attacked "pirulito<5><STEAM_ID_LAN><TERRORIST>" with "galil" (damage "21") (damage_armor "0") (health "0") (armor "0") (hitgroup "left leg")
L 03/02/2020 - 12:12:40: "pirulito<5><STEAM_ID_LAN><TERRORIST>" triggered "Dropped_The_Bomb"
L 03/02/2020 - 12:12:40: "Mito<3><STEAM_ID_LAN><CT>" killed "pirulito<5><STEAM_ID_LAN><TERRORIST>" with "galil"
L 03/02/2020 - 12:12:40: "Gohan<4><STEAM_ID_LAN><TERRORIST>" attacked "Mito<3><STEAM_ID_LAN><CT>" with "ak47" (damage "27") (damage_armor "3") (health "73") (armor "96") (hitgroup "left arm")
L 03/02/2020 - 12:12:40: "Gohan<4><STEAM_ID_LAN><TERRORIST>" attacked "Mito<3><STEAM_ID_LAN><CT>" with "ak47" (damage "108") (damage_armor "15") (health "0") (armor "80") (hitgroup "head")
L 03/02/2020 - 12:12:40: "Gohan<4><STEAM_ID_LAN><TERRORIST>" killed "Mito<3><STEAM_ID_LAN><CT>" with "ak47" (headshot)
L 03/02/2020 - 12:12:46: "Gohan<4><STEAM_ID_LAN><TERRORIST>" triggered "Got_The_Bomb"
L 03/02/2020 - 12:12:57: "xD<7><STEAM_ID_LAN><Unassigned>" joined team "TERRORIST"
L 03/02/2020 - 12:13:15: "Pescotapa<6><STEAM_ID_LAN><CT>" attacked "Gohan<4><STEAM_ID_LAN><TERRORIST>" with "m4a1" (damage "11") (damage_armor "0") (health "89") (armor "0") (hitgroup "stomach")
L 03/02/2020 - 12:13:24: "Pescotapa<6><STEAM_ID_LAN><CT>" attacked "Gohan<4><STEAM_ID_LAN><TERRORIST>" with "m4a1" (damage "40") (damage_armor "0") (health "49") (armor "0") (hitgroup "stomach")
L 03/02/2020 - 12:13:24: "Pescotapa<6><STEAM_ID_LAN><CT>" attacked "Gohan<4><STEAM_ID_LAN><TERRORIST>" with "m4a1" (damage "40") (damage_armor "0") (health "9") (armor "0") (hitgroup "stomach")
L 03/02/2020 - 12:13:24: "Pescotapa<6><STEAM_ID_LAN><CT>" attacked "Gohan<4><STEAM_ID_LAN><TERRORIST>" with "m4a1" (damage "130") (damage_armor "0") (health "0") (armor "0") (hitgroup "head")
L 03/02/2020 - 12:13:24: "Gohan<4><STEAM_ID_LAN><TERRORIST>" triggered "Dropped_The_Bomb"
L 03/02/2020 - 12:13:24: "Pescotapa<6><STEAM_ID_LAN><CT>" killed "Gohan<4><STEAM_ID_LAN><TERRORIST>" with "m4a1" (headshot)
L 03/02/2020 - 12:13:24: Team "CT" triggered "CTs_Win" (CT "3") (T "0")
L 03/02/2020 - 12:13:24: Team "CT" scored "3" with "2" players
L 03/02/2020 - 12:13:24: Team "TERRORIST" scored "0" with "3" players
L 03/02/2020 - 12:13:24: World triggered "Round_End"
L 03/02/2020 - 12:13:29: "xD<7><STEAM_ID_LAN><TERRORIST>" changed name to "xama na xinxa"
L 03/02/2020 - 12:13:29: "Gohan<4><STEAM_ID_LAN><TERRORIST>" triggered "Got_The_Bomb"
L 03/02/2020 - 12:13:29: World triggered "Round_Start"
L 03/02/2020 - 12:13:40: "pirulito<5><STEAM_ID_LAN><TERRORIST>" attacked "Mito<3><STEAM_ID_LAN><CT>" with "galil" (damage "28") (damage_armor "4") (health "72") (armor "95") (hitgroup "stomach")
L 03/02/2020 - 12:13:41: "Mito<3><STEAM_ID_LAN><CT>" attacked "pirulito<5><STEAM_ID_LAN><TERRORIST>" with "m4a1" (damage "30") (damage_armor "0") (health "70") (armor "0") (hitgroup "left arm")
L 03/02/2020 - 12:13:41: "Mito<3><STEAM_ID_LAN><CT>" attacked "pirulito<5><STEAM_ID_LAN><TERRORIST>" with "m4a1" (damage "22") (damage_armor "0") (health "48") (armor "0") (hitgroup "left leg")
L 03/02/2020 - 12:13:41: "pirulito<5><STEAM_ID_LAN><TERRORIST>" attacked "Mito<3><STEAM_ID_LAN><CT>" with "galil" (damage "22") (damage_armor "3") (health "50") (armor "91") (hitgroup "chest")
L 03/02/2020 - 12:13:42: "pirulito<5><STEAM_ID_LAN><TERRORIST>" attacked "Mito<3><STEAM_ID_LAN><CT>" with "galil" (damage "90") (damage_armor "13") (health "0") (armor "77") (hitgroup "head")
L 03/02/2020 - 12:13:42: "pirulito<5><STEAM_ID_LAN><TERRORIST>" killed "Mito<3><STEAM_ID_LAN><CT>" with "galil" (headshot)
L 03/02/2020 - 12:13:47: "Pescotapa<6><STEAM_ID_LAN><CT>" attacked "Gohan<4><STEAM_ID_LAN><TERRORIST>" with "m4a1" (damage "23") (damage_armor "0") (health "77") (armor "0") (hitgroup "left leg")
L 03/02/2020 - 12:13:47: "Pescotapa<6><STEAM_ID_LAN><CT>" attacked "Gohan<4><STEAM_ID_LAN><TERRORIST>" with "m4a1" (damage "23") (damage_armor "0") (health "54") (armor "0") (hitgroup "right leg")
L 03/02/2020 - 12:13:47: "Pescotapa<6><STEAM_ID_LAN><CT>" attacked "Gohan<4><STEAM_ID_LAN><TERRORIST>" with "m4a1" (damage "31") (damage_armor "0") (health "23") (armor "0") (hitgroup "chest")
L 03/02/2020 - 12:13:47: "Pescotapa<6><STEAM_ID_LAN><CT>" attacked "Gohan<4><STEAM_ID_LAN><TERRORIST>" with "m4a1" (damage "31") (damage_armor "0") (health "0") (armor "0") (hitgroup "left arm")
L 03/02/2020 - 12:13:47: "Gohan<4><STEAM_ID_LAN><TERRORIST>" triggered "Dropped_The_Bomb"
L 03/02/2020 - 12:13:47: "Pescotapa<6><STEAM_ID_LAN><CT>" killed "Gohan<4><STEAM_ID_LAN><TERRORIST>" with "m4a1"
L 03/02/2020 - 12:13:47: "pirulito<5><STEAM_ID_LAN><TERRORIST>" attacked "Pescotapa<6><STEAM_ID_LAN><CT>" with "galil" (damage "21") (damage_armor "0") (health "79") (armor "100") (hitgroup "left leg")
L 03/02/2020 - 12:13:48: "pirulito<5><STEAM_ID_LAN><TERRORIST>" attacked "Pescotapa<6><STEAM_ID_LAN><CT>" with "galil" (damage "22") (damage_armor "3") (health "57") (armor "96") (hitgroup "right arm")
L 03/02/2020 - 12:13:48: "pirulito<5><STEAM_ID_LAN><TERRORIST>" attacked "Pescotapa<6><STEAM_ID_LAN><CT>" with "galil" (damage "22") (damage_armor "3") (health "35") (armor "92") (hitgroup "chest")
L 03/02/2020 - 12:13:48: "pirulito<5><STEAM_ID_LAN><TERRORIST>" attacked "Pescotapa<6><STEAM_ID_LAN><CT>" with "galil" (damage "90") (damage_armor "13") (health "0") (armor "78") (hitgroup "head")
L 03/02/2020 - 12:13:48: "pirulito<5><STEAM_ID_LAN><TERRORIST>" killed "Pescotapa<6><STEAM_ID_LAN><CT>" with "galil" (headshot)
L 03/02/2020 - 12:13:48: Team "TERRORIST" triggered "Terrorists_Win" (CT "3") (T "1")
L 03/02/2020 - 12:13:48: Team "CT" scored "3" with "2" players
L 03/02/2020 - 12:13:48: Team "TERRORIST" scored "1" with "3" players
L 03/02/2020 - 12:13:48: World triggered "Round_End"
L 03/02/2020 - 12:13:53: "xama na xinxa<7><STEAM_ID_LAN><TERRORIST>" triggered "Got_The_Bomb"
L 03/02/2020 - 12:13:53: World triggered "Round_Start"
L 03/02/2020 - 12:14:11: "pirulito<5><STEAM_ID_LAN><TERRORIST>" attacked "Mito<3><STEAM_ID_LAN><CT>" with "m4a1" (damage "82") (damage_armor "17") (health "18") (armor "82") (hitgroup "head")
L 03/02/2020 - 12:14:12: "Pescotapa<6><STEAM_ID_LAN><CT>" attacked "pirulito<5><STEAM_ID_LAN><TERRORIST>" with "m4a1" (damage "21") (damage_armor "4") (health "79") (armor "95") (hitgroup "chest")
L 03/02/2020 - 12:14:13: "pirulito<5><STEAM_ID_LAN><TERRORIST>" attacked "Mito<3><STEAM_ID_LAN><CT>" with "m4a1" (damage "82") (damage_armor "17") (health "0") (armor "64") (hitgroup "head")
L 03/02/2020 - 12:14:13: "pirulito<5><STEAM_ID_LAN><TERRORIST>" killed "Mito<3><STEAM_ID_LAN><CT>" with "m4a1" (headshot)
L 03/02/2020 - 12:14:13: "Pescotapa<6><STEAM_ID_LAN><CT>" attacked "pirulito<5><STEAM_ID_LAN><TERRORIST>" with "m4a1" (damage "87") (damage_armor "18") (health "0") (armor "76") (hitgroup "head")
L 03/02/2020 - 12:14:13: "Pescotapa<6><STEAM_ID_LAN><CT>" killed "pirulito<5><STEAM_ID_LAN><TERRORIST>" with "m4a1" (headshot)
L 03/02/2020 - 12:14:13: "Gohan<4><STEAM_ID_LAN><TERRORIST>" attacked "Pescotapa<6><STEAM_ID_LAN><CT>" with "ak47" (damage "26") (damage_armor "3") (health "74") (armor "96") (hitgroup "right arm")
L 03/02/2020 - 12:14:14: "Pescotapa<6><STEAM_ID_LAN><CT>" attacked "Gohan<4><STEAM_ID_LAN><TERRORIST>" with "m4a1" (damage "38") (damage_armor "0") (health "62") (armor "0") (hitgroup "stomach")
L 03/02/2020 - 12:14:30: "Pescotapa<6><STEAM_ID_LAN><CT>" attacked "Gohan<4><STEAM_ID_LAN><TERRORIST>" with "m4a1" (damage "14") (damage_armor "0") (health "48") (armor "0") (hitgroup "right leg")
L 03/02/2020 - 12:14:30: "Pescotapa<6><STEAM_ID_LAN><CT>" attacked "Gohan<4><STEAM_ID_LAN><TERRORIST>" with "m4a1" (damage "19") (damage_armor "0") (health "29") (armor "0") (hitgroup "right arm")
L 03/02/2020 - 12:14:30: "Pescotapa<6><STEAM_ID_LAN><CT>" attacked "Gohan<4><STEAM_ID_LAN><TERRORIST>" with "m4a1" (damage "19") (damage_armor "0") (health "10") (armor "0") (hitgroup "right arm")
L 03/02/2020 - 12:14:30: "Pescotapa<6><STEAM_ID_LAN><CT>" attacked "Gohan<4><STEAM_ID_LAN><TERRORIST>" with "m4a1" (damage "78") (damage_armor "0") (health "0") (armor "0") (hitgroup "head")
L 03/02/2020 - 12:14:30: "Pescotapa<6><STEAM_ID_LAN><CT>" killed "Gohan<4><STEAM_ID_LAN><TERRORIST>" with "m4a1" (headshot)
L 03/02/2020 - 12:14:32: "xama na xinxa<7><STEAM_ID_LAN><TERRORIST>" triggered "Planted_The_Bomb"
L 03/02/2020 - 12:15:11: "xama na xinxa<7><STEAM_ID_LAN><TERRORIST>" attacked "Pescotapa<6><STEAM_ID_LAN><CT>" with "ak47" (damage "25") (damage_armor "0") (health "49") (armor "96") (hitgroup "right leg")
L 03/02/2020 - 12:15:15: "Mito<3><STEAM_ID_LAN><CT>" say "SO FUNDO @xama na xinxa"
L 03/02/2020 - 12:15:16: "Pescotapa<6><STEAM_ID_LAN><CT>" triggered "Begin_Bomb_Defuse_With_Kit"
L 03/02/2020 - 12:15:17: Team "TERRORIST" triggered "Target_Bombed" (CT "3") (T "2")
L 03/02/2020 - 12:15:17: Team "CT" scored "3" with "2" players
L 03/02/2020 - 12:15:17: Team "TERRORIST" scored "2" with "3" players
L 03/02/2020 - 12:15:17: World triggered "Round_End"
L 03/02/2020 - 12:15:22: "pirulito<5><STEAM_ID_LAN><TERRORIST>" say_team "só fundo"
L 03/02/2020 - 12:15:22: "pirulito<5><STEAM_ID_LAN><TERRORIST>" triggered "Got_The_Bomb"
L 03/02/2020 - 12:15:22: World triggered "Round_Start"
L 03/02/2020 - 12:15:38: "Pescotapa<6><STEAM_ID_LAN><CT>" attacked "pirulito<5><STEAM_ID_LAN><TERRORIST>" with "famas" (damage "77") (damage_armor "16") (health "23") (armor "83") (hitgroup "head")
L 03/02/2020 - 12:15:38: "xama na xinxa<7><STEAM_ID_LAN><TERRORIST>" attacked "Pescotapa<6><STEAM_ID_LAN><CT>" with "ak47" (damage "25") (damage_armor "0") (health "75") (armor "0") (hitgroup "left leg")
L 03/02/2020 - 12:15:38: "pirulito<5><STEAM_ID_LAN><TERRORIST>" attacked "Pescotapa<6><STEAM_ID_LAN><CT>" with "ak47" (damage "34") (damage_armor "0") (health "41") (armor "0") (hitgroup "chest")
L 03/02/2020 - 12:15:38: "xama na xinxa<7><STEAM_ID_LAN><TERRORIST>" attacked "Pescotapa<6><STEAM_ID_LAN><CT>" with "ak47" (damage "136") (damage_armor "0") (health "0") (armor "0") (hitgroup "head")
L 03/02/2020 - 12:15:38: "xama na xinxa<7><STEAM_ID_LAN><TERRORIST>" killed "Pescotapa<6><STEAM_ID_LAN><CT>" with "ak47" (headshot)
L 03/02/2020 - 12:15:41: "pirulito<5><STEAM_ID_LAN><TERRORIST>" attacked "Mito<3><STEAM_ID_LAN><CT>" with "ak47" (damage "26") (damage_armor "3") (health "74") (armor "96") (hitgroup "left arm")
L 03/02/2020 - 12:15:41: "pirulito<5><STEAM_ID_LAN><TERRORIST>" attacked "Mito<3><STEAM_ID_LAN><CT>" with "ak47" (damage "26") (damage_armor "3") (health "48") (armor "92") (hitgroup "chest")
L 03/02/2020 - 12:15:42: "Mito<3><STEAM_ID_LAN><CT>" attacked "pirulito<5><STEAM_ID_LAN><TERRORIST>" with "deagle" (damage "35") (damage_armor "5") (health "0") (armor "77") (hitgroup "stomach")
L 03/02/2020 - 12:15:42: "pirulito<5><STEAM_ID_LAN><TERRORIST>" triggered "Dropped_The_Bomb"
L 03/02/2020 - 12:15:42: "Mito<3><STEAM_ID_LAN><CT>" killed "pirulito<5><STEAM_ID_LAN><TERRORIST>" with "deagle"
L 03/02/2020 - 12:15:43: "xama na xinxa<7><STEAM_ID_LAN><TERRORIST>" attacked "Mito<3><STEAM_ID_LAN><CT>" with "ak47" (damage "26") (damage_armor "3") (health "22") (armor "88") (hitgroup "chest")
L 03/02/2020 - 12:15:46: "Gohan<4><STEAM_ID_LAN><TERRORIST>" triggered "Got_The_Bomb"
L 03/02/2020 - 12:15:47: "xama na xinxa<7><STEAM_ID_LAN><TERRORIST>" attacked "Mito<3><STEAM_ID_LAN><CT>" with "ak47" (damage "32") (damage_armor "4") (health "0") (armor "83") (hitgroup "stomach")
L 03/02/2020 - 12:15:47: "xama na xinxa<7><STEAM_ID_LAN><TERRORIST>" killed "Mito<3><STEAM_ID_LAN><CT>" with "ak47"
L 03/02/2020 - 12:15:47: Team "TERRORIST" triggered "Terrorists_Win" (CT "3") (T "3")
L 03/02/2020 - 12:15:47: Team "CT" scored "3" with "2" players
L 03/02/2020 - 12:15:47: Team "TERRORIST" scored "3" with "3" players
L 03/02/2020 - 12:15:47: World triggered "Round_End"
L 03/02/2020 - 12:15:51: "Pescotapa<6><STEAM_ID_LAN><CT>" say "galera alguem deu a volta na outra viu"
L 03/02/2020 - 12:15:52: "Gohan<4><STEAM_ID_LAN><TERRORIST>" triggered "Got_The_Bomb"
L 03/02/2020 - 12:15:52: World triggered "Round_Start"
L 03/02/2020 - 12:16:02: "Mito<3><STEAM_ID_LAN><CT>" say "tem q deixar matar"
L 03/02/2020 - 12:16:04: "Mito<3><STEAM_ID_LAN><CT>" say "os 3"
L 03/02/2020 - 12:16:11: "Mito<3><STEAM_ID_LAN><CT>" attacked "pirulito<5><STEAM_ID_LAN><TERRORIST>" with "m4a1" (damage "22") (damage_armor "4") (health "78") (armor "95") (hitgroup "right arm")
L 03/02/2020 - 12:16:11: "Pescotapa<6><STEAM_ID_LAN><CT>" attacked "Gohan<4><STEAM_ID_LAN><TERRORIST>" with "famas" (damage "20") (damage_armor "0") (health "80") (armor "100") (hitgroup "right leg")
L 03/02/2020 - 12:16:11: "Mito<3><STEAM_ID_LAN><CT>" attacked "pirulito<5><STEAM_ID_LAN><TERRORIST>" with "m4a1" (damage "90") (damage_armor "19") (health "0") (armor "75") (hitgroup "head")
L 03/02/2020 - 12:16:11: "Mito<3><STEAM_ID_LAN><CT>" killed "pirulito<5><STEAM_ID_LAN><TERRORIST>" with "m4a1" (headshot)
L 03/02/2020 - 12:16:13: "Mito<3><STEAM_ID_LAN><CT>" attacked "Gohan<4><STEAM_ID_LAN><TERRORIST>" with "m4a1" (damage "27") (damage_armor "5") (health "53") (armor "94") (hitgroup "stomach")
L 03/02/2020 - 12:16:13: "Mito<3><STEAM_ID_LAN><CT>" attacked "xama na xinxa<7><STEAM_ID_LAN><TERRORIST>" with "m4a1" (damage "10") (damage_armor "0") (health "90") (armor "0") (hitgroup "right leg")
L 03/02/2020 - 12:16:13: "Gohan<4><STEAM_ID_LAN><TERRORIST>" attacked "Mito<3><STEAM_ID_LAN><CT>" with "ak47" (damage "35") (damage_armor "0") (health "65") (armor "0") (hitgroup "left arm")
L 03/02/2020 - 12:16:20: "Pescotapa<6><STEAM_ID_LAN><CT>" attacked "Mito<3><STEAM_ID_LAN><CT>" with "famas" (damage "7") (damage_armor "0") (health "58") (armor "0") (hitgroup "left leg")
L 03/02/2020 - 12:16:22: "Mito<3><STEAM_ID_LAN><CT>" attacked "Gohan<4><STEAM_ID_LAN><TERRORIST>" with "m4a1" (damage "27") (damage_armor "5") (health "26") (armor "88") (hitgroup "stomach")
L 03/02/2020 - 12:16:22: "Mito<3><STEAM_ID_LAN><CT>" attacked "Gohan<4><STEAM_ID_LAN><TERRORIST>" with "m4a1" (damage "21") (damage_armor "4") (health "5") (armor "83") (hitgroup "left arm")
L 03/02/2020 - 12:16:23: "Mito<3><STEAM_ID_LAN><CT>" attacked "Gohan<4><STEAM_ID_LAN><TERRORIST>" with "m4a1" (damage "6") (damage_armor "0") (health "0") (armor "83") (hitgroup "right leg")
L 03/02/2020 - 12:16:23: "Gohan<4><STEAM_ID_LAN><TERRORIST>" triggered "Dropped_The_Bomb"
L 03/02/2020 - 12:16:23: "Mito<3><STEAM_ID_LAN><CT>" killed "Gohan<4><STEAM_ID_LAN><TERRORIST>" with "m4a1"
L 03/02/2020 - 12:16:29: "xama na xinxa<7><STEAM_ID_LAN><TERRORIST>" attacked "Pescotapa<6><STEAM_ID_LAN><CT>" with "ak47" (damage "33") (damage_armor "0") (health "67") (armor "0") (hitgroup "chest")
L 03/02/2020 - 12:16:30: "xama na xinxa<7><STEAM_ID_LAN><TERRORIST>" attacked "Pescotapa<6><STEAM_ID_LAN><CT>" with "ak47" (damage "33") (damage_armor "0") (health "34") (armor "0") (hitgroup "left arm")
L 03/02/2020 - 12:16:31: "xama na xinxa<7><STEAM_ID_LAN><TERRORIST>" attacked "Pescotapa<6><STEAM_ID_LAN><CT>" with "ak47" (damage "133") (damage_armor "0") (health "0") (armor "0") (hitgroup "head")
L 03/02/2020 - 12:16:31: "xama na xinxa<7><STEAM_ID_LAN><TERRORIST>" killed "Pescotapa<6><STEAM_ID_LAN><CT>" with "ak47" (headshot)
L 03/02/2020 - 12:16:31: "Mito<3><STEAM_ID_LAN><CT>" attacked "xama na xinxa<7><STEAM_ID_LAN><TERRORIST>" with "m4a1" (damage "35") (damage_armor "0") (health "55") (armor "0") (hitgroup "stomach")
L 03/02/2020 - 12:16:32: "Mito<3><STEAM_ID_LAN><CT>" attacked "xama na xinxa<7><STEAM_ID_LAN><TERRORIST>" with "m4a1" (damage "28") (damage_armor "0") (health "27") (armor "0") (hitgroup "left arm")
L 03/02/2020 - 12:16:46: "xama na xinxa<7><STEAM_ID_LAN><TERRORIST>" triggered "Got_The_Bomb"
L 03/02/2020 - 12:16:55: "Mito<3><STEAM_ID_LAN><CT>" attacked "xama na xinxa<7><STEAM_ID_LAN><TERRORIST>" with "m4a1" (damage "32") (damage_armor "0") (health "0") (armor "0") (hitgroup "right arm")
L 03/02/2020 - 12:16:55: "xama na xinxa<7><STEAM_ID_LAN><TERRORIST>" triggered "Dropped_The_Bomb"
L 03/02/2020 - 12:16:55: "Mito<3><STEAM_ID_LAN><CT>" killed "xama na xinxa<7><STEAM_ID_LAN><TERRORIST>" with "m4a1"
L 03/02/2020 - 12:16:55: Team "CT" triggered "CTs_Win" (CT "4") (T "3")
L 03/02/2020 - 12:16:55: Team "CT" scored "4" with "2" players
L 03/02/2020 - 12:16:55: Team "TERRORIST" scored "3" with "3" players
L 03/02/2020 - 12:16:55: World triggered "Round_End"
L 03/02/2020 - 12:17:00: "xama na xinxa<7><STEAM_ID_LAN><TERRORIST>" triggered "Got_The_Bomb"
L 03/02/2020 - 12:17:00: World triggered "Round_Start"
L 03/02/2020 - 12:17:12: "pirulito<5><STEAM_ID_LAN><TERRORIST>" attacked "Mito<3><STEAM_ID_LAN><CT>" with "ak47" (damage "26") (damage_armor "3") (health "74") (armor "96") (hitgroup "left arm")
L 03/02/2020 - 12:17:12: "pirulito<5><STEAM_ID_LAN><TERRORIST>" attacked "Mito<3><STEAM_ID_LAN><CT>" with "ak47" (damage "26") (damage_armor "3") (health "48") (armor "92") (hitgroup "left arm")
L 03/02/2020 - 12:17:14: "Mito<3><STEAM_ID_LAN><CT>" attacked "pirulito<5><STEAM_ID_LAN><TERRORIST>" with "hegrenade" (damage "8") (damage_armor "0") (health "92") (armor "100") (hitgroup "generic")
L 03/02/2020 - 12:17:18: "Mito<3><STEAM_ID_LAN><CT>" attacked "pirulito<5><STEAM_ID_LAN><TERRORIST>" with "ak47" (damage "27") (damage_armor "3") (health "65") (armor "96") (hitgroup "left arm")
L 03/02/2020 - 12:17:18: "Mito<3><STEAM_ID_LAN><CT>" attacked "pirulito<5><STEAM_ID_LAN><TERRORIST>" with "ak47" (damage "27") (damage_armor "3") (health "38") (armor "92") (hitgroup "left arm")
L 03/02/2020 - 12:17:23: "Mito<3><STEAM_ID_LAN><CT>" attacked "xama na xinxa<7><STEAM_ID_LAN><TERRORIST>" with "ak47" (damage "35") (damage_armor "0") (health "65") (armor "0") (hitgroup "right arm")
L 03/02/2020 - 12:17:23: "Pescotapa<6><STEAM_ID_LAN><CT>" attacked "xama na xinxa<7><STEAM_ID_LAN><TERRORIST>" with "m4a1" (damage "22") (damage_armor "0") (health "43") (armor "0") (hitgroup "left leg")
L 03/02/2020 - 12:17:23: "Pescotapa<6><STEAM_ID_LAN><CT>" attacked "xama na xinxa<7><STEAM_ID_LAN><TERRORIST>" with "m4a1" (damage "30") (damage_armor "0") (health "13") (armor "0") (hitgroup "chest")
L 03/02/2020 - 12:17:24: "Pescotapa<6><STEAM_ID_LAN><CT>" attacked "xama na xinxa<7><STEAM_ID_LAN><TERRORIST>" with "m4a1" (damage "38") (damage_armor "0") (health "0") (armor "0") (hitgroup "stomach")
L 03/02/2020 - 12:17:24: "xama na xinxa<7><STEAM_ID_LAN><TERRORIST>" triggered "Dropped_The_Bomb"
L 03/02/2020 - 12:17:24: "Pescotapa<6><STEAM_ID_LAN><CT>" killed "xama na xinxa<7><STEAM_ID_LAN><TERRORIST>" with "m4a1"
L 03/02/2020 - 12:17:24: "pirulito<5><STEAM_ID_LAN><TERRORIST>" attacked "Mito<3><STEAM_ID_LAN><CT>" with "ak47" (damage "33") (damage_armor "4") (health "15") (armor "87") (hitgroup "stomach")
L 03/02/2020 - 12:17:29: "pirulito<5><STEAM_ID_LAN><TERRORIST>" attacked "Mito<3><STEAM_ID_LAN><CT>" with "ak47" (damage "107") (damage_armor "15") (health "0") (armor "71") (hitgroup "head")
L 03/02/2020 - 12:17:29: "pirulito<5><STEAM_ID_LAN><TERRORIST>" killed "Mito<3><STEAM_ID_LAN><CT>" with "ak47" (headshot)
L 03/02/2020 - 12:17:31: "ICK<8><STEAM_ID_LAN><>" connected, address "10.70.0.27:27005"
L 03/02/2020 - 12:17:31: "ICK<STEAM_ID_LAN>" STEAM USERID validated
L 03/02/2020 - 12:17:34: "Pescotapa<6><STEAM_ID_LAN><CT>" attacked "pirulito<5><STEAM_ID_LAN><TERRORIST>" with "m4a1" (damage "127") (damage_armor "0") (health "0") (armor "92") (hitgroup "head")
L 03/02/2020 - 12:17:34: "Pescotapa<6><STEAM_ID_LAN><CT>" killed "pirulito<5><STEAM_ID_LAN><TERRORIST>" with "m4a1" (headshot)
L 03/02/2020 - 12:17:35: "Gohan<4><STEAM_ID_LAN><TERRORIST>" attacked "Pescotapa<6><STEAM_ID_LAN><CT>" with "sg552" (damage "119") (damage_armor "0") (health "0") (armor "0") (hitgroup "head")
L 03/02/2020 - 12:17:35: "Gohan<4><STEAM_ID_LAN><TERRORIST>" killed "Pescotapa<6><STEAM_ID_LAN><CT>" with "sg552" (headshot)
L 03/02/2020 - 12:17:35: Team "TERRORIST" triggered "Terrorists_Win" (CT "4") (T "4")
L 03/02/2020 - 12:17:35: Team "CT" scored "4" with "2" players
L 03/02/2020 - 12:17:35: Team "TERRORIST" scored "4" with "3" players
L 03/02/2020 - 12:17:35: World triggered "Round_End"
L 03/02/2020 - 12:17:40: "pirulito<5><STEAM_ID_LAN><TERRORIST>" triggered "Got_The_Bomb"
L 03/02/2020 - 12:17:40: World triggered "Round_Start"
L 03/02/2020 - 12:17:53: "Pescotapa<6><STEAM_ID_LAN><CT>" say_team "fica atras"
L 03/02/2020 - 12:17:54: "Mito<3><STEAM_ID_LAN><CT>" attacked "pirulito<5><STEAM_ID_LAN><TERRORIST>" with "famas" (damage "19") (damage_armor "0") (health "81") (armor "100") (hitgroup "left leg")
L 03/02/2020 - 12:17:54: "Mito<3><STEAM_ID_LAN><CT>" attacked "pirulito<5><STEAM_ID_LAN><TERRORIST>" with "famas" (damage "22") (damage_armor "4") (health "59") (armor "95") (hitgroup "stomach")
L 03/02/2020 - 12:17:57: "pirulito<5><STEAM_ID_LAN><TERRORIST>" attacked "Mito<3><STEAM_ID_LAN><CT>" with "ak47" (damage "103") (damage_armor "15") (health "0") (armor "84") (hitgroup "head")
L 03/02/2020 - 12:17:57: "pirulito<5><STEAM_ID_LAN><TERRORIST>" killed "Mito<3><STEAM_ID_LAN><CT>" with "ak47" (headshot)
L 03/02/2020 - 12:18:01: "ICK<8><STEAM_ID_LAN><>" entered the game
L 03/02/2020 - 12:18:02: "Pescotapa<6><STEAM_ID_LAN><CT>" attacked "Gohan<4><STEAM_ID_LAN><TERRORIST>" with "hegrenade" (damage "33") (damage_armor "0") (health "67") (armor "0") (hitgroup "generic")
L 03/02/2020 - 12:18:13: "Pescotapa<6><STEAM_ID_LAN><CT>" attacked "xama na xinxa<7><STEAM_ID_LAN><TERRORIST>" with "usp" (damage "105") (damage_armor "0") (health "0") (armor "0") (hitgroup "head")
L 03/02/2020 - 12:18:13: "Pescotapa<6><STEAM_ID_LAN><CT>" killed "xama na xinxa<7><STEAM_ID_LAN><TERRORIST>" with "usp" (headshot)
L 03/02/2020 - 12:18:15: "pirulito<5><STEAM_ID_LAN><TERRORIST>" triggered "Planted_The_Bomb"
L 03/02/2020 - 12:18:19: "Pescotapa<6><STEAM_ID_LAN><CT>" attacked "Gohan<4><STEAM_ID_LAN><TERRORIST>" with "g3sg1" (damage "98") (damage_armor "0") (health "0") (armor "0") (hitgroup "stomach")
L 03/02/2020 - 12:18:19: "Pescotapa<6><STEAM_ID_LAN><CT>" killed "Gohan<4><STEAM_ID_LAN><TERRORIST>" with "g3sg1"
L 03/02/2020 - 12:18:23: "Pescotapa<6><STEAM_ID_LAN><CT>" triggered "Begin_Bomb_Defuse_With_Kit"
L 03/02/2020 - 12:18:27: "pirulito<5><STEAM_ID_LAN><TERRORIST>" attacked "Pescotapa<6><STEAM_ID_LAN><CT>" with "ak47" (damage "27") (damage_armor "4") (health "73") (armor "95") (hitgroup "chest")
L 03/02/2020 - 12:18:28: "pirulito<5><STEAM_ID_LAN><TERRORIST>" attacked "Pescotapa<6><STEAM_ID_LAN><CT>" with "ak47" (damage "27") (damage_armor "4") (health "46") (armor "90") (hitgroup "chest")
L 03/02/2020 - 12:18:28: "pirulito<5><STEAM_ID_LAN><TERRORIST>" attacked "Pescotapa<6><STEAM_ID_LAN><CT>" with "ak47" (damage "27") (damage_armor "4") (health "19") (armor "85") (hitgroup "chest")
L 03/02/2020 - 12:18:28: "pirulito<5><STEAM_ID_LAN><TERRORIST>" attacked "Pescotapa<6><STEAM_ID_LAN><CT>" with "ak47" (damage "110") (damage_armor "16") (health "0") (armor "68") (hitgroup "head")
L 03/02/2020 - 12:18:28: "pirulito<5><STEAM_ID_LAN><TERRORIST>" killed "Pescotapa<6><STEAM_ID_LAN><CT>" with "ak47" (headshot)
L 03/02/2020 - 12:18:28: Team "TERRORIST" triggered "Terrorists_Win" (CT "4") (T "5")
L 03/02/2020 - 12:18:28: Team "CT" scored "4" with "2" players
L 03/02/2020 - 12:18:28: Team "TERRORIST" scored "5" with "3" players
L 03/02/2020 - 12:18:28: World triggered "Round_End"
L 03/02/2020 - 12:18:31: "ICK<8><STEAM_ID_LAN><Unassigned>" joined team "CT"
L 03/02/2020 - 12:18:33: "Gohan<4><STEAM_ID_LAN><TERRORIST>" triggered "Got_The_Bomb"
L 03/02/2020 - 12:18:33: World triggered "Round_Start"
L 03/02/2020 - 12:18:49: "Mito<3><STEAM_ID_LAN><CT>" attacked "pirulito<5><STEAM_ID_LAN><TERRORIST>" with "deagle" (damage "27") (damage_armor "4") (health "73") (armor "95") (hitgroup "left arm")
L 03/02/2020 - 12:18:50: "Pescotapa<6><STEAM_ID_LAN><CT>" attacked "pirulito<5><STEAM_ID_LAN><TERRORIST>" with "famas" (damage "20") (damage_armor "4") (health "53") (armor "90") (hitgroup "left arm")
L 03/02/2020 - 12:18:50: "Pescotapa<6><STEAM_ID_LAN><CT>" attacked "pirulito<5><STEAM_ID_LAN><TERRORIST>" with "famas" (damage "5") (damage_armor "1") (health "48") (armor "88") (hitgroup "right arm")
L 03/02/2020 - 12:18:51: "Pescotapa<6><STEAM_ID_LAN><CT>" attacked "pirulito<5><STEAM_ID_LAN><TERRORIST>" with "famas" (damage "5") (damage_armor "1") (health "43") (armor "86") (hitgroup "chest")
L 03/02/2020 - 12:18:53: "Pescotapa<6><STEAM_ID_LAN><CT>" attacked "Gohan<4><STEAM_ID_LAN><TERRORIST>" with "famas" (damage "25") (damage_armor "5") (health "75") (armor "94") (hitgroup "stomach")
L 03/02/2020 - 12:18:53: "Pescotapa<6><STEAM_ID_LAN><CT>" attacked "Gohan<4><STEAM_ID_LAN><TERRORIST>" with "famas" (damage "114") (damage_armor "0") (health "0") (armor "94") (hitgroup "head")
L 03/02/2020 - 12:18:53: "Gohan<4><STEAM_ID_LAN><TERRORIST>" triggered "Dropped_The_Bomb"
L 03/02/2020 - 12:18:53: "Pescotapa<6><STEAM_ID_LAN><CT>" killed "Gohan<4><STEAM_ID_LAN><TERRORIST>" with "famas" (headshot)
L 03/02/2020 - 12:18:53: "pirulito<5><STEAM_ID_LAN><TERRORIST>" triggered "Got_The_Bomb"
L 03/02/2020 - 12:19:01: "pirulito<5><STEAM_ID_LAN><TERRORIST>" attacked "Pescotapa<6><STEAM_ID_LAN><CT>" with "ak47" (damage "35") (damage_armor "0") (health "65") (armor "0") (hitgroup "left arm")
L 03/02/2020 - 12:19:01: "Pescotapa<6><STEAM_ID_LAN><CT>" attacked "pirulito<5><STEAM_ID_LAN><TERRORIST>" with "famas" (damage "25") (damage_armor "5") (health "18") (armor "80") (hitgroup "stomach")
L 03/02/2020 - 12:19:01: "Mito<3><STEAM_ID_LAN><CT>" attacked "pirulito<5><STEAM_ID_LAN><TERRORIST>" with "deagle" (damage "29") (damage_armor "4") (health "0") (armor "75") (hitgroup "chest")
L 03/02/2020 - 12:19:01: "pirulito<5><STEAM_ID_LAN><TERRORIST>" triggered "Dropped_The_Bomb"
L 03/02/2020 - 12:19:01: "Mito<3><STEAM_ID_LAN><CT>" killed "pirulito<5><STEAM_ID_LAN><TERRORIST>" with "deagle"
L 03/02/2020 - 12:19:07: "Mito<3><STEAM_ID_LAN><CT>" attacked "xama na xinxa<7><STEAM_ID_LAN><TERRORIST>" with "deagle" (damage "113") (damage_armor "18") (health "0") (armor "81") (hitgroup "head")
L 03/02/2020 - 12:19:07: "Mito<3><STEAM_ID_LAN><CT>" killed "xama na xinxa<7><STEAM_ID_LAN><TERRORIST>" with "deagle" (headshot)
L 03/02/2020 - 12:19:07: Team "CT" triggered "CTs_Win" (CT "5") (T "5")
L 03/02/2020 - 12:19:07: Team "CT" scored "5" with "3" players
L 03/02/2020 - 12:19:07: Team "TERRORIST" scored "5" with "3" players
L 03/02/2020 - 12:19:07: World triggered "Round_End"
L 03/02/2020 - 12:19:12: "xama na xinxa<7><STEAM_ID_LAN><TERRORIST>" triggered "Got_The_Bomb"
L 03/02/2020 - 12:19:12: World triggered "Round_Start"
L 03/02/2020 - 12:19:29: "ICK<8><STEAM_ID_LAN><CT>" attacked "pirulito<5><STEAM_ID_LAN><TERRORIST>" with "m4a1" (damage "88") (damage_armor "18") (health "12") (armor "81") (hitgroup "head")
L 03/02/2020 - 12:19:29: "ICK<8><STEAM_ID_LAN><CT>" attacked "xama na xinxa<7><STEAM_ID_LAN><TERRORIST>" with "m4a1" (damage "14") (damage_armor "0") (health "86") (armor "0") (hitgroup "left arm")
L 03/02/2020 - 12:19:29: "ICK<8><STEAM_ID_LAN><CT>" attacked "xama na xinxa<7><STEAM_ID_LAN><TERRORIST>" with "m4a1" (damage "30") (damage_armor "0") (health "56") (armor "0") (hitgroup "chest")
L 03/02/2020 - 12:19:29: "pirulito<5><STEAM_ID_LAN><TERRORIST>" attacked "ICK<8><STEAM_ID_LAN><CT>" with "ak47" (damage "12") (damage_armor "0") (health "88") (armor "0") (hitgroup "stomach")
L 03/02/2020 - 12:19:32: "pirulito<5><STEAM_ID_LAN><TERRORIST>" attacked "ICK<8><STEAM_ID_LAN><CT>" with "ak47" (damage "34") (damage_armor "0") (health "54") (armor "0") (hitgroup "left arm")
L 03/02/2020 - 12:19:32: "pirulito<5><STEAM_ID_LAN><TERRORIST>" attacked "ICK<8><STEAM_ID_LAN><CT>" with "ak47" (damage "34") (damage_armor "0") (health "20") (armor "0") (hitgroup "left arm")
L 03/02/2020 - 12:19:32: "ICK<8><STEAM_ID_LAN><CT>" attacked "pirulito<5><STEAM_ID_LAN><TERRORIST>" with "m4a1" (damage "22") (damage_armor "4") (health "0") (armor "76") (hitgroup "right arm")
L 03/02/2020 - 12:19:32: "ICK<8><STEAM_ID_LAN><CT>" killed "pirulito<5><STEAM_ID_LAN><TERRORIST>" with "m4a1"
L 03/02/2020 - 12:19:34: "Gohan<4><STEAM_ID_LAN><TERRORIST>" attacked "Mito<3><STEAM_ID_LAN><CT>" with "ak47" (damage "24") (damage_armor "0") (health "76") (armor "100") (hitgroup "right leg")
L 03/02/2020 - 12:19:34: "Mito<3><STEAM_ID_LAN><CT>" attacked "Gohan<4><STEAM_ID_LAN><TERRORIST>" with "sg552" (damage "20") (damage_armor "0") (health "80") (armor "100") (hitgroup "right leg")
L 03/02/2020 - 12:19:34: "xama na xinxa<7><STEAM_ID_LAN><TERRORIST>" attacked "ICK<8><STEAM_ID_LAN><CT>" with "ak47" (damage "35") (damage_armor "0") (health "0") (armor "0") (hitgroup "chest")
L 03/02/2020 - 12:19:34: "xama na xinxa<7><STEAM_ID_LAN><TERRORIST>" killed "ICK<8><STEAM_ID_LAN><CT>" with "ak47"
L 03/02/2020 - 12:19:34: "Mito<3><STEAM_ID_LAN><CT>" attacked "Gohan<4><STEAM_ID_LAN><TERRORIST>" with "sg552" (damage "23") (damage_armor "5") (health "57") (armor "94") (hitgroup "stomach")
L 03/02/2020 - 12:19:38: "Gohan<4><STEAM_ID_LAN><TERRORIST>" attacked "Mito<3><STEAM_ID_LAN><CT>" with "ak47" (damage "31") (damage_armor "4") (health "45") (armor "95") (hitgroup "stomach")
L 03/02/2020 - 12:19:38: "Gohan<4><STEAM_ID_LAN><TERRORIST>" attacked "Mito<3><STEAM_ID_LAN><CT>" with "ak47" (damage "24") (damage_armor "0") (health "21") (armor "95") (hitgroup "left leg")
L 03/02/2020 - 12:19:57: "Mito<3><STEAM_ID_LAN><CT>" attacked "Gohan<4><STEAM_ID_LAN><TERRORIST>" with "sg552" (damage "22") (damage_armor "0") (health "35") (armor "94") (hitgroup "left leg")
L 03/02/2020 - 12:19:57: "Gohan<4><STEAM_ID_LAN><TERRORIST>" attacked "Mito<3><STEAM_ID_LAN><CT>" with "m4a1" (damage "86") (damage_armor "18") (health "0") (armor "76") (hitgroup "head")
L 03/02/2020 - 12:19:57: "Gohan<4><STEAM_ID_LAN><TERRORIST>" killed "Mito<3><STEAM_ID_LAN><CT>" with "m4a1" (headshot)
L 03/02/2020 - 12:20:03: "Pescotapa<6><STEAM_ID_LAN><CT>" attacked "xama na xinxa<7><STEAM_ID_LAN><TERRORIST>" with "ak47" (damage "140") (damage_armor "0") (health "0") (armor "0") (hitgroup "head")
L 03/02/2020 - 12:20:03: "xama na xinxa<7><STEAM_ID_LAN><TERRORIST>" triggered "Dropped_The_Bomb"
L 03/02/2020 - 12:20:03: "Pescotapa<6><STEAM_ID_LAN><CT>" killed "xama na xinxa<7><STEAM_ID_LAN><TERRORIST>" with "ak47" (headshot)
L 03/02/2020 - 12:20:15: "Gohan<4><STEAM_ID_LAN><TERRORIST>" attacked "Pescotapa<6><STEAM_ID_LAN><CT>" with "m4a1" (damage "126") (damage_armor "0") (health "0") (armor "0") (hitgroup "head")
L 03/02/2020 - 12:20:15: "Gohan<4><STEAM_ID_LAN><TERRORIST>" killed "Pescotapa<6><STEAM_ID_LAN><CT>" with "m4a1" (headshot)
L 03/02/2020 - 12:20:15: Team "TERRORIST" triggered "Terrorists_Win" (CT "5") (T "6")
L 03/02/2020 - 12:20:15: Team "CT" scored "5" with "3" players
L 03/02/2020 - 12:20:15: Team "TERRORIST" scored "6" with "3" players
L 03/02/2020 - 12:20:15: World triggered "Round_End"
L 03/02/2020 - 12:20:18: "Gohan<4><STEAM_ID_LAN><TERRORIST>" triggered "Got_The_Bomb"
L 03/02/2020 - 12:20:20: "pirulito<5><STEAM_ID_LAN><TERRORIST>" triggered "Got_The_Bomb"
L 03/02/2020 - 12:20:20: World triggered "Round_Start"
L 03/02/2020 - 12:20:32: "Mito<3><STEAM_ID_LAN><CT>" attacked "pirulito<5><STEAM_ID_LAN><TERRORIST>" with "m4a1" (damage "26") (damage_armor "5") (health "74") (armor "94") (hitgroup "stomach")
L 03/02/2020 - 12:20:33: "Mito<3><STEAM_ID_LAN><CT>" attacked "Gohan<4><STEAM_ID_LAN><TERRORIST>" with "m4a1" (damage "21") (damage_armor "4") (health "79") (armor "89") (hitgroup "right arm")
L 03/02/2020 - 12:20:34: "pirulito<5><STEAM_ID_LAN><TERRORIST>" attacked "Mito<3><STEAM_ID_LAN><CT>" with "ak47" (damage "26") (damage_armor "0") (health "74") (armor "100") (hitgroup "left leg")
L 03/02/2020 - 12:20:34: "Mito<3><STEAM_ID_LAN><CT>" attacked "Gohan<4><STEAM_ID_LAN><TERRORIST>" with "m4a1" (damage "120") (damage_armor "0") (health "0") (armor "89") (hitgroup "head")
L 03/02/2020 - 12:20:34: "Mito<3><STEAM_ID_LAN><CT>" killed "Gohan<4><STEAM_ID_LAN><TERRORIST>" with "m4a1" (headshot)
L 03/02/2020 - 12:20:34: "pirulito<5><STEAM_ID_LAN><TERRORIST>" attacked "Mito<3><STEAM_ID_LAN><CT>" with "ak47" (damage "27") (damage_armor "3") (health "47") (armor "96") (hitgroup "right arm")
L 03/02/2020 - 12:20:35: "Pescotapa<6><STEAM_ID_LAN><CT>" attacked "xama na xinxa<7><STEAM_ID_LAN><TERRORIST>" with "usp" (damage "27") (damage_armor "0") (health "73") (armor "0") (hitgroup "left arm")
L 03/02/2020 - 12:20:35: "xama na xinxa<7><STEAM_ID_LAN><TERRORIST>" attacked "Pescotapa<6><STEAM_ID_LAN><CT>" with "deagle" (damage "33") (damage_armor "5") (health "67") (armor "94") (hitgroup "right arm")
L 03/02/2020 - 12:20:37: "pirulito<5><STEAM_ID_LAN><TERRORIST>" attacked "Mito<3><STEAM_ID_LAN><CT>" with "ak47" (damage "107") (damage_armor "15") (health "0") (armor "80") (hitgroup "head")
L 03/02/2020 - 12:20:37: "pirulito<5><STEAM_ID_LAN><TERRORIST>" killed "Mito<3><STEAM_ID_LAN><CT>" with "ak47" (headshot)
L 03/02/2020 - 12:20:40: "Pescotapa<6><STEAM_ID_LAN><CT>" attacked "xama na xinxa<7><STEAM_ID_LAN><TERRORIST>" with "usp" (damage "27") (damage_armor "0") (health "46") (armor "0") (hitgroup "right arm")
L 03/02/2020 - 12:20:40: "Pescotapa<6><STEAM_ID_LAN><CT>" attacked "xama na xinxa<7><STEAM_ID_LAN><TERRORIST>" with "usp" (damage "27") (damage_armor "0") (health "19") (armor "0") (hitgroup "left arm")
L 03/02/2020 - 12:20:40: "xama na xinxa<7><STEAM_ID_LAN><TERRORIST>" attacked "Pescotapa<6><STEAM_ID_LAN><CT>" with "deagle" (damage "42") (damage_armor "7") (health "25") (armor "86") (hitgroup "stomach")
L 03/02/2020 - 12:20:45: "Pescotapa<6><STEAM_ID_LAN><CT>" attacked "xama na xinxa<7><STEAM_ID_LAN><TERRORIST>" with "usp" (damage "39") (damage_armor "0") (health "0") (armor "0") (hitgroup "stomach")
L 03/02/2020 - 12:20:45: "Pescotapa<6><STEAM_ID_LAN><CT>" killed "xama na xinxa<7><STEAM_ID_LAN><TERRORIST>" with "usp"
L 03/02/2020 - 12:20:50: "ICK<8><STEAM_ID_LAN><CT>" attacked "pirulito<5><STEAM_ID_LAN><TERRORIST>" with "usp" (damage "3") (damage_armor "1") (health "71") (armor "92") (hitgroup "chest")
L 03/02/2020 - 12:20:50: "pirulito<5><STEAM_ID_LAN><TERRORIST>" attacked "ICK<8><STEAM_ID_LAN><CT>" with "ak47" (damage "26") (damage_armor "0") (health "74") (armor "100") (hitgroup "left leg")
L 03/02/2020 - 12:20:50: "ICK<8><STEAM_ID_LAN><CT>" attacked "pirulito<5><STEAM_ID_LAN><TERRORIST>" with "usp" (damage "10") (damage_armor "5") (health "61") (armor "86") (hitgroup "left arm")
L 03/02/2020 - 12:20:51: "ICK<8><STEAM_ID_LAN><CT>" attacked "pirulito<5><STEAM_ID_LAN><TERRORIST>" with "usp" (damage "44") (damage_armor "22") (health "17") (armor "63") (hitgroup "head")
L 03/02/2020 - 12:20:52: "Pescotapa<6><STEAM_ID_LAN><CT>" attacked "pirulito<5><STEAM_ID_LAN><TERRORIST>" with "m4a1" (damage "24") (damage_armor "0") (health "0") (armor "63") (hitgroup "left leg")
L 03/02/2020 - 12:20:52: "pirulito<5><STEAM_ID_LAN><TERRORIST>" triggered "Dropped_The_Bomb"
L 03/02/2020 - 12:20:52: "Pescotapa<6><STEAM_ID_LAN><CT>" killed "pirulito<5><STEAM_ID_LAN><TERRORIST>" with "m4a1"
L 03/02/2020 - 12:20:52: Team "CT" triggered "CTs_Win" (CT "6") (T "6")
L 03/02/2020 - 12:20:52: Team "CT" scored "6" with "3" players
L 03/02/2020 - 12:20:52: Team "TERRORIST" scored "6" with "3" players
L 03/02/2020 - 12:20:52: World triggered "Round_End"
L 03/02/2020 - 12:20:57: "Gohan<4><STEAM_ID_LAN><TERRORIST>" triggered "Got_The_Bomb"
L 03/02/2020 - 12:20:57: World triggered "Round_Start"
L 03/02/2020 - 12:21:06: "Pescotapa<6><STEAM_ID_LAN><CT>" say "mapa todo"
L 03/02/2020 - 12:21:14: "pirulito<5><STEAM_ID_LAN><TERRORIST>" attacked "Mito<3><STEAM_ID_LAN><CT>" with "galil" (damage "28") (damage_armor "4") (health "72") (armor "95") (hitgroup "stomach")
L 03/02/2020 - 12:21:14: "pirulito<5><STEAM_ID_LAN><TERRORIST>" attacked "Mito<3><STEAM_ID_LAN><CT>" with "galil" (damage "22") (damage_armor "0") (health "50") (armor "95") (hitgroup "right leg")
L 03/02/2020 - 12:21:14: "pirulito<5><STEAM_ID_LAN><TERRORIST>" attacked "Mito<3><STEAM_ID_LAN><CT>" with "galil" (damage "28") (damage_armor "4") (health "22") (armor "90") (hitgroup "stomach")
L 03/02/2020 - 12:21:14: "pirulito<5><STEAM_ID_LAN><TERRORIST>" attacked "Mito<3><STEAM_ID_LAN><CT>" with "galil" (damage "28") (damage_armor "4") (health "0") (armor "85") (hitgroup "stomach")
L 03/02/2020 - 12:21:14: "pirulito<5><STEAM_ID_LAN><TERRORIST>" killed "Mito<3><STEAM_ID_LAN><CT>" with "galil"
L 03/02/2020 - 12:21:19: "pirulito<5><STEAM_ID_LAN><TERRORIST>" attacked "Pescotapa<6><STEAM_ID_LAN><CT>" with "galil" (damage "28") (damage_armor "4") (health "72") (armor "95") (hitgroup "stomach")
L 03/02/2020 - 12:21:20: "pirulito<5><STEAM_ID_LAN><TERRORIST>" attacked "Pescotapa<6><STEAM_ID_LAN><CT>" with "galil" (damage "22") (damage_armor "0") (health "50") (armor "95") (hitgroup "left leg")
L 03/02/2020 - 12:21:20: "pirulito<5><STEAM_ID_LAN><TERRORIST>" attacked "Pescotapa<6><STEAM_ID_LAN><CT>" with "galil" (damage "28") (damage_armor "4") (health "22") (armor "90") (hitgroup "stomach")
L 03/02/2020 - 12:21:20: "pirulito<5><STEAM_ID_LAN><TERRORIST>" attacked "Pescotapa<6><STEAM_ID_LAN><CT>" with "galil" (damage "28") (damage_armor "4") (health "0") (armor "85") (hitgroup "stomach")
L 03/02/2020 - 12:21:20: "pirulito<5><STEAM_ID_LAN><TERRORIST>" killed "Pescotapa<6><STEAM_ID_LAN><CT>" with "galil"
L 03/02/2020 - 12:21:24: "Gohan<4><STEAM_ID_LAN><TERRORIST>" triggered "Planted_The_Bomb"
L 03/02/2020 - 12:21:31: "ICK<8><STEAM_ID_LAN><CT>" attacked "pirulito<5><STEAM_ID_LAN><TERRORIST>" with "m4a1" (damage "24") (damage_armor "0") (health "76") (armor "0") (hitgroup "left leg")
L 03/02/2020 - 12:21:31: "ICK<8><STEAM_ID_LAN><CT>" attacked "pirulito<5><STEAM_ID_LAN><TERRORIST>" with "m4a1" (damage "24") (damage_armor "0") (health "52") (armor "0") (hitgroup "left leg")
L 03/02/2020 - 12:21:31: "pirulito<5><STEAM_ID_LAN><TERRORIST>" attacked "ICK<8><STEAM_ID_LAN><CT>" with "galil" (damage "92") (damage_armor "13") (health "8") (armor "86") (hitgroup "head")
L 03/02/2020 - 12:21:31: "ICK<8><STEAM_ID_LAN><CT>" attacked "pirulito<5><STEAM_ID_LAN><TERRORIST>" with "m4a1" (damage "130") (damage_armor "0") (health "0") (armor "0") (hitgroup "head")
L 03/02/2020 - 12:21:31: "ICK<8><STEAM_ID_LAN><CT>" killed "pirulito<5><STEAM_ID_LAN><TERRORIST>" with "m4a1" (headshot)
L 03/02/2020 - 12:21:33: "ICK<8><STEAM_ID_LAN><CT>" attacked "Gohan<4><STEAM_ID_LAN><TERRORIST>" with "m4a1" (damage "22") (damage_armor "0") (health "78") (armor "100") (hitgroup "left leg")
L 03/02/2020 - 12:21:34: "Gohan<4><STEAM_ID_LAN><TERRORIST>" attacked "ICK<8><STEAM_ID_LAN><CT>" with "sg552" (damage "21") (damage_armor "4") (health "0") (armor "81") (hitgroup "chest")
L 03/02/2020 - 12:21:34: "Gohan<4><STEAM_ID_LAN><TERRORIST>" killed "ICK<8><STEAM_ID_LAN><CT>" with "sg552"
L 03/02/2020 - 12:21:34: Team "TERRORIST" triggered "Terrorists_Win" (CT "6") (T "7")
L 03/02/2020 - 12:21:34: Team "CT" scored "6" with "3" players
L 03/02/2020 - 12:21:34: Team "TERRORIST" scored "7" with "3" players
L 03/02/2020 - 12:21:34: World triggered "Round_End"
L 03/02/2020 - 12:21:39: "xama na xinxa<7><STEAM_ID_LAN><TERRORIST>" triggered "Got_The_Bomb"
L 03/02/2020 - 12:21:39: World triggered "Round_Start"
L 03/02/2020 - 12:21:47: "pirulito<5><STEAM_ID_LAN><TERRORIST>" attacked "Mito<3><STEAM_ID_LAN><CT>" with "ak47" (damage "26") (damage_armor "3") (health "74") (armor "96") (hitgroup "left arm")
L 03/02/2020 - 12:21:48: "Mito<3><STEAM_ID_LAN><CT>" attacked "pirulito<5><STEAM_ID_LAN><TERRORIST>" with "m4a1" (damage "20") (damage_armor "4") (health "80") (armor "95") (hitgroup "chest")
L 03/02/2020 - 12:21:48: "pirulito<5><STEAM_ID_LAN><TERRORIST>" attacked "Mito<3><STEAM_ID_LAN><CT>" with "ak47" (damage "25") (damage_armor "0") (health "49") (armor "96") (hitgroup "left leg")
L 03/02/2020 - 12:22:02: "ICK<8><STEAM_ID_LAN><CT>" attacked "xama na xinxa<7><STEAM_ID_LAN><TERRORIST>" with "m4a1" (damage "30") (damage_armor "0") (health "70") (armor "0") (hitgroup "chest")
L 03/02/2020 - 12:22:02: "ICK<8><STEAM_ID_LAN><CT>" attacked "xama na xinxa<7><STEAM_ID_LAN><TERRORIST>" with "m4a1" (damage "8") (damage_armor "0") (health "62") (armor "0") (hitgroup "right arm")
L 03/02/2020 - 12:22:09: "ICK<8><STEAM_ID_LAN><CT>" attacked "xama na xinxa<7><STEAM_ID_LAN><TERRORIST>" with "m4a1" (damage "31") (damage_armor "0") (health "31") (armor "0") (hitgroup "right arm")
L 03/02/2020 - 12:22:15: "pirulito<5><STEAM_ID_LAN><TERRORIST>" attacked "Gohan<4><STEAM_ID_LAN><TERRORIST>" with "ak47" (damage "49") (damage_armor "0") (health "51") (armor "100") (hitgroup "head")
L 03/02/2020 - 12:22:24: "Mito<3><STEAM_ID_LAN><CT>" attacked "Pescotapa<6><STEAM_ID_LAN><CT>" with "m4a1" (damage "11") (damage_armor "0") (health "89") (armor "0") (hitgroup "left arm")
L 03/02/2020 - 12:22:34: "ICK<8><STEAM_ID_LAN><CT>" attacked "pirulito<5><STEAM_ID_LAN><TERRORIST>" with "m4a1" (damage "21") (damage_armor "4") (health "59") (armor "90") (hitgroup "left arm")
L 03/02/2020 - 12:22:34: "ICK<8><STEAM_ID_LAN><CT>" attacked "pirulito<5><STEAM_ID_LAN><TERRORIST>" with "m4a1" (damage "26") (damage_armor "5") (health "33") (armor "84") (hitgroup "stomach")
L 03/02/2020 - 12:22:34: "ICK<8><STEAM_ID_LAN><CT>" attacked "pirulito<5><STEAM_ID_LAN><TERRORIST>" with "m4a1" (damage "26") (damage_armor "5") (health "7") (armor "78") (hitgroup "stomach")
L 03/02/2020 - 12:22:35: "xama na xinxa<7><STEAM_ID_LAN><TERRORIST>" triggered "Planted_The_Bomb"
L 03/02/2020 - 12:22:42: "pirulito<5><STEAM_ID_LAN><TERRORIST>" attacked "ICK<8><STEAM_ID_LAN><CT>" with "ak47" (damage "27") (damage_armor "3") (health "73") (armor "96") (hitgroup "left arm")
L 03/02/2020 - 12:22:42: "ICK<8><STEAM_ID_LAN><CT>" attacked "pirulito<5><STEAM_ID_LAN><TERRORIST>" with "m4a1" (damage "22") (damage_armor "4") (health "0") (armor "73") (hitgroup "right arm")
L 03/02/2020 - 12:22:42: "ICK<8><STEAM_ID_LAN><CT>" killed "pirulito<5><STEAM_ID_LAN><TERRORIST>" with "m4a1"
L 03/02/2020 - 12:22:46: "Gohan<4><STEAM_ID_LAN><TERRORIST>" attacked "ICK<8><STEAM_ID_LAN><CT>" with "sg552" (damage "21") (damage_armor "4") (health "52") (armor "91") (hitgroup "right arm")
L 03/02/2020 - 12:22:46: "Gohan<4><STEAM_ID_LAN><TERRORIST>" attacked "ICK<8><STEAM_ID_LAN><CT>" with "sg552" (damage "26") (damage_armor "5") (health "26") (armor "85") (hitgroup "stomach")
L 03/02/2020 - 12:22:47: "Gohan<4><STEAM_ID_LAN><TERRORIST>" attacked "ICK<8><STEAM_ID_LAN><CT>" with "sg552" (damage "21") (damage_armor "4") (health "5") (armor "80") (hitgroup "chest")
L 03/02/2020 - 12:22:47: "ICK<8><STEAM_ID_LAN><CT>" attacked "Gohan<4><STEAM_ID_LAN><TERRORIST>" with "m4a1" (damage "21") (damage_armor "4") (health "30") (armor "95") (hitgroup "left arm")
L 03/02/2020 - 12:22:47: "ICK<8><STEAM_ID_LAN><CT>" attacked "Gohan<4><STEAM_ID_LAN><TERRORIST>" with "m4a1" (damage "21") (damage_armor "4") (health "9") (armor "90") (hitgroup "right arm")
L 03/02/2020 - 12:22:48: "Gohan<4><STEAM_ID_LAN><TERRORIST>" attacked "ICK<8><STEAM_ID_LAN><CT>" with "sg552" (damage "85") (damage_armor "18") (health "0") (armor "61") (hitgroup "head")
L 03/02/2020 - 12:22:48: "Gohan<4><STEAM_ID_LAN><TERRORIST>" killed "ICK<8><STEAM_ID_LAN><CT>" with "sg552" (headshot)
L 03/02/2020 - 12:22:55: "Mito<3><STEAM_ID_LAN><CT>" attacked "Gohan<4><STEAM_ID_LAN><TERRORIST>" with "m4a1" (damage "29") (damage_armor "0") (health "0") (armor "90") (hitgroup "head")
L 03/02/2020 - 12:22:55: "Mito<3><STEAM_ID_LAN><CT>" killed "Gohan<4><STEAM_ID_LAN><TERRORIST>" with "m4a1" (headshot)
L 03/02/2020 - 12:22:58: "Mito<3><STEAM_ID_LAN><CT>" triggered "Begin_Bomb_Defuse_Without_Kit"
L 03/02/2020 - 12:22:59: "Mito<3><STEAM_ID_LAN><CT>" triggered "Begin_Bomb_Defuse_Without_Kit"
L 03/02/2020 - 12:23:01: "Mito<3><STEAM_ID_LAN><CT>" attacked "Pescotapa<6><STEAM_ID_LAN><CT>" with "m4a1" (damage "13") (damage_armor "0") (health "76") (armor "0") (hitgroup "stomach")
L 03/02/2020 - 12:23:02: "Pescotapa<6><STEAM_ID_LAN><CT>" attacked "Mito<3><STEAM_ID_LAN><CT>" with "m4a1" (damage "8") (damage_armor "0") (health "41") (armor "96") (hitgroup "right leg")
L 03/02/2020 - 12:23:02: "Pescotapa<6><STEAM_ID_LAN><CT>" attacked "Mito<3><STEAM_ID_LAN><CT>" with "m4a1" (damage "4") (damage_armor "1") (health "37") (armor "94") (hitgroup "left arm")
L 03/02/2020 - 12:23:02: "xama na xinxa<7><STEAM_ID_LAN><TERRORIST>" attacked "Mito<3><STEAM_ID_LAN><CT>" with "awp" (damage "445") (damage_armor "5") (health "0") (armor "88") (hitgroup "head")
L 03/02/2020 - 12:23:02: "xama na xinxa<7><STEAM_ID_LAN><TERRORIST>" killed "Mito<3><STEAM_ID_LAN><CT>" with "awp" (headshot)
L 03/02/2020 - 12:23:03: "Pescotapa<6><STEAM_ID_LAN><CT>" attacked "xama na xinxa<7><STEAM_ID_LAN><TERRORIST>" with "m4a1" (damage "40") (damage_armor "0") (health "0") (armor "0") (hitgroup "stomach")
L 03/02/2020 - 12:23:03: "Pescotapa<6><STEAM_ID_LAN><CT>" killed "xama na xinxa<7><STEAM_ID_LAN><TERRORIST>" with "m4a1"
L 03/02/2020 - 12:23:05: "Pescotapa<6><STEAM_ID_LAN><CT>" triggered "Begin_Bomb_Defuse_With_Kit"
L 03/02/2020 - 12:23:10: "Pescotapa<6><STEAM_ID_LAN><CT>" triggered "Defused_The_Bomb"
L 03/02/2020 - 12:23:10: Team "CT" triggered "Bomb_Defused" (CT "7") (T "7")
L 03/02/2020 - 12:23:10: Team "CT" scored "7" with "3" players
L 03/02/2020 - 12:23:10: Team "TERRORIST" scored "7" with "3" players
L 03/02/2020 - 12:23:10: World triggered "Round_End"
L 03/02/2020 - 12:23:15: "pirulito<5><STEAM_ID_LAN><TERRORIST>" triggered "Got_The_Bomb"
L 03/02/2020 - 12:23:15: World triggered "Round_Start"
L 03/02/2020 - 12:23:35: "xama na xinxa<7><STEAM_ID_LAN><TERRORIST>" attacked "Mito<3><STEAM_ID_LAN><CT>" with "awp" (damage "109") (damage_armor "1") (health "0") (armor "98") (hitgroup "right arm")
L 03/02/2020 - 12:23:35: "xama na xinxa<7><STEAM_ID_LAN><TERRORIST>" killed "Mito<3><STEAM_ID_LAN><CT>" with "awp"
L 03/02/2020 - 12:23:41: "Pescotapa<6><STEAM_ID_LAN><CT>" attacked "xama na xinxa<7><STEAM_ID_LAN><TERRORIST>" with "m4a1" (damage "32") (damage_armor "0") (health "68") (armor "0") (hitgroup "left arm")
L 03/02/2020 - 12:23:42: "Pescotapa<6><STEAM_ID_LAN><CT>" attacked "xama na xinxa<7><STEAM_ID_LAN><TERRORIST>" with "m4a1" (damage "32") (damage_armor "0") (health "36") (armor "0") (hitgroup "chest")
L 03/02/2020 - 12:23:42: "Pescotapa<6><STEAM_ID_LAN><CT>" attacked "xama na xinxa<7><STEAM_ID_LAN><TERRORIST>" with "m4a1" (damage "129") (damage_armor "0") (health "0") (armor "0") (hitgroup "head")
L 03/02/2020 - 12:23:42: "Pescotapa<6><STEAM_ID_LAN><CT>" killed "xama na xinxa<7><STEAM_ID_LAN><TERRORIST>" with "m4a1" (headshot)
L 03/02/2020 - 12:23:42: "Pescotapa<6><STEAM_ID_LAN><CT>" attacked "pirulito<5><STEAM_ID_LAN><TERRORIST>" with "m4a1" (damage "40") (damage_armor "0") (health "60") (armor "0") (hitgroup "stomach")
L 03/02/2020 - 12:23:43: "Pescotapa<6><STEAM_ID_LAN><CT>" attacked "pirulito<5><STEAM_ID_LAN><TERRORIST>" with "m4a1" (damage "129") (damage_armor "0") (health "0") (armor "0") (hitgroup "head")
L 03/02/2020 - 12:23:43: "pirulito<5><STEAM_ID_LAN><TERRORIST>" triggered "Dropped_The_Bomb"
L 03/02/2020 - 12:23:43: "Pescotapa<6><STEAM_ID_LAN><CT>" killed "pirulito<5><STEAM_ID_LAN><TERRORIST>" with "m4a1" (headshot)
L 03/02/2020 - 12:23:53: "Pescotapa<6><STEAM_ID_LAN><CT>" attacked "Gohan<4><STEAM_ID_LAN><TERRORIST>" with "m4a1" (damage "23") (damage_armor "4") (health "77") (armor "95") (hitgroup "chest")
L 03/02/2020 - 12:23:53: "Pescotapa<6><STEAM_ID_LAN><CT>" attacked "Gohan<4><STEAM_ID_LAN><TERRORIST>" with "m4a1" (damage "23") (damage_armor "4") (health "54") (armor "90") (hitgroup "chest")
L 03/02/2020 - 12:23:53: "Pescotapa<6><STEAM_ID_LAN><CT>" attacked "Gohan<4><STEAM_ID_LAN><TERRORIST>" with "m4a1" (damage "23") (damage_armor "4") (health "31") (armor "85") (hitgroup "right arm")
L 03/02/2020 - 12:23:53: "Pescotapa<6><STEAM_ID_LAN><CT>" attacked "Gohan<4><STEAM_ID_LAN><TERRORIST>" with "m4a1" (damage "131") (damage_armor "0") (health "0") (armor "85") (hitgroup "head")
L 03/02/2020 - 12:23:53: "Pescotapa<6><STEAM_ID_LAN><CT>" killed "Gohan<4><STEAM_ID_LAN><TERRORIST>" with "m4a1" (headshot)
L 03/02/2020 - 12:23:53: Team "CT" triggered "CTs_Win" (CT "8") (T "7")
L 03/02/2020 - 12:23:53: Team "CT" scored "8" with "3" players
L 03/02/2020 - 12:23:53: Team "TERRORIST" scored "7" with "3" players
L 03/02/2020 - 12:23:53: World triggered "Round_End"
L 03/02/2020 - 12:23:58: "Gohan<4><STEAM_ID_LAN><TERRORIST>" triggered "Got_The_Bomb"
L 03/02/2020 - 12:23:58: World triggered "Round_Start"
L 03/02/2020 - 12:24:24: "Gohan<4><STEAM_ID_LAN><TERRORIST>" triggered "Planted_The_Bomb"
L 03/02/2020 - 12:24:32: "ICK<8><STEAM_ID_LAN><CT>" attacked "xama na xinxa<7><STEAM_ID_LAN><TERRORIST>" with "m4a1" (damage "40") (damage_armor "0") (health "60") (armor "0") (hitgroup "stomach")
L 03/02/2020 - 12:24:32: "ICK<8><STEAM_ID_LAN><CT>" attacked "xama na xinxa<7><STEAM_ID_LAN><TERRORIST>" with "m4a1" (damage "32") (damage_armor "0") (health "28") (armor "0") (hitgroup "chest")
L 03/02/2020 - 12:24:32: "ICK<8><STEAM_ID_LAN><CT>" attacked "xama na xinxa<7><STEAM_ID_LAN><TERRORIST>" with "m4a1" (damage "40") (damage_armor "0") (health "0") (armor "0") (hitgroup "stomach")
L 03/02/2020 - 12:24:32: "ICK<8><STEAM_ID_LAN><CT>" killed "xama na xinxa<7><STEAM_ID_LAN><TERRORIST>" with "m4a1"
L 03/02/2020 - 12:24:42: "pirulito<5><STEAM_ID_LAN><TERRORIST>" attacked "Mito<3><STEAM_ID_LAN><CT>" with "galil" (damage "21") (damage_armor "0") (health "79") (armor "100") (hitgroup "left leg")
L 03/02/2020 - 12:24:42: "pirulito<5><STEAM_ID_LAN><TERRORIST>" attacked "Mito<3><STEAM_ID_LAN><CT>" with "galil" (damage "21") (damage_armor "0") (health "58") (armor "100") (hitgroup "left leg")
L 03/02/2020 - 12:24:42: "Pescotapa<6><STEAM_ID_LAN><CT>" attacked "pirulito<5><STEAM_ID_LAN><TERRORIST>" with "m4a1" (damage "23") (damage_armor "0") (health "77") (armor "0") (hitgroup "left leg")
L 03/02/2020 - 12:24:42: "Pescotapa<6><STEAM_ID_LAN><CT>" attacked "pirulito<5><STEAM_ID_LAN><TERRORIST>" with "m4a1" (damage "126") (damage_armor "0") (health "0") (armor "0") (hitgroup "head")
L 03/02/2020 - 12:24:42: "Pescotapa<6><STEAM_ID_LAN><CT>" killed "pirulito<5><STEAM_ID_LAN><TERRORIST>" with "m4a1" (headshot)
L 03/02/2020 - 12:24:43: "ICK<8><STEAM_ID_LAN><CT>" attacked "Gohan<4><STEAM_ID_LAN><TERRORIST>" with "m4a1" (damage "22") (damage_armor "0") (health "78") (armor "0") (hitgroup "left leg")
L 03/02/2020 - 12:24:44: "Mito<3><STEAM_ID_LAN><CT>" triggered "Begin_Bomb_Defuse_Without_Kit"
L 03/02/2020 - 12:24:46: "Pescotapa<6><STEAM_ID_LAN><CT>" attacked "Gohan<4><STEAM_ID_LAN><TERRORIST>" with "m4a1" (damage "40") (damage_armor "0") (health "38") (armor "0") (hitgroup "stomach")
L 03/02/2020 - 12:24:46: "Pescotapa<6><STEAM_ID_LAN><CT>" attacked "Gohan<4><STEAM_ID_LAN><TERRORIST>" with "m4a1" (damage "32") (damage_armor "0") (health "6") (armor "0") (hitgroup "left arm")
L 03/02/2020 - 12:24:47: "Pescotapa<6><STEAM_ID_LAN><CT>" attacked "Gohan<4><STEAM_ID_LAN><TERRORIST>" with "m4a1" (damage "32") (damage_armor "0") (health "0") (armor "0") (hitgroup "chest")
L 03/02/2020 - 12:24:47: "Pescotapa<6><STEAM_ID_LAN><CT>" killed "Gohan<4><STEAM_ID_LAN><TERRORIST>" with "m4a1"
L 03/02/2020 - 12:24:54: "Mito<3><STEAM_ID_LAN><CT>" triggered "Defused_The_Bomb"
L 03/02/2020 - 12:24:54: Team "CT" triggered "Bomb_Defused" (CT "9") (T "7")
L 03/02/2020 - 12:24:54: Team "CT" scored "9" with "3" players
L 03/02/2020 - 12:24:54: Team "TERRORIST" scored "7" with "3" players
L 03/02/2020 - 12:24:54: World triggered "Round_End"
L 03/02/2020 - 12:24:59: "xama na xinxa<7><STEAM_ID_LAN><TERRORIST>" triggered "Got_The_Bomb"
L 03/02/2020 - 12:24:59: World triggered "Round_Start"
L 03/02/2020 - 12:25:06: "ICK<8><STEAM_ID_LAN><CT>" attacked "Gohan<4><STEAM_ID_LAN><TERRORIST>" with "m4a1" (damage "11") (damage_armor "2") (health "89") (armor "97") (hitgroup "left arm")
L 03/02/2020 - 12:25:14: "Mito<3><STEAM_ID_LAN><CT>" attacked "pirulito<5><STEAM_ID_LAN><TERRORIST>" with "hegrenade" (damage "69") (damage_armor "0") (health "31") (armor "0") (hitgroup "generic")
L 03/02/2020 - 12:25:14: "Mito<3><STEAM_ID_LAN><CT>" attacked "Mito<3><STEAM_ID_LAN><CT>" with "hegrenade" (damage "11") (damage_armor "0") (health "89") (armor "100") (hitgroup "generic")
L 03/02/2020 - 12:25:14: "Pescotapa<6><STEAM_ID_LAN><CT>" attacked "pirulito<5><STEAM_ID_LAN><TERRORIST>" with "hegrenade" (damage "73") (damage_armor "0") (health "0") (armor "0") (hitgroup "generic")
L 03/02/2020 - 12:25:14: "Pescotapa<6><STEAM_ID_LAN><CT>" killed "pirulito<5><STEAM_ID_LAN><TERRORIST>" with "hegrenade"
L 03/02/2020 - 12:25:20: "Gohan<4><STEAM_ID_LAN><TERRORIST>" attacked "Pescotapa<6><STEAM_ID_LAN><CT>" with "hegrenade" (damage "29") (damage_armor "4") (health "71") (armor "95") (hitgroup "generic")
L 03/02/2020 - 12:25:20: "Gohan<4><STEAM_ID_LAN><TERRORIST>" attacked "Mito<3><STEAM_ID_LAN><CT>" with "hegrenade" (damage "32") (damage_armor "0") (health "57") (armor "100") (hitgroup "generic")
L 03/02/2020 - 12:25:23: "Mito<3><STEAM_ID_LAN><CT>" attacked "Gohan<4><STEAM_ID_LAN><TERRORIST>" with "m4a1" (damage "22") (damage_armor "4") (health "67") (armor "91") (hitgroup "chest")
L 03/02/2020 - 12:25:23: "Gohan<4><STEAM_ID_LAN><TERRORIST>" attacked "Pescotapa<6><STEAM_ID_LAN><CT>" with "ak47" (damage "16") (damage_armor "2") (health "55") (armor "92") (hitgroup "chest")
L 03/02/2020 - 12:25:23: "Mito<3><STEAM_ID_LAN><CT>" attacked "Gohan<4><STEAM_ID_LAN><TERRORIST>" with "m4a1" (damage "22") (damage_armor "4") (health "45") (armor "86") (hitgroup "chest")
L 03/02/2020 - 12:25:23: "Gohan<4><STEAM_ID_LAN><TERRORIST>" attacked "Pescotapa<6><STEAM_ID_LAN><CT>" with "ak47" (damage "20") (damage_armor "2") (health "35") (armor "89") (hitgroup "stomach")
L 03/02/2020 - 12:25:23: "Mito<3><STEAM_ID_LAN><CT>" attacked "Gohan<4><STEAM_ID_LAN><TERRORIST>" with "m4a1" (damage "22") (damage_armor "4") (health "23") (armor "81") (hitgroup "chest")
L 03/02/2020 - 12:25:23: "Gohan<4><STEAM_ID_LAN><TERRORIST>" attacked "Pescotapa<6><STEAM_ID_LAN><CT>" with "ak47" (damage "16") (damage_armor "2") (health "19") (armor "86") (hitgroup "chest")
L 03/02/2020 - 12:25:24: "Mito<3><STEAM_ID_LAN><CT>" attacked "Gohan<4><STEAM_ID_LAN><TERRORIST>" with "m4a1" (damage "22") (damage_armor "4") (health "1") (armor "76") (hitgroup "chest")
L 03/02/2020 - 12:25:24: "Mito<3><STEAM_ID_LAN><CT>" attacked "Gohan<4><STEAM_ID_LAN><TERRORIST>" with "m4a1" (damage "22") (damage_armor "4") (health "0") (armor "71") (hitgroup "chest")
L 03/02/2020 - 12:25:24: "Mito<3><STEAM_ID_LAN><CT>" killed "Gohan<4><STEAM_ID_LAN><TERRORIST>" with "m4a1"
L 03/02/2020 - 12:25:32: "Pescotapa<6><STEAM_ID_LAN><CT>" attacked "Mito<3><STEAM_ID_LAN><CT>" with "m4a1" (damage "32") (damage_armor "6") (health "25") (armor "93") (hitgroup "head")
L 03/02/2020 - 12:25:39: "ICK<8><STEAM_ID_LAN><CT>" attacked "xama na xinxa<7><STEAM_ID_LAN><TERRORIST>" with "m4a1" (damage "30") (damage_armor "0") (health "70") (armor "0") (hitgroup "left arm")
L 03/02/2020 - 12:25:39: "ICK<8><STEAM_ID_LAN><CT>" attacked "xama na xinxa<7><STEAM_ID_LAN><TERRORIST>" with "m4a1" (damage "30") (damage_armor "0") (health "40") (armor "0") (hitgroup "left arm")
L 03/02/2020 - 12:25:39: "Pescotapa<6><STEAM_ID_LAN><CT>" attacked "xama na xinxa<7><STEAM_ID_LAN><TERRORIST>" with "m4a1" (damage "24") (damage_armor "0") (health "16") (armor "0") (hitgroup "right leg")
L 03/02/2020 - 12:25:39: "Pescotapa<6><STEAM_ID_LAN><CT>" attacked "xama na xinxa<7><STEAM_ID_LAN><TERRORIST>" with "m4a1" (damage "24") (damage_armor "0") (health "0") (armor "0") (hitgroup "left leg")
L 03/02/2020 - 12:25:39: "xama na xinxa<7><STEAM_ID_LAN><TERRORIST>" triggered "Dropped_The_Bomb"
L 03/02/2020 - 12:25:39: "Pescotapa<6><STEAM_ID_LAN><CT>" killed "xama na xinxa<7><STEAM_ID_LAN><TERRORIST>" with "m4a1"
L 03/02/2020 - 12:25:39: Team "CT" triggered "CTs_Win" (CT "10") (T "7")
L 03/02/2020 - 12:25:39: Team "CT" scored "10" with "3" players
L 03/02/2020 - 12:25:39: Team "TERRORIST" scored "7" with "3" players
L 03/02/2020 - 12:25:39: World triggered "Round_End"
L 03/02/2020 - 12:25:49: Log file closed
