L 03/02/2020 - 12:10:07: Log file started (file "logs\L0302002.log") (game "D:\Cs\Source\Counter-Strike Source\Counter-Strike Source\cstrike") (version "2433")
L 03/02/2020 - 12:10:07: Loading map "de_dust2"
L 03/02/2020 - 12:10:07: server cvars start
L 03/02/2020 - 12:10:07: "mp_hostagepenalty" = "5"
L 03/02/2020 - 12:10:07: "mp_autoteambalance" = "0"
L 03/02/2020 - 12:10:07: "mp_maxrounds" = "0"
L 03/02/2020 - 12:10:07: "mp_roundtime" = "2"
L 03/02/2020 - 12:10:07: "mp_freezetime" = "0"
L 03/02/2020 - 12:10:07: "mp_c4timer" = "45"
L 03/02/2020 - 12:10:07: "mp_limitteams" = "2"
L 03/02/2020 - 12:10:07: "mp_teamplay" = "0"
L 03/02/2020 - 12:10:07: "mp_fraglimit" = "0"
L 03/02/2020 - 12:10:07: "mp_falldamage" = "0"
L 03/02/2020 - 12:10:07: "mp_weaponstay" = "0"
L 03/02/2020 - 12:10:07: "mp_forcerespawn" = "1"
L 03/02/2020 - 12:10:07: "mp_footsteps" = "1"
L 03/02/2020 - 12:10:07: "mp_flashlight" = "1"
L 03/02/2020 - 12:10:07: "mp_autocrosshair" = "1"
L 03/02/2020 - 12:10:07: "decalfrequency" = "10"
L 03/02/2020 - 12:10:07: "mp_teamlist" = "hgrunt;scientist"
L 03/02/2020 - 12:10:07: "mp_allowNPCs" = "1"
L 03/02/2020 - 12:10:07: "mp_friendlyfire" = "1"
L 03/02/2020 - 12:10:07: "sv_gravity" = "800"
L 03/02/2020 - 12:10:07: "sv_stopspeed" = "75"
L 03/02/2020 - 12:10:07: "sv_noclipaccelerate" = "5"
L 03/02/2020 - 12:10:07: "sv_noclipspeed" = "5"
L 03/02/2020 - 12:10:07: "sv_specaccelerate" = "5"
L 03/02/2020 - 12:10:07: "sv_specspeed" = "3"
L 03/02/2020 - 12:10:07: "sv_specnoclip" = "1"
L 03/02/2020 - 12:10:07: "sv_maxspeed" = "320"
L 03/02/2020 - 12:10:07: "sv_accelerate" = "5"
L 03/02/2020 - 12:10:07: "sv_airaccelerate" = "10"
L 03/02/2020 - 12:10:07: "sv_wateraccelerate" = "10"
L 03/02/2020 - 12:10:07: "sv_waterfriction" = "1"
L 03/02/2020 - 12:10:07: "sv_footsteps" = "1"
L 03/02/2020 - 12:10:07: "sv_rollspeed" = "200"
L 03/02/2020 - 12:10:07: "sv_rollangle" = "0"
L 03/02/2020 - 12:10:07: "sv_friction" = "4"
L 03/02/2020 - 12:10:07: "sv_bounce" = "0"
L 03/02/2020 - 12:10:07: "sv_stepsize" = "18"
L 03/02/2020 - 12:10:07: "r_VehicleViewDampen" = "1"
L 03/02/2020 - 12:10:07: "r_JeepViewDampenFreq" = "7.0"
L 03/02/2020 - 12:10:07: "r_JeepViewDampenDamp" = "1.0"
L 03/02/2020 - 12:10:07: "r_JeepViewZHeight" = "10.0"
L 03/02/2020 - 12:10:07: "r_AirboatViewDampenFreq" = "7.0"
L 03/02/2020 - 12:10:07: "r_AirboatViewDampenDamp" = "1.0"
L 03/02/2020 - 12:10:07: "r_AirboatViewZHeight" = "0.0"
L 03/02/2020 - 12:10:07: "mp_timelimit" = "25"
L 03/02/2020 - 12:10:07: "sv_alltalk" = "0"
L 03/02/2020 - 12:10:07: "sv_voiceenable" = "1"
L 03/02/2020 - 12:10:07: "sv_pausable" = "0"
L 03/02/2020 - 12:10:07: "sv_cheats" = "0"
L 03/02/2020 - 12:10:07: "coop" = "0"
L 03/02/2020 - 12:10:07: "deathmatch" = "1"
L 03/02/2020 - 12:10:07: "tv_relaypassword" = ""
L 03/02/2020 - 12:10:07: "tv_password" = ""
L 03/02/2020 - 12:10:07: "sv_password" = ""
L 03/02/2020 - 12:10:07: server cvars end
L 03/02/2020 - 12:10:11: Started map "de_dust2" (CRC "1413637712")
L 03/02/2020 - 12:10:14: server_cvar: "mp_friendlyfire" "0"
L 03/02/2020 - 12:10:14: server_cvar: "mp_friendlyfire" "1"
L 03/02/2020 - 12:10:14: Log file closed
