L 03/02/2020 - 11:29:41: Log file started (file "logs\L0302001.log") (game "D:\Cs\Source\Counter-Strike Source\Counter-Strike Source\cstrike") (version "2433")
L 03/02/2020 - 11:29:41: World triggered "Round_Start"
L 03/02/2020 - 11:29:41: World triggered "Round_Start"
L 03/02/2020 - 12:00:22: "pirulito<2><STEAM_ID_LAN><>" connected, address "192.168.56.1:27006"
L 03/02/2020 - 12:00:22: "pirulito<STEAM_ID_LAN>" STEAM USERID validated
L 03/02/2020 - 12:00:29: "pirulito<2><STEAM_ID_LAN><>" entered the game
L 03/02/2020 - 12:00:40: "pirulito<2><STEAM_ID_LAN><Unassigned>" joined team "TERRORIST"
L 03/02/2020 - 12:00:43: "Mito<3><STEAM_ID_LAN><>" connected, address "10.70.0.79:27005"
L 03/02/2020 - 12:00:43: "Mito<STEAM_ID_LAN>" STEAM USERID validated
L 03/02/2020 - 12:00:50: "Mito<3><STEAM_ID_LAN><>" entered the game
L 03/02/2020 - 12:01:31: "Gohan<4><STEAM_ID_LAN><>" connected, address "10.70.0.46:27005"
L 03/02/2020 - 12:01:31: "Gohan<STEAM_ID_LAN>" STEAM USERID validated
L 03/02/2020 - 12:01:36: "Gohan<4><STEAM_ID_LAN><>" entered the game
L 03/02/2020 - 12:01:49: "Gohan<4><STEAM_ID_LAN><Unassigned>" joined team "CT"
L 03/02/2020 - 12:01:49: World triggered "Game_Commencing"
L 03/02/2020 - 12:01:52: World triggered "Round_Start"
L 03/02/2020 - 12:02:08: "pirulito<2><STEAM_ID_LAN><TERRORIST>" attacked "Gohan<4><STEAM_ID_LAN><CT>" with "m4a1" (damage "122") (damage_armor "0") (health "0") (armor "0") (hitgroup "head")
L 03/02/2020 - 12:02:08: "pirulito<2><STEAM_ID_LAN><TERRORIST>" killed "Gohan<4><STEAM_ID_LAN><CT>" with "m4a1" (headshot)
L 03/02/2020 - 12:02:08: Team "TERRORIST" triggered "Terrorists_Win" (CT "0") (T "1")
L 03/02/2020 - 12:02:08: Team "CT" scored "0" with "1" players
L 03/02/2020 - 12:02:08: Team "TERRORIST" scored "1" with "1" players
L 03/02/2020 - 12:02:08: World triggered "Round_End"
L 03/02/2020 - 12:02:13: World triggered "Round_Start"
L 03/02/2020 - 12:02:19: "pirulito<2><STEAM_ID_LAN><TERRORIST>" attacked "Gohan<4><STEAM_ID_LAN><CT>" with "m4a1" (damage "40") (damage_armor "0") (health "60") (armor "0") (hitgroup "stomach")
L 03/02/2020 - 12:02:19: "pirulito<2><STEAM_ID_LAN><TERRORIST>" attacked "Gohan<4><STEAM_ID_LAN><CT>" with "m4a1" (damage "128") (damage_armor "0") (health "0") (armor "0") (hitgroup "head")
L 03/02/2020 - 12:02:19: "pirulito<2><STEAM_ID_LAN><TERRORIST>" killed "Gohan<4><STEAM_ID_LAN><CT>" with "m4a1" (headshot)
L 03/02/2020 - 12:02:19: Team "TERRORIST" triggered "Terrorists_Win" (CT "0") (T "2")
L 03/02/2020 - 12:02:19: Team "CT" scored "0" with "1" players
L 03/02/2020 - 12:02:19: Team "TERRORIST" scored "2" with "1" players
L 03/02/2020 - 12:02:19: World triggered "Round_End"
L 03/02/2020 - 12:02:24: World triggered "Round_Start"
L 03/02/2020 - 12:02:37: "pirulito<2><STEAM_ID_LAN><TERRORIST>" attacked "Gohan<4><STEAM_ID_LAN><CT>" with "m4a1" (damage "126") (damage_armor "0") (health "0") (armor "0") (hitgroup "head")
L 03/02/2020 - 12:02:37: "pirulito<2><STEAM_ID_LAN><TERRORIST>" killed "Gohan<4><STEAM_ID_LAN><CT>" with "m4a1" (headshot)
L 03/02/2020 - 12:02:37: Team "TERRORIST" triggered "Terrorists_Win" (CT "0") (T "3")
L 03/02/2020 - 12:02:37: Team "CT" scored "0" with "1" players
L 03/02/2020 - 12:02:37: Team "TERRORIST" scored "3" with "1" players
L 03/02/2020 - 12:02:37: World triggered "Round_End"
L 03/02/2020 - 12:02:40: "Mito<3><STEAM_ID_LAN><Unassigned>" joined team "CT"
L 03/02/2020 - 12:02:42: World triggered "Round_Start"
L 03/02/2020 - 12:02:50: "Gohan<4><STEAM_ID_LAN><CT>" attacked "pirulito<2><STEAM_ID_LAN><TERRORIST>" with "famas" (damage "19") (damage_armor "4") (health "81") (armor "95") (hitgroup "chest")
L 03/02/2020 - 12:02:52: "pirulito<2><STEAM_ID_LAN><TERRORIST>" attacked "Gohan<4><STEAM_ID_LAN><CT>" with "m4a1" (damage "31") (damage_armor "0") (health "69") (armor "0") (hitgroup "left arm")
L 03/02/2020 - 12:02:53: "pirulito<2><STEAM_ID_LAN><TERRORIST>" attacked "Gohan<4><STEAM_ID_LAN><CT>" with "m4a1" (damage "126") (damage_armor "0") (health "0") (armor "0") (hitgroup "head")
L 03/02/2020 - 12:02:53: "pirulito<2><STEAM_ID_LAN><TERRORIST>" killed "Gohan<4><STEAM_ID_LAN><CT>" with "m4a1" (headshot)
L 03/02/2020 - 12:02:55: "Mito<3><STEAM_ID_LAN><CT>" attacked "pirulito<2><STEAM_ID_LAN><TERRORIST>" with "ak47" (damage "33") (damage_armor "4") (health "48") (armor "90") (hitgroup "stomach")
L 03/02/2020 - 12:02:55: "Mito<3><STEAM_ID_LAN><CT>" attacked "pirulito<2><STEAM_ID_LAN><TERRORIST>" with "ak47" (damage "26") (damage_armor "3") (health "22") (armor "86") (hitgroup "left arm")
L 03/02/2020 - 12:02:55: "Mito<3><STEAM_ID_LAN><CT>" attacked "pirulito<2><STEAM_ID_LAN><TERRORIST>" with "ak47" (damage "25") (damage_armor "0") (health "0") (armor "86") (hitgroup "left leg")
L 03/02/2020 - 12:02:55: "Mito<3><STEAM_ID_LAN><CT>" killed "pirulito<2><STEAM_ID_LAN><TERRORIST>" with "ak47"
L 03/02/2020 - 12:02:55: Team "CT" triggered "CTs_Win" (CT "1") (T "3")
L 03/02/2020 - 12:02:55: Team "CT" scored "1" with "2" players
L 03/02/2020 - 12:02:55: Team "TERRORIST" scored "3" with "1" players
L 03/02/2020 - 12:02:55: World triggered "Round_End"
L 03/02/2020 - 12:03:00: World triggered "Round_Start"
L 03/02/2020 - 12:03:04: "Mito<3><STEAM_ID_LAN><CT>" attacked "pirulito<2><STEAM_ID_LAN><TERRORIST>" with "hegrenade" (damage "47") (damage_armor "0") (health "53") (armor "0") (hitgroup "generic")
L 03/02/2020 - 12:03:08: "Mito<3><STEAM_ID_LAN><CT>" attacked "pirulito<2><STEAM_ID_LAN><TERRORIST>" with "ak47" (damage "43") (damage_armor "0") (health "10") (armor "0") (hitgroup "stomach")
L 03/02/2020 - 12:03:08: "Mito<3><STEAM_ID_LAN><CT>" attacked "pirulito<2><STEAM_ID_LAN><TERRORIST>" with "ak47" (damage "34") (damage_armor "0") (health "0") (armor "0") (hitgroup "left arm")
L 03/02/2020 - 12:03:08: "Mito<3><STEAM_ID_LAN><CT>" killed "pirulito<2><STEAM_ID_LAN><TERRORIST>" with "ak47"
L 03/02/2020 - 12:03:08: Team "CT" triggered "CTs_Win" (CT "2") (T "3")
L 03/02/2020 - 12:03:08: Team "CT" scored "2" with "2" players
L 03/02/2020 - 12:03:08: Team "TERRORIST" scored "3" with "1" players
L 03/02/2020 - 12:03:08: World triggered "Round_End"
L 03/02/2020 - 12:03:13: World triggered "Round_Start"
L 03/02/2020 - 12:03:22: "pirulito<2><STEAM_ID_LAN><TERRORIST>" attacked "Gohan<4><STEAM_ID_LAN><CT>" with "m4a1" (damage "32") (damage_armor "0") (health "68") (armor "0") (hitgroup "left arm")
L 03/02/2020 - 12:03:22: "Gohan<4><STEAM_ID_LAN><CT>" attacked "pirulito<2><STEAM_ID_LAN><TERRORIST>" with "aug" (damage "23") (damage_armor "0") (health "77") (armor "0") (hitgroup "left leg")
L 03/02/2020 - 12:03:22: "Gohan<4><STEAM_ID_LAN><CT>" attacked "pirulito<2><STEAM_ID_LAN><TERRORIST>" with "aug" (damage "39") (damage_armor "0") (health "38") (armor "0") (hitgroup "stomach")
L 03/02/2020 - 12:03:22: "pirulito<2><STEAM_ID_LAN><TERRORIST>" attacked "Gohan<4><STEAM_ID_LAN><CT>" with "m4a1" (damage "32") (damage_armor "0") (health "36") (armor "0") (hitgroup "left arm")
L 03/02/2020 - 12:03:22: "pirulito<2><STEAM_ID_LAN><TERRORIST>" attacked "Gohan<4><STEAM_ID_LAN><CT>" with "m4a1" (damage "32") (damage_armor "0") (health "4") (armor "0") (hitgroup "right arm")
L 03/02/2020 - 12:03:23: "Gohan<4><STEAM_ID_LAN><CT>" attacked "pirulito<2><STEAM_ID_LAN><TERRORIST>" with "aug" (damage "23") (damage_armor "0") (health "15") (armor "0") (hitgroup "right leg")
L 03/02/2020 - 12:03:23: "Gohan<4><STEAM_ID_LAN><CT>" attacked "pirulito<2><STEAM_ID_LAN><TERRORIST>" with "aug" (damage "23") (damage_armor "0") (health "0") (armor "0") (hitgroup "left leg")
L 03/02/2020 - 12:03:23: "Gohan<4><STEAM_ID_LAN><CT>" killed "pirulito<2><STEAM_ID_LAN><TERRORIST>" with "aug"
L 03/02/2020 - 12:03:23: Team "CT" triggered "CTs_Win" (CT "3") (T "3")
L 03/02/2020 - 12:03:23: Team "CT" scored "3" with "2" players
L 03/02/2020 - 12:03:23: Team "TERRORIST" scored "3" with "1" players
L 03/02/2020 - 12:03:23: World triggered "Round_End"
L 03/02/2020 - 12:03:28: World triggered "Round_Start"
L 03/02/2020 - 12:03:31: "Mito<3><STEAM_ID_LAN><CT>" attacked "pirulito<2><STEAM_ID_LAN><TERRORIST>" with "hegrenade" (damage "73") (damage_armor "0") (health "27") (armor "0") (hitgroup "generic")
L 03/02/2020 - 12:03:41: "pirulito<2><STEAM_ID_LAN><TERRORIST>" attacked "Mito<3><STEAM_ID_LAN><CT>" with "m4a1" (damage "32") (damage_armor "0") (health "68") (armor "0") (hitgroup "right arm")
L 03/02/2020 - 12:03:41: "pirulito<2><STEAM_ID_LAN><TERRORIST>" attacked "Mito<3><STEAM_ID_LAN><CT>" with "m4a1" (damage "128") (damage_armor "0") (health "0") (armor "0") (hitgroup "head")
L 03/02/2020 - 12:03:41: "pirulito<2><STEAM_ID_LAN><TERRORIST>" killed "Mito<3><STEAM_ID_LAN><CT>" with "m4a1" (headshot)
L 03/02/2020 - 12:03:41: "Gohan<4><STEAM_ID_LAN><CT>" attacked "pirulito<2><STEAM_ID_LAN><TERRORIST>" with "m4a1" (damage "22") (damage_armor "0") (health "5") (armor "0") (hitgroup "left leg")
L 03/02/2020 - 12:03:41: "Gohan<4><STEAM_ID_LAN><CT>" attacked "pirulito<2><STEAM_ID_LAN><TERRORIST>" with "m4a1" (damage "38") (damage_armor "0") (health "0") (armor "0") (hitgroup "stomach")
L 03/02/2020 - 12:03:41: "Gohan<4><STEAM_ID_LAN><CT>" killed "pirulito<2><STEAM_ID_LAN><TERRORIST>" with "m4a1"
L 03/02/2020 - 12:03:41: Team "CT" triggered "CTs_Win" (CT "4") (T "3")
L 03/02/2020 - 12:03:41: Team "CT" scored "4" with "2" players
L 03/02/2020 - 12:03:41: Team "TERRORIST" scored "3" with "1" players
L 03/02/2020 - 12:03:41: World triggered "Round_End"
L 03/02/2020 - 12:03:46: World triggered "Round_Start"
L 03/02/2020 - 12:03:56: "Mito<3><STEAM_ID_LAN><CT>" attacked "pirulito<2><STEAM_ID_LAN><TERRORIST>" with "ak47" (damage "43") (damage_armor "0") (health "57") (armor "0") (hitgroup "stomach")
L 03/02/2020 - 12:03:56: "pirulito<2><STEAM_ID_LAN><TERRORIST>" attacked "Mito<3><STEAM_ID_LAN><CT>" with "m4a1" (damage "39") (damage_armor "0") (health "61") (armor "0") (hitgroup "stomach")
L 03/02/2020 - 12:03:56: "pirulito<2><STEAM_ID_LAN><TERRORIST>" attacked "Mito<3><STEAM_ID_LAN><CT>" with "m4a1" (damage "39") (damage_armor "0") (health "22") (armor "0") (hitgroup "stomach")
L 03/02/2020 - 12:04:00: "Gohan<4><STEAM_ID_LAN><CT>" attacked "pirulito<2><STEAM_ID_LAN><TERRORIST>" with "m4a1" (damage "27") (damage_armor "5") (health "30") (armor "94") (hitgroup "stomach")
L 03/02/2020 - 12:04:00: "Gohan<4><STEAM_ID_LAN><CT>" attacked "pirulito<2><STEAM_ID_LAN><TERRORIST>" with "m4a1" (damage "23") (damage_armor "0") (health "7") (armor "94") (hitgroup "right leg")
L 03/02/2020 - 12:04:00: "Gohan<4><STEAM_ID_LAN><CT>" attacked "pirulito<2><STEAM_ID_LAN><TERRORIST>" with "m4a1" (damage "23") (damage_armor "0") (health "0") (armor "94") (hitgroup "right leg")
L 03/02/2020 - 12:04:00: "Gohan<4><STEAM_ID_LAN><CT>" killed "pirulito<2><STEAM_ID_LAN><TERRORIST>" with "m4a1"
L 03/02/2020 - 12:04:00: Team "CT" triggered "CTs_Win" (CT "5") (T "3")
L 03/02/2020 - 12:04:00: Team "CT" scored "5" with "2" players
L 03/02/2020 - 12:04:00: Team "TERRORIST" scored "3" with "1" players
L 03/02/2020 - 12:04:00: World triggered "Round_End"
L 03/02/2020 - 12:04:05: World triggered "Round_Start"
L 03/02/2020 - 12:04:17: "pirulito<2><STEAM_ID_LAN><TERRORIST>" attacked "Mito<3><STEAM_ID_LAN><CT>" with "m4a1" (damage "39") (damage_armor "0") (health "61") (armor "0") (hitgroup "stomach")
L 03/02/2020 - 12:04:18: "pirulito<2><STEAM_ID_LAN><TERRORIST>" attacked "Mito<3><STEAM_ID_LAN><CT>" with "m4a1" (damage "31") (damage_armor "0") (health "30") (armor "0") (hitgroup "left arm")
L 03/02/2020 - 12:04:25: "Mito<3><STEAM_ID_LAN><CT>" attacked "Gohan<4><STEAM_ID_LAN><CT>" with "ak47" (damage "9") (damage_armor "0") (health "91") (armor "0") (hitgroup "left leg")
L 03/02/2020 - 12:04:33: "pirulito<2><STEAM_ID_LAN><TERRORIST>" attacked "Mito<3><STEAM_ID_LAN><CT>" with "m4a1" (damage "22") (damage_armor "0") (health "8") (armor "0") (hitgroup "left leg")
L 03/02/2020 - 12:04:34: "Gohan<4><STEAM_ID_LAN><CT>" attacked "pirulito<2><STEAM_ID_LAN><TERRORIST>" with "usp" (damage "18") (damage_armor "0") (health "82") (armor "0") (hitgroup "left leg")
L 03/02/2020 - 12:04:35: "Gohan<4><STEAM_ID_LAN><CT>" attacked "pirulito<2><STEAM_ID_LAN><TERRORIST>" with "usp" (damage "17") (damage_armor "0") (health "65") (armor "0") (hitgroup "right leg")
L 03/02/2020 - 12:04:35: "pirulito<2><STEAM_ID_LAN><TERRORIST>" attacked "Gohan<4><STEAM_ID_LAN><CT>" with "m4a1" (damage "39") (damage_armor "0") (health "52") (armor "0") (hitgroup "stomach")
L 03/02/2020 - 12:04:36: "Gohan<4><STEAM_ID_LAN><CT>" attacked "pirulito<2><STEAM_ID_LAN><TERRORIST>" with "usp" (damage "29") (damage_armor "0") (health "36") (armor "0") (hitgroup "stomach")
L 03/02/2020 - 12:04:53: "Mito<3><STEAM_ID_LAN><CT>" attacked "pirulito<2><STEAM_ID_LAN><TERRORIST>" with "ak47" (damage "35") (damage_armor "0") (health "1") (armor "0") (hitgroup "chest")
L 03/02/2020 - 12:04:53: "pirulito<2><STEAM_ID_LAN><TERRORIST>" attacked "Mito<3><STEAM_ID_LAN><CT>" with "galil" (damage "29") (damage_armor "0") (health "0") (armor "0") (hitgroup "left arm")
L 03/02/2020 - 12:04:53: "pirulito<2><STEAM_ID_LAN><TERRORIST>" killed "Mito<3><STEAM_ID_LAN><CT>" with "galil"
L 03/02/2020 - 12:05:07: "pirulito<2><STEAM_ID_LAN><TERRORIST>" attacked "Gohan<4><STEAM_ID_LAN><CT>" with "m3" (damage "20") (damage_armor "0") (health "32") (armor "0") (hitgroup "left arm")
L 03/02/2020 - 12:05:19: "Gohan<4><STEAM_ID_LAN><CT>" attacked "pirulito<2><STEAM_ID_LAN><TERRORIST>" with "famas" (damage "34") (damage_armor "0") (health "0") (armor "0") (hitgroup "stomach")
L 03/02/2020 - 12:05:19: "Gohan<4><STEAM_ID_LAN><CT>" killed "pirulito<2><STEAM_ID_LAN><TERRORIST>" with "famas"
L 03/02/2020 - 12:05:19: Team "CT" triggered "CTs_Win" (CT "6") (T "3")
L 03/02/2020 - 12:05:19: Team "CT" scored "6" with "2" players
L 03/02/2020 - 12:05:19: Team "TERRORIST" scored "3" with "1" players
L 03/02/2020 - 12:05:19: World triggered "Round_End"
L 03/02/2020 - 12:05:24: "pirulito<2><STEAM_ID_LAN><TERRORIST>" disconnected (reason "Disconnect by user.")
L 03/02/2020 - 12:05:24: World triggered "Round_Start"
L 03/02/2020 - 12:05:25: "pirulito<5><STEAM_ID_LAN><>" connected, address "192.168.56.1:27006"
L 03/02/2020 - 12:05:25: "pirulito<STEAM_ID_LAN>" STEAM USERID validated
L 03/02/2020 - 12:05:27: "pirulito<5><STEAM_ID_LAN><>" entered the game
L 03/02/2020 - 12:05:29: "pirulito<5><STEAM_ID_LAN><Unassigned>" joined team "TERRORIST"
L 03/02/2020 - 12:05:29: World triggered "Game_Commencing"
L 03/02/2020 - 12:05:32: World triggered "Round_Start"
L 03/02/2020 - 12:05:35: "Mito<3><STEAM_ID_LAN><CT>" attacked "pirulito<5><STEAM_ID_LAN><TERRORIST>" with "xm1014" (damage "18") (damage_armor "0") (health "82") (armor "0") (hitgroup "chest")
L 03/02/2020 - 12:05:41: "Gohan<4><STEAM_ID_LAN><CT>" attacked "pirulito<5><STEAM_ID_LAN><TERRORIST>" with "galil" (damage "21") (damage_armor "0") (health "61") (armor "0") (hitgroup "right leg")
L 03/02/2020 - 12:05:41: "Gohan<4><STEAM_ID_LAN><CT>" attacked "pirulito<5><STEAM_ID_LAN><TERRORIST>" with "galil" (damage "28") (damage_armor "0") (health "33") (armor "0") (hitgroup "left arm")
L 03/02/2020 - 12:05:43: "pirulito<5><STEAM_ID_LAN><TERRORIST>" attacked "Mito<3><STEAM_ID_LAN><CT>" with "m4a1" (damage "124") (damage_armor "0") (health "0") (armor "0") (hitgroup "head")
L 03/02/2020 - 12:05:43: "pirulito<5><STEAM_ID_LAN><TERRORIST>" killed "Mito<3><STEAM_ID_LAN><CT>" with "m4a1" (headshot)
L 03/02/2020 - 12:05:53: "pirulito<5><STEAM_ID_LAN><TERRORIST>" attacked "Gohan<4><STEAM_ID_LAN><CT>" with "galil" (damage "36") (damage_armor "0") (health "64") (armor "0") (hitgroup "stomach")
L 03/02/2020 - 12:05:54: "pirulito<5><STEAM_ID_LAN><TERRORIST>" attacked "Gohan<4><STEAM_ID_LAN><CT>" with "galil" (damage "28") (damage_armor "0") (health "36") (armor "0") (hitgroup "left arm")
L 03/02/2020 - 12:06:04: "pirulito<5><STEAM_ID_LAN><TERRORIST>" attacked "Gohan<4><STEAM_ID_LAN><CT>" with "ak47" (damage "44") (damage_armor "0") (health "0") (armor "0") (hitgroup "stomach")
L 03/02/2020 - 12:06:04: "pirulito<5><STEAM_ID_LAN><TERRORIST>" killed "Gohan<4><STEAM_ID_LAN><CT>" with "ak47"
L 03/02/2020 - 12:06:04: Team "TERRORIST" triggered "Terrorists_Win" (CT "0") (T "1")
L 03/02/2020 - 12:06:04: Team "CT" scored "0" with "2" players
L 03/02/2020 - 12:06:04: Team "TERRORIST" scored "1" with "1" players
L 03/02/2020 - 12:06:04: World triggered "Round_End"
L 03/02/2020 - 12:06:09: World triggered "Round_Start"
L 03/02/2020 - 12:06:12: "pirulito<5><STEAM_ID_LAN><TERRORIST>" attacked "Gohan<4><STEAM_ID_LAN><CT>" with "hegrenade" (damage "21") (damage_armor "0") (health "79") (armor "0") (hitgroup "generic")
L 03/02/2020 - 12:06:12: "pirulito<5><STEAM_ID_LAN><TERRORIST>" attacked "Mito<3><STEAM_ID_LAN><CT>" with "hegrenade" (damage "50") (damage_armor "0") (health "50") (armor "0") (hitgroup "generic")
L 03/02/2020 - 12:06:13: "pirulito<5><STEAM_ID_LAN><TERRORIST>" attacked "Mito<3><STEAM_ID_LAN><CT>" with "ak47" (damage "34") (damage_armor "0") (health "16") (armor "0") (hitgroup "left arm")
L 03/02/2020 - 12:06:31: "pirulito<5><STEAM_ID_LAN><TERRORIST>" attacked "Gohan<4><STEAM_ID_LAN><CT>" with "ak47" (damage "43") (damage_armor "0") (health "36") (armor "0") (hitgroup "stomach")
L 03/02/2020 - 12:06:34: "Mito<3><STEAM_ID_LAN><CT>" attacked "pirulito<5><STEAM_ID_LAN><TERRORIST>" with "ak47" (damage "27") (damage_armor "3") (health "73") (armor "96") (hitgroup "chest")
L 03/02/2020 - 12:06:34: "pirulito<5><STEAM_ID_LAN><TERRORIST>" attacked "Mito<3><STEAM_ID_LAN><CT>" with "ak47" (damage "139") (damage_armor "0") (health "0") (armor "0") (hitgroup "head")
L 03/02/2020 - 12:06:34: "pirulito<5><STEAM_ID_LAN><TERRORIST>" killed "Mito<3><STEAM_ID_LAN><CT>" with "ak47" (headshot)
L 03/02/2020 - 12:06:36: "Gohan<4><STEAM_ID_LAN><CT>" attacked "pirulito<5><STEAM_ID_LAN><TERRORIST>" with "ump45" (damage "15") (damage_armor "0") (health "58") (armor "96") (hitgroup "left leg")
L 03/02/2020 - 12:06:50: "pirulito<5><STEAM_ID_LAN><TERRORIST>" attacked "Gohan<4><STEAM_ID_LAN><CT>" with "ak47" (damage "34") (damage_armor "0") (health "2") (armor "0") (hitgroup "left arm")
L 03/02/2020 - 12:06:50: "Gohan<4><STEAM_ID_LAN><CT>" attacked "pirulito<5><STEAM_ID_LAN><TERRORIST>" with "ump45" (damage "13") (damage_armor "0") (health "45") (armor "96") (hitgroup "right leg")
L 03/02/2020 - 12:06:51: "pirulito<5><STEAM_ID_LAN><TERRORIST>" attacked "Gohan<4><STEAM_ID_LAN><CT>" with "ak47" (damage "42") (damage_armor "0") (health "0") (armor "0") (hitgroup "stomach")
L 03/02/2020 - 12:06:51: "pirulito<5><STEAM_ID_LAN><TERRORIST>" killed "Gohan<4><STEAM_ID_LAN><CT>" with "ak47"
L 03/02/2020 - 12:06:51: Team "TERRORIST" triggered "Terrorists_Win" (CT "0") (T "2")
L 03/02/2020 - 12:06:51: Team "CT" scored "0" with "2" players
L 03/02/2020 - 12:06:51: Team "TERRORIST" scored "2" with "1" players
L 03/02/2020 - 12:06:51: World triggered "Round_End"
L 03/02/2020 - 12:06:56: World triggered "Round_Start"
L 03/02/2020 - 12:07:01: "pirulito<5><STEAM_ID_LAN><TERRORIST>" attacked "Gohan<4><STEAM_ID_LAN><CT>" with "ak47" (damage "34") (damage_armor "0") (health "66") (armor "0") (hitgroup "left arm")
L 03/02/2020 - 12:07:01: "pirulito<5><STEAM_ID_LAN><TERRORIST>" attacked "Gohan<4><STEAM_ID_LAN><CT>" with "ak47" (damage "25") (damage_armor "0") (health "41") (armor "0") (hitgroup "right leg")
L 03/02/2020 - 12:07:02: "pirulito<5><STEAM_ID_LAN><TERRORIST>" attacked "Gohan<4><STEAM_ID_LAN><CT>" with "ak47" (damage "137") (damage_armor "0") (health "0") (armor "0") (hitgroup "head")
L 03/02/2020 - 12:07:02: "pirulito<5><STEAM_ID_LAN><TERRORIST>" killed "Gohan<4><STEAM_ID_LAN><CT>" with "ak47" (headshot)
L 03/02/2020 - 12:07:05: "Mito<3><STEAM_ID_LAN><CT>" attacked "pirulito<5><STEAM_ID_LAN><TERRORIST>" with "ak47" (damage "26") (damage_armor "3") (health "74") (armor "92") (hitgroup "chest")
L 03/02/2020 - 12:07:05: "Mito<3><STEAM_ID_LAN><CT>" attacked "pirulito<5><STEAM_ID_LAN><TERRORIST>" with "ak47" (damage "26") (damage_armor "3") (health "48") (armor "88") (hitgroup "left arm")
L 03/02/2020 - 12:07:06: "pirulito<5><STEAM_ID_LAN><TERRORIST>" attacked "Mito<3><STEAM_ID_LAN><CT>" with "ak47" (damage "137") (damage_armor "0") (health "0") (armor "0") (hitgroup "head")
L 03/02/2020 - 12:07:06: "pirulito<5><STEAM_ID_LAN><TERRORIST>" killed "Mito<3><STEAM_ID_LAN><CT>" with "ak47" (headshot)
L 03/02/2020 - 12:07:06: Team "TERRORIST" triggered "Terrorists_Win" (CT "0") (T "3")
L 03/02/2020 - 12:07:06: Team "CT" scored "0" with "2" players
L 03/02/2020 - 12:07:06: Team "TERRORIST" scored "3" with "1" players
L 03/02/2020 - 12:07:06: World triggered "Round_End"
L 03/02/2020 - 12:07:10: "Pescotapa<6><STEAM_ID_LAN><>" connected, address "10.70.0.7:27005"
L 03/02/2020 - 12:07:10: "Pescotapa<STEAM_ID_LAN>" STEAM USERID validated
L 03/02/2020 - 12:07:11: World triggered "Round_Start"
L 03/02/2020 - 12:07:19: "pirulito<5><STEAM_ID_LAN><TERRORIST>" attacked "Mito<3><STEAM_ID_LAN><CT>" with "ak47" (damage "25") (damage_armor "0") (health "75") (armor "0") (hitgroup "right leg")
L 03/02/2020 - 12:07:20: "pirulito<5><STEAM_ID_LAN><TERRORIST>" attacked "Mito<3><STEAM_ID_LAN><CT>" with "ak47" (damage "42") (damage_armor "0") (health "33") (armor "0") (hitgroup "stomach")
L 03/02/2020 - 12:07:20: "pirulito<5><STEAM_ID_LAN><TERRORIST>" attacked "Mito<3><STEAM_ID_LAN><CT>" with "ak47" (damage "25") (damage_armor "0") (health "8") (armor "0") (hitgroup "right leg")
L 03/02/2020 - 12:07:21: "Pescotapa<6><STEAM_ID_LAN><>" entered the game
L 03/02/2020 - 12:07:25: "Pescotapa<6><STEAM_ID_LAN><Unassigned>" joined team "TERRORIST"
L 03/02/2020 - 12:07:29: "pirulito<5><STEAM_ID_LAN><TERRORIST>" attacked "Pescotapa<6><STEAM_ID_LAN><TERRORIST>" with "ak47" (damage "12") (damage_armor "0") (health "88") (armor "0") (hitgroup "right arm")
L 03/02/2020 - 12:07:29: "Pescotapa<6><STEAM_ID_LAN><TERRORIST>" attacked "Gohan<4><STEAM_ID_LAN><CT>" with "xm1014" (damage "23") (damage_armor "0") (health "77") (armor "0") (hitgroup "stomach")
L 03/02/2020 - 12:07:29: "Pescotapa<6><STEAM_ID_LAN><TERRORIST>" attacked "Gohan<4><STEAM_ID_LAN><CT>" with "xm1014" (damage "13") (damage_armor "0") (health "64") (armor "0") (hitgroup "right leg")
L 03/02/2020 - 12:07:30: "Pescotapa<6><STEAM_ID_LAN><TERRORIST>" attacked "Gohan<4><STEAM_ID_LAN><CT>" with "xm1014" (damage "13") (damage_armor "0") (health "51") (armor "0") (hitgroup "right leg")
L 03/02/2020 - 12:07:30: "Gohan<4><STEAM_ID_LAN><CT>" attacked "Pescotapa<6><STEAM_ID_LAN><TERRORIST>" with "sg552" (damage "120") (damage_armor "0") (health "0") (armor "0") (hitgroup "head")
L 03/02/2020 - 12:07:30: "Gohan<4><STEAM_ID_LAN><CT>" killed "Pescotapa<6><STEAM_ID_LAN><TERRORIST>" with "sg552" (headshot)
L 03/02/2020 - 12:07:32: "Mito<3><STEAM_ID_LAN><CT>" attacked "pirulito<5><STEAM_ID_LAN><TERRORIST>" with "m4a1" (damage "27") (damage_armor "5") (health "73") (armor "94") (hitgroup "stomach")
L 03/02/2020 - 12:07:33: "pirulito<5><STEAM_ID_LAN><TERRORIST>" attacked "Mito<3><STEAM_ID_LAN><CT>" with "ak47" (damage "34") (damage_armor "0") (health "0") (armor "0") (hitgroup "right arm")
L 03/02/2020 - 12:07:33: "pirulito<5><STEAM_ID_LAN><TERRORIST>" killed "Mito<3><STEAM_ID_LAN><CT>" with "ak47"
L 03/02/2020 - 12:07:35: "pirulito<5><STEAM_ID_LAN><TERRORIST>" attacked "Gohan<4><STEAM_ID_LAN><CT>" with "ak47" (damage "35") (damage_armor "0") (health "16") (armor "0") (hitgroup "left arm")
L 03/02/2020 - 12:07:35: "Gohan<4><STEAM_ID_LAN><CT>" attacked "pirulito<5><STEAM_ID_LAN><TERRORIST>" with "sg552" (damage "28") (damage_armor "6") (health "45") (armor "87") (hitgroup "stomach")
L 03/02/2020 - 12:07:36: "pirulito<5><STEAM_ID_LAN><TERRORIST>" attacked "Gohan<4><STEAM_ID_LAN><CT>" with "ak47" (damage "142") (damage_armor "0") (health "0") (armor "0") (hitgroup "head")
L 03/02/2020 - 12:07:36: "pirulito<5><STEAM_ID_LAN><TERRORIST>" killed "Gohan<4><STEAM_ID_LAN><CT>" with "ak47" (headshot)
L 03/02/2020 - 12:07:36: Team "TERRORIST" triggered "Terrorists_Win" (CT "0") (T "4")
L 03/02/2020 - 12:07:36: Team "CT" scored "0" with "2" players
L 03/02/2020 - 12:07:36: Team "TERRORIST" scored "4" with "2" players
L 03/02/2020 - 12:07:36: World triggered "Round_End"
L 03/02/2020 - 12:07:41: World triggered "Round_Start"
L 03/02/2020 - 12:07:45: "pirulito<5><STEAM_ID_LAN><TERRORIST>" attacked "Gohan<4><STEAM_ID_LAN><CT>" with "hegrenade" (damage "9") (damage_armor "0") (health "91") (armor "0") (hitgroup "generic")
L 03/02/2020 - 12:07:47: "pirulito<5><STEAM_ID_LAN><TERRORIST>" attacked "Gohan<4><STEAM_ID_LAN><CT>" with "ak47" (damage "44") (damage_armor "0") (health "47") (armor "0") (hitgroup "stomach")
L 03/02/2020 - 12:07:47: "pirulito<5><STEAM_ID_LAN><TERRORIST>" attacked "Gohan<4><STEAM_ID_LAN><CT>" with "ak47" (damage "141") (damage_armor "0") (health "0") (armor "0") (hitgroup "head")
L 03/02/2020 - 12:07:47: "pirulito<5><STEAM_ID_LAN><TERRORIST>" killed "Gohan<4><STEAM_ID_LAN><CT>" with "ak47" (headshot)
L 03/02/2020 - 12:07:50: "pirulito<5><STEAM_ID_LAN><TERRORIST>" attacked "Mito<3><STEAM_ID_LAN><CT>" with "ak47" (damage "34") (damage_armor "0") (health "66") (armor "0") (hitgroup "right arm")
L 03/02/2020 - 12:07:50: "pirulito<5><STEAM_ID_LAN><TERRORIST>" attacked "Mito<3><STEAM_ID_LAN><CT>" with "ak47" (damage "34") (damage_armor "0") (health "32") (armor "0") (hitgroup "right arm")
L 03/02/2020 - 12:07:51: "pirulito<5><STEAM_ID_LAN><TERRORIST>" attacked "Mito<3><STEAM_ID_LAN><CT>" with "ak47" (damage "42") (damage_armor "0") (health "0") (armor "0") (hitgroup "stomach")
L 03/02/2020 - 12:07:51: "pirulito<5><STEAM_ID_LAN><TERRORIST>" killed "Mito<3><STEAM_ID_LAN><CT>" with "ak47"
L 03/02/2020 - 12:07:51: Team "TERRORIST" triggered "Terrorists_Win" (CT "0") (T "5")
L 03/02/2020 - 12:07:51: Team "CT" scored "0" with "2" players
L 03/02/2020 - 12:07:51: Team "TERRORIST" scored "5" with "2" players
L 03/02/2020 - 12:07:51: World triggered "Round_End"
L 03/02/2020 - 12:07:56: World triggered "Round_Start"
L 03/02/2020 - 12:08:06: "Pescotapa<6><STEAM_ID_LAN><TERRORIST>" attacked "Gohan<4><STEAM_ID_LAN><CT>" with "hegrenade" (damage "83") (damage_armor "0") (health "17") (armor "0") (hitgroup "generic")
L 03/02/2020 - 12:08:16: "Mito<3><STEAM_ID_LAN><CT>" attacked "pirulito<5><STEAM_ID_LAN><TERRORIST>" with "ak47" (damage "26") (damage_armor "3") (health "74") (armor "96") (hitgroup "left arm")
L 03/02/2020 - 12:08:16: "pirulito<5><STEAM_ID_LAN><TERRORIST>" attacked "Mito<3><STEAM_ID_LAN><CT>" with "ak47" (damage "137") (damage_armor "0") (health "0") (armor "0") (hitgroup "head")
L 03/02/2020 - 12:08:16: "pirulito<5><STEAM_ID_LAN><TERRORIST>" killed "Mito<3><STEAM_ID_LAN><CT>" with "ak47" (headshot)
L 03/02/2020 - 12:08:24: "Gohan<4><STEAM_ID_LAN><CT>" attacked "Pescotapa<6><STEAM_ID_LAN><TERRORIST>" with "xm1014" (damage "9") (damage_armor "4") (health "91") (armor "95") (hitgroup "left arm")
L 03/02/2020 - 12:08:29: "Pescotapa<6><STEAM_ID_LAN><TERRORIST>" attacked "Gohan<4><STEAM_ID_LAN><CT>" with "m249" (damage "23") (damage_armor "0") (health "0") (armor "0") (hitgroup "left leg")
L 03/02/2020 - 12:08:29: "Pescotapa<6><STEAM_ID_LAN><TERRORIST>" killed "Gohan<4><STEAM_ID_LAN><CT>" with "m249"
L 03/02/2020 - 12:08:29: Team "TERRORIST" triggered "Terrorists_Win" (CT "0") (T "6")
L 03/02/2020 - 12:08:29: Team "CT" scored "0" with "2" players
L 03/02/2020 - 12:08:29: Team "TERRORIST" scored "6" with "2" players
L 03/02/2020 - 12:08:29: World triggered "Round_End"
L 03/02/2020 - 12:08:35: World triggered "Round_Start"
L 03/02/2020 - 12:08:40: "pirulito<5><STEAM_ID_LAN><TERRORIST>" attacked "Mito<3><STEAM_ID_LAN><CT>" with "ak47" (damage "43") (damage_armor "0") (health "57") (armor "0") (hitgroup "stomach")
L 03/02/2020 - 12:08:41: "pirulito<5><STEAM_ID_LAN><TERRORIST>" attacked "Mito<3><STEAM_ID_LAN><CT>" with "ak47" (damage "34") (damage_armor "0") (health "23") (armor "0") (hitgroup "chest")
L 03/02/2020 - 12:08:41: "pirulito<5><STEAM_ID_LAN><TERRORIST>" attacked "Mito<3><STEAM_ID_LAN><CT>" with "ak47" (damage "34") (damage_armor "0") (health "0") (armor "0") (hitgroup "left arm")
L 03/02/2020 - 12:08:41: "pirulito<5><STEAM_ID_LAN><TERRORIST>" killed "Mito<3><STEAM_ID_LAN><CT>" with "ak47"
L 03/02/2020 - 12:08:43: "Gohan<4><STEAM_ID_LAN><CT>" attacked "Pescotapa<6><STEAM_ID_LAN><TERRORIST>" with "famas" (damage "77") (damage_armor "16") (health "23") (armor "78") (hitgroup "head")
L 03/02/2020 - 12:08:45: "Gohan<4><STEAM_ID_LAN><CT>" attacked "Pescotapa<6><STEAM_ID_LAN><TERRORIST>" with "famas" (damage "19") (damage_armor "4") (health "4") (armor "73") (hitgroup "left arm")
L 03/02/2020 - 12:08:45: "Pescotapa<6><STEAM_ID_LAN><TERRORIST>" attacked "Gohan<4><STEAM_ID_LAN><CT>" with "m249" (damage "120") (damage_armor "0") (health "0") (armor "0") (hitgroup "head")
L 03/02/2020 - 12:08:45: "Pescotapa<6><STEAM_ID_LAN><TERRORIST>" killed "Gohan<4><STEAM_ID_LAN><CT>" with "m249" (headshot)
L 03/02/2020 - 12:08:45: Team "TERRORIST" triggered "Terrorists_Win" (CT "0") (T "7")
L 03/02/2020 - 12:08:45: Team "CT" scored "0" with "2" players
L 03/02/2020 - 12:08:45: Team "TERRORIST" scored "7" with "2" players
L 03/02/2020 - 12:08:45: World triggered "Round_End"
L 03/02/2020 - 12:08:50: World triggered "Round_Start"
L 03/02/2020 - 12:08:55: "Mito<3><STEAM_ID_LAN><CT>" attacked "pirulito<5><STEAM_ID_LAN><TERRORIST>" with "mp5navy" (damage "13") (damage_armor "0") (health "87") (armor "100") (hitgroup "right leg")
L 03/02/2020 - 12:08:59: "Mito<3><STEAM_ID_LAN><CT>" attacked "pirulito<5><STEAM_ID_LAN><TERRORIST>" with "ak47" (damage "33") (damage_armor "4") (health "54") (armor "95") (hitgroup "stomach")
L 03/02/2020 - 12:09:01: "pirulito<5><STEAM_ID_LAN><TERRORIST>" attacked "Mito<3><STEAM_ID_LAN><CT>" with "ak47" (damage "34") (damage_armor "0") (health "66") (armor "0") (hitgroup "right arm")
L 03/02/2020 - 12:09:01: "pirulito<5><STEAM_ID_LAN><TERRORIST>" attacked "Mito<3><STEAM_ID_LAN><CT>" with "ak47" (damage "34") (damage_armor "0") (health "32") (armor "0") (hitgroup "chest")
L 03/02/2020 - 12:09:02: "pirulito<5><STEAM_ID_LAN><TERRORIST>" attacked "Mito<3><STEAM_ID_LAN><CT>" with "ak47" (damage "34") (damage_armor "0") (health "0") (armor "0") (hitgroup "right arm")
L 03/02/2020 - 12:09:02: "pirulito<5><STEAM_ID_LAN><TERRORIST>" killed "Mito<3><STEAM_ID_LAN><CT>" with "ak47"
L 03/02/2020 - 12:09:02: "Gohan<4><STEAM_ID_LAN><CT>" attacked "pirulito<5><STEAM_ID_LAN><TERRORIST>" with "mp5navy" (damage "11") (damage_armor "5") (health "43") (armor "89") (hitgroup "stomach")
L 03/02/2020 - 12:09:02: "pirulito<5><STEAM_ID_LAN><TERRORIST>" attacked "Gohan<4><STEAM_ID_LAN><CT>" with "ak47" (damage "137") (damage_armor "0") (health "0") (armor "0") (hitgroup "head")
L 03/02/2020 - 12:09:02: "pirulito<5><STEAM_ID_LAN><TERRORIST>" killed "Gohan<4><STEAM_ID_LAN><CT>" with "ak47" (headshot)
L 03/02/2020 - 12:09:02: Team "TERRORIST" triggered "Terrorists_Win" (CT "0") (T "8")
L 03/02/2020 - 12:09:02: Team "CT" scored "0" with "2" players
L 03/02/2020 - 12:09:02: Team "TERRORIST" scored "8" with "2" players
L 03/02/2020 - 12:09:02: World triggered "Round_End"
L 03/02/2020 - 12:09:07: World triggered "Round_Start"
L 03/02/2020 - 12:09:13: "Mito<3><STEAM_ID_LAN><CT>" attacked "pirulito<5><STEAM_ID_LAN><TERRORIST>" with "sg552" (damage "21") (damage_armor "0") (health "79") (armor "100") (hitgroup "left leg")
L 03/02/2020 - 12:09:13: "pirulito<5><STEAM_ID_LAN><TERRORIST>" attacked "Mito<3><STEAM_ID_LAN><CT>" with "ak47" (damage "33") (damage_armor "0") (health "67") (armor "0") (hitgroup "left arm")
L 03/02/2020 - 12:09:13: "pirulito<5><STEAM_ID_LAN><TERRORIST>" attacked "Mito<3><STEAM_ID_LAN><CT>" with "ak47" (damage "33") (damage_armor "0") (health "34") (armor "0") (hitgroup "chest")
L 03/02/2020 - 12:09:13: "pirulito<5><STEAM_ID_LAN><TERRORIST>" attacked "Mito<3><STEAM_ID_LAN><CT>" with "ak47" (damage "42") (damage_armor "0") (health "0") (armor "0") (hitgroup "stomach")
L 03/02/2020 - 12:09:13: "pirulito<5><STEAM_ID_LAN><TERRORIST>" killed "Mito<3><STEAM_ID_LAN><CT>" with "ak47"
L 03/02/2020 - 12:09:27: "Gohan<4><STEAM_ID_LAN><CT>" attacked "pirulito<5><STEAM_ID_LAN><TERRORIST>" with "aug" (damage "26") (damage_armor "5") (health "53") (armor "94") (hitgroup "stomach")
L 03/02/2020 - 12:09:27: "pirulito<5><STEAM_ID_LAN><TERRORIST>" attacked "Gohan<4><STEAM_ID_LAN><CT>" with "ak47" (damage "34") (damage_armor "0") (health "66") (armor "0") (hitgroup "right arm")
L 03/02/2020 - 12:09:27: "Gohan<4><STEAM_ID_LAN><CT>" attacked "pirulito<5><STEAM_ID_LAN><TERRORIST>" with "aug" (damage "22") (damage_armor "0") (health "31") (armor "94") (hitgroup "left leg")
L 03/02/2020 - 12:09:27: "pirulito<5><STEAM_ID_LAN><TERRORIST>" attacked "Gohan<4><STEAM_ID_LAN><CT>" with "ak47" (damage "34") (damage_armor "0") (health "32") (armor "0") (hitgroup "chest")
L 03/02/2020 - 12:09:27: "Gohan<4><STEAM_ID_LAN><CT>" attacked "pirulito<5><STEAM_ID_LAN><TERRORIST>" with "aug" (damage "84") (damage_armor "18") (health "0") (armor "75") (hitgroup "head")
L 03/02/2020 - 12:09:27: "Gohan<4><STEAM_ID_LAN><CT>" killed "pirulito<5><STEAM_ID_LAN><TERRORIST>" with "aug" (headshot)
L 03/02/2020 - 12:09:32: "Pescotapa<6><STEAM_ID_LAN><TERRORIST>" attacked "Gohan<4><STEAM_ID_LAN><CT>" with "aug" (damage "38") (damage_armor "0") (health "0") (armor "0") (hitgroup "stomach")
L 03/02/2020 - 12:09:32: "Pescotapa<6><STEAM_ID_LAN><TERRORIST>" killed "Gohan<4><STEAM_ID_LAN><CT>" with "aug"
L 03/02/2020 - 12:09:32: Team "TERRORIST" triggered "Terrorists_Win" (CT "0") (T "9")
L 03/02/2020 - 12:09:32: Team "CT" scored "0" with "2" players
L 03/02/2020 - 12:09:32: Team "TERRORIST" scored "9" with "2" players
L 03/02/2020 - 12:09:32: World triggered "Round_End"
L 03/02/2020 - 12:09:37: World triggered "Round_Start"
L 03/02/2020 - 12:09:41: "Mito<3><STEAM_ID_LAN><CT>" attacked "pirulito<5><STEAM_ID_LAN><TERRORIST>" with "m4a1" (damage "31") (damage_armor "0") (health "69") (armor "0") (hitgroup "left arm")
L 03/02/2020 - 12:09:51: "pirulito<5><STEAM_ID_LAN><TERRORIST>" attacked "Gohan<4><STEAM_ID_LAN><CT>" with "m4a1" (damage "39") (damage_armor "0") (health "61") (armor "0") (hitgroup "stomach")
L 03/02/2020 - 12:09:51: "pirulito<5><STEAM_ID_LAN><TERRORIST>" attacked "Gohan<4><STEAM_ID_LAN><CT>" with "m4a1" (damage "39") (damage_armor "0") (health "22") (armor "0") (hitgroup "stomach")
L 03/02/2020 - 12:09:51: "pirulito<5><STEAM_ID_LAN><TERRORIST>" attacked "Gohan<4><STEAM_ID_LAN><CT>" with "m4a1" (damage "31") (damage_armor "0") (health "0") (armor "0") (hitgroup "chest")
L 03/02/2020 - 12:09:51: "pirulito<5><STEAM_ID_LAN><TERRORIST>" killed "Gohan<4><STEAM_ID_LAN><CT>" with "m4a1"
L 03/02/2020 - 12:09:53: "Mito<3><STEAM_ID_LAN><CT>" attacked "pirulito<5><STEAM_ID_LAN><TERRORIST>" with "ak47" (damage "26") (damage_armor "0") (health "43") (armor "0") (hitgroup "left leg")
L 03/02/2020 - 12:09:54: "Mito<3><STEAM_ID_LAN><CT>" attacked "pirulito<5><STEAM_ID_LAN><TERRORIST>" with "ak47" (damage "34") (damage_armor "0") (health "9") (armor "0") (hitgroup "left arm")
L 03/02/2020 - 12:09:56: "Pescotapa<6><STEAM_ID_LAN><TERRORIST>" attacked "Mito<3><STEAM_ID_LAN><CT>" with "knife" (damage "65") (damage_armor "0") (health "35") (armor "0") (hitgroup "generic")
L 03/02/2020 - 12:09:57: "Pescotapa<6><STEAM_ID_LAN><TERRORIST>" attacked "Mito<3><STEAM_ID_LAN><CT>" with "knife" (damage "65") (damage_armor "0") (health "0") (armor "0") (hitgroup "generic")
L 03/02/2020 - 12:09:57: "Pescotapa<6><STEAM_ID_LAN><TERRORIST>" killed "Mito<3><STEAM_ID_LAN><CT>" with "knife"
L 03/02/2020 - 12:09:57: Team "TERRORIST" triggered "Terrorists_Win" (CT "0") (T "10")
L 03/02/2020 - 12:09:57: Team "CT" scored "0" with "2" players
L 03/02/2020 - 12:09:57: Team "TERRORIST" scored "10" with "2" players
L 03/02/2020 - 12:09:57: World triggered "Round_End"
L 03/02/2020 - 12:10:07: Log file closed
